[2026-04-15T15:19:32.442+0000] {local_task_job_runner.py:120} INFO - ::group::Pre task execution logs
[2026-04-15T15:19:32.468+0000] {taskinstance.py:2073} INFO - Dependencies all met for dep_context=non-requeueable deps ti=<TaskInstance: elt_pipeline_snowflake.dbt_run manual__2026-04-15T15:14:29.216169+00:00 [queued]>
[2026-04-15T15:19:32.477+0000] {taskinstance.py:2073} INFO - Dependencies all met for dep_context=requeueable deps ti=<TaskInstance: elt_pipeline_snowflake.dbt_run manual__2026-04-15T15:14:29.216169+00:00 [queued]>
[2026-04-15T15:19:32.481+0000] {taskinstance.py:2303} INFO - Starting attempt 2 of 2
[2026-04-15T15:19:32.527+0000] {taskinstance.py:2327} INFO - Executing <Task(BashOperator): dbt_run> on 2026-04-15 15:14:29.216169+00:00
[2026-04-15T15:19:32.536+0000] {logging_mixin.py:188} WARNING - /home/***/.local/lib/python3.12/site-packages/***/task/task_runner/standard_task_runner.py:61 DeprecationWarning: This process (pid=318) is multi-threaded, use of fork() may lead to deadlocks in the child.
[2026-04-15T15:19:32.535+0000] {standard_task_runner.py:90} INFO - Running: ['***', 'tasks', 'run', 'elt_pipeline_snowflake', 'dbt_run', 'manual__2026-04-15T15:14:29.216169+00:00', '--job-id', '6', '--raw', '--subdir', 'DAGS_FOLDER/elt_pipeline.py', '--cfg-path', '/tmp/tmp_7jtmv68']
[2026-04-15T15:19:32.538+0000] {standard_task_runner.py:63} INFO - Started process 321 to run task
[2026-04-15T15:19:32.538+0000] {standard_task_runner.py:91} INFO - Job 6: Subtask dbt_run
[2026-04-15T15:19:32.594+0000] {task_command.py:426} INFO - Running <TaskInstance: elt_pipeline_snowflake.dbt_run manual__2026-04-15T15:14:29.216169+00:00 [running]> on host 060e4f29fd1f
[2026-04-15T15:19:32.670+0000] {taskinstance.py:2644} INFO - Exporting env vars: AIRFLOW_CTX_DAG_OWNER='juan' AIRFLOW_CTX_DAG_ID='elt_pipeline_snowflake' AIRFLOW_CTX_TASK_ID='dbt_run' AIRFLOW_CTX_EXECUTION_DATE='2026-04-15T15:14:29.216169+00:00' AIRFLOW_CTX_TRY_NUMBER='2' AIRFLOW_CTX_DAG_RUN_ID='manual__2026-04-15T15:14:29.216169+00:00'
[2026-04-15T15:19:32.671+0000] {taskinstance.py:430} INFO - ::endgroup::
[2026-04-15T15:19:32.685+0000] {subprocess.py:63} INFO - Tmp dir root location: /tmp
[2026-04-15T15:19:32.686+0000] {subprocess.py:75} INFO - Running command: ['/usr/bin/bash', '-c', '\n        set -a\n        source /opt/***/.env\n        set +a\n\n        cd /opt/***/dbt_project\n        dbt run\n        ']
[2026-04-15T15:19:32.694+0000] {subprocess.py:86} INFO - Output:
[2026-04-15T15:19:32.698+0000] {subprocess.py:93} INFO - /usr/bin/bash: line 7: dbt: command not found
[2026-04-15T15:19:32.699+0000] {subprocess.py:97} INFO - Command exited with return code 127
[2026-04-15T15:19:32.700+0000] {taskinstance.py:441} INFO - ::group::Post task execution logs
[2026-04-15T15:19:32.710+0000] {taskinstance.py:2890} ERROR - Task failed with exception
Traceback (most recent call last):
  File "/home/airflow/.local/lib/python3.12/site-packages/airflow/models/taskinstance.py", line 465, in _execute_task
    result = _execute_callable(context=context, **execute_callable_kwargs)
             ^^^^^^^^^^^^^^^^^^^^^^^^^^^^^^^^^^^^^^^^^^^^^^^^^^^^^^^^^^^^^
  File "/home/airflow/.local/lib/python3.12/site-packages/airflow/models/taskinstance.py", line 432, in _execute_callable
    return execute_callable(context=context, **execute_callable_kwargs)
           ^^^^^^^^^^^^^^^^^^^^^^^^^^^^^^^^^^^^^^^^^^^^^^^^^^^^^^^^^^^^
  File "/home/airflow/.local/lib/python3.12/site-packages/airflow/models/baseoperator.py", line 400, in wrapper
    return func(self, *args, **kwargs)
           ^^^^^^^^^^^^^^^^^^^^^^^^^^^
  File "/home/airflow/.local/lib/python3.12/site-packages/airflow/operators/bash.py", line 243, in execute
    raise AirflowException(
airflow.exceptions.AirflowException: Bash command failed. The command returned a non-zero exit code 127.
[2026-04-15T15:19:32.714+0000] {taskinstance.py:1205} INFO - Marking task as FAILED. dag_id=elt_pipeline_snowflake, task_id=dbt_run, execution_date=20260415T151429, start_date=20260415T151932, end_date=20260415T151932
[2026-04-15T15:19:32.766+0000] {standard_task_runner.py:110} ERROR - Failed to execute job 6 for task dbt_run (Bash command failed. The command returned a non-zero exit code 127.; 321)
[2026-04-15T15:19:32.792+0000] {local_task_job_runner.py:240} INFO - Task exited with return code 1
[2026-04-15T15:19:32.809+0000] {taskinstance.py:3482} INFO - 0 downstream tasks scheduled from follow-on schedule check
[2026-04-15T15:19:32.815+0000] {local_task_job_runner.py:222} INFO - ::endgroup::
