[2026-04-16T22:44:26.788+0000] {local_task_job_runner.py:120} INFO - ::group::Pre task execution logs
[2026-04-16T22:44:26.811+0000] {taskinstance.py:2073} INFO - Dependencies all met for dep_context=non-requeueable deps ti=<TaskInstance: elt_pipeline_snowflake.dbt_run manual__2026-04-16T22:39:08.212995+00:00 [queued]>
[2026-04-16T22:44:26.818+0000] {taskinstance.py:2073} INFO - Dependencies all met for dep_context=requeueable deps ti=<TaskInstance: elt_pipeline_snowflake.dbt_run manual__2026-04-16T22:39:08.212995+00:00 [queued]>
[2026-04-16T22:44:26.819+0000] {taskinstance.py:2303} INFO - Starting attempt 2 of 2
[2026-04-16T22:44:26.832+0000] {taskinstance.py:2327} INFO - Executing <Task(BashOperator): dbt_run> on 2026-04-16 22:39:08.212995+00:00
[2026-04-16T22:44:26.838+0000] {standard_task_runner.py:90} INFO - Running: ['***', 'tasks', 'run', 'elt_pipeline_snowflake', 'dbt_run', 'manual__2026-04-16T22:39:08.212995+00:00', '--job-id', '71', '--raw', '--subdir', 'DAGS_FOLDER/elt_pipeline.py', '--cfg-path', '/tmp/tmp13tofkae']
[2026-04-16T22:44:26.841+0000] {standard_task_runner.py:91} INFO - Job 71: Subtask dbt_run
[2026-04-16T22:44:26.841+0000] {logging_mixin.py:188} WARNING - /home/***/.local/lib/python3.12/site-packages/***/task/task_runner/standard_task_runner.py:61 DeprecationWarning: This process (pid=2401) is multi-threaded, use of fork() may lead to deadlocks in the child.
[2026-04-16T22:44:26.842+0000] {standard_task_runner.py:63} INFO - Started process 2405 to run task
[2026-04-16T22:44:26.886+0000] {task_command.py:426} INFO - Running <TaskInstance: elt_pipeline_snowflake.dbt_run manual__2026-04-16T22:39:08.212995+00:00 [running]> on host 8abcf8b261db
[2026-04-16T22:44:26.961+0000] {taskinstance.py:2644} INFO - Exporting env vars: AIRFLOW_CTX_DAG_OWNER='juan' AIRFLOW_CTX_DAG_ID='elt_pipeline_snowflake' AIRFLOW_CTX_TASK_ID='dbt_run' AIRFLOW_CTX_EXECUTION_DATE='2026-04-16T22:39:08.212995+00:00' AIRFLOW_CTX_TRY_NUMBER='2' AIRFLOW_CTX_DAG_RUN_ID='manual__2026-04-16T22:39:08.212995+00:00'
[2026-04-16T22:44:26.963+0000] {taskinstance.py:430} INFO - ::endgroup::
[2026-04-16T22:44:26.978+0000] {subprocess.py:63} INFO - Tmp dir root location: /tmp
[2026-04-16T22:44:26.982+0000] {subprocess.py:75} INFO - Running command: ['/usr/bin/bash', '-c', '\n        set -a\n        source /opt/***/.env\n        set +a\n\n        cd /opt/***/elt_project\n        /home/***/.local/bin/dbt run --profiles-dir /opt/***/elt_project\n        ']
[2026-04-16T22:44:26.990+0000] {subprocess.py:86} INFO - Output:
[2026-04-16T22:44:28.963+0000] {subprocess.py:93} INFO - [0m22:44:28  Running with dbt=1.11.8
[2026-04-16T22:44:29.872+0000] {subprocess.py:93} INFO - [0m22:44:29  Registered adapter: snowflake=1.11.4
[2026-04-16T22:44:29.984+0000] {subprocess.py:93} INFO - [0m22:44:29  Unable to do partial parsing because saved manifest not found. Starting full parse.
[2026-04-16T22:44:30.160+0000] {subprocess.py:93} INFO - [0m22:44:30  [[33mWARNING[0m][PropertyMovedToConfigDeprecation]: Deprecated functionality
[2026-04-16T22:44:30.161+0000] {subprocess.py:93} INFO - Found `freshness` as a top-level property of `sources[0].tables[0]` in file
[2026-04-16T22:44:30.161+0000] {subprocess.py:93} INFO - `models/staging/sources.yml`. The `freshness` top-level property should be moved
[2026-04-16T22:44:30.162+0000] {subprocess.py:93} INFO - into the `config` of `sources[0].tables[0]`.
[2026-04-16T22:44:31.773+0000] {subprocess.py:93} INFO - [0m22:44:31  Found 4 models, 9 data tests, 1 source, 524 macros
[2026-04-16T22:44:31.779+0000] {subprocess.py:93} INFO - [0m22:44:31
[2026-04-16T22:44:31.781+0000] {subprocess.py:93} INFO - [0m22:44:31  Concurrency: 4 threads (target='dev')
[2026-04-16T22:44:31.783+0000] {subprocess.py:93} INFO - [0m22:44:31
[2026-04-16T22:44:35.206+0000] {subprocess.py:93} INFO - [0m22:44:35  1 of 4 START sql incremental model staging.stg_orders .......................... [RUN]
[2026-04-16T22:44:37.884+0000] {subprocess.py:93} INFO - [0m22:44:37  1 of 4 OK created sql incremental model staging.stg_orders ..................... [[32mSUCCESS 0[0m in 2.67s]
[2026-04-16T22:44:37.890+0000] {subprocess.py:93} INFO - [0m22:44:37  2 of 4 START sql table model marts.dim_customers ............................... [RUN]
[2026-04-16T22:44:37.892+0000] {subprocess.py:93} INFO - [0m22:44:37  3 of 4 START sql incremental model marts.fact_orders ........................... [RUN]
[2026-04-16T22:44:37.893+0000] {subprocess.py:93} INFO - [0m22:44:37  4 of 4 START sql table model marts.orders_summary .............................. [RUN]
[2026-04-16T22:44:39.219+0000] {subprocess.py:93} INFO - [0m22:44:39  4 of 4 OK created sql table model marts.orders_summary ......................... [[32mSUCCESS 634[0m in 1.32s]
[2026-04-16T22:44:40.835+0000] {subprocess.py:93} INFO - [0m22:44:40  2 of 4 OK created sql table model marts.dim_customers .......................... [[32mSUCCESS 99441[0m in 2.94s]
[2026-04-16T22:44:44.533+0000] {subprocess.py:93} INFO - [0m22:44:44  3 of 4 OK created sql incremental model marts.fact_orders ...................... [[32mSUCCESS 99441[0m in 6.63s]
[2026-04-16T22:44:45.819+0000] {subprocess.py:93} INFO - [0m22:44:45
[2026-04-16T22:44:45.822+0000] {subprocess.py:93} INFO - [0m22:44:45  Finished running 2 incremental models, 2 table models in 0 hours 0 minutes and 14.03 seconds (14.03s).
[2026-04-16T22:44:45.917+0000] {subprocess.py:93} INFO - [0m22:44:45
[2026-04-16T22:44:45.918+0000] {subprocess.py:93} INFO - [0m22:44:45  [32mCompleted successfully[0m
[2026-04-16T22:44:45.919+0000] {subprocess.py:93} INFO - [0m22:44:45
[2026-04-16T22:44:45.921+0000] {subprocess.py:93} INFO - [0m22:44:45  Done. PASS=4 WARN=0 ERROR=0 SKIP=0 NO-OP=0 TOTAL=4
[2026-04-16T22:44:45.935+0000] {subprocess.py:93} INFO - [0m22:44:45  [[33mWARNING[0m][DeprecationsSummary]: Deprecated functionality
[2026-04-16T22:44:45.936+0000] {subprocess.py:93} INFO - Summary of encountered deprecations:
[2026-04-16T22:44:45.937+0000] {subprocess.py:93} INFO - - PropertyMovedToConfigDeprecation: 2 occurrences
[2026-04-16T22:44:45.937+0000] {subprocess.py:93} INFO - To see all deprecation instances instead of just the first occurrence of each,
[2026-04-16T22:44:45.938+0000] {subprocess.py:93} INFO - run command again with the `--show-all-deprecations` flag. You may also need to
[2026-04-16T22:44:45.938+0000] {subprocess.py:93} INFO - run with `--no-partial-parse` as some deprecations are only encountered during
[2026-04-16T22:44:45.938+0000] {subprocess.py:93} INFO - parsing.
[2026-04-16T22:44:46.988+0000] {subprocess.py:97} INFO - Command exited with return code 0
[2026-04-16T22:44:46.990+0000] {taskinstance.py:441} INFO - ::group::Post task execution logs
[2026-04-16T22:44:47.011+0000] {taskinstance.py:1205} INFO - Marking task as SUCCESS. dag_id=elt_pipeline_snowflake, task_id=dbt_run, execution_date=20260416T223908, start_date=20260416T224426, end_date=20260416T224447
[2026-04-16T22:44:47.043+0000] {local_task_job_runner.py:240} INFO - Task exited with return code 0
[2026-04-16T22:44:47.058+0000] {taskinstance.py:3482} INFO - 1 downstream tasks scheduled from follow-on schedule check
[2026-04-16T22:44:47.062+0000] {local_task_job_runner.py:222} INFO - ::endgroup::
