[2026-04-15T15:47:28.749+0000] {local_task_job_runner.py:120} INFO - ::group::Pre task execution logs
[2026-04-15T15:47:28.776+0000] {taskinstance.py:2073} INFO - Dependencies all met for dep_context=non-requeueable deps ti=<TaskInstance: elt_pipeline_snowflake.dbt_run manual__2026-04-15T15:42:21.733974+00:00 [queued]>
[2026-04-15T15:47:28.787+0000] {taskinstance.py:2073} INFO - Dependencies all met for dep_context=requeueable deps ti=<TaskInstance: elt_pipeline_snowflake.dbt_run manual__2026-04-15T15:42:21.733974+00:00 [queued]>
[2026-04-15T15:47:28.799+0000] {taskinstance.py:2303} INFO - Starting attempt 2 of 2
[2026-04-15T15:47:28.862+0000] {taskinstance.py:2327} INFO - Executing <Task(BashOperator): dbt_run> on 2026-04-15 15:42:21.733974+00:00
[2026-04-15T15:47:28.873+0000] {standard_task_runner.py:90} INFO - Running: ['***', 'tasks', 'run', 'elt_pipeline_snowflake', 'dbt_run', 'manual__2026-04-15T15:42:21.733974+00:00', '--job-id', '8', '--raw', '--subdir', 'DAGS_FOLDER/elt_pipeline.py', '--cfg-path', '/tmp/tmpef8x1h42']
[2026-04-15T15:47:28.879+0000] {logging_mixin.py:188} WARNING - /home/***/.local/lib/python3.12/site-packages/***/task/task_runner/standard_task_runner.py:61 DeprecationWarning: This process (pid=467) is multi-threaded, use of fork() may lead to deadlocks in the child.
[2026-04-15T15:47:28.883+0000] {standard_task_runner.py:91} INFO - Job 8: Subtask dbt_run
[2026-04-15T15:47:28.887+0000] {standard_task_runner.py:63} INFO - Started process 468 to run task
[2026-04-15T15:47:29.002+0000] {task_command.py:426} INFO - Running <TaskInstance: elt_pipeline_snowflake.dbt_run manual__2026-04-15T15:42:21.733974+00:00 [running]> on host 93e181e324b5
[2026-04-15T15:47:29.177+0000] {taskinstance.py:2644} INFO - Exporting env vars: AIRFLOW_CTX_DAG_OWNER='juan' AIRFLOW_CTX_DAG_ID='elt_pipeline_snowflake' AIRFLOW_CTX_TASK_ID='dbt_run' AIRFLOW_CTX_EXECUTION_DATE='2026-04-15T15:42:21.733974+00:00' AIRFLOW_CTX_TRY_NUMBER='2' AIRFLOW_CTX_DAG_RUN_ID='manual__2026-04-15T15:42:21.733974+00:00'
[2026-04-15T15:47:29.178+0000] {taskinstance.py:430} INFO - ::endgroup::
[2026-04-15T15:47:29.192+0000] {subprocess.py:63} INFO - Tmp dir root location: /tmp
[2026-04-15T15:47:29.195+0000] {subprocess.py:75} INFO - Running command: ['/usr/bin/bash', '-c', '\n        set -a\n        source /opt/***/.env\n        set +a\n\n        cd /opt/***/dbt_project\n        dbt run\n        ']
[2026-04-15T15:47:29.203+0000] {subprocess.py:86} INFO - Output:
[2026-04-15T15:47:30.986+0000] {subprocess.py:93} INFO - Usage: dbt run [OPTIONS]
[2026-04-15T15:47:30.987+0000] {subprocess.py:93} INFO - Try 'dbt run -h' for help.
[2026-04-15T15:47:30.988+0000] {subprocess.py:93} INFO - 
[2026-04-15T15:47:30.988+0000] {subprocess.py:93} INFO - Error: Invalid value for '--profiles-dir': Path './dbt' does not exist.
[2026-04-15T15:47:31.201+0000] {subprocess.py:97} INFO - Command exited with return code 2
[2026-04-15T15:47:31.202+0000] {taskinstance.py:441} INFO - ::group::Post task execution logs
[2026-04-15T15:47:31.213+0000] {taskinstance.py:2890} ERROR - Task failed with exception
Traceback (most recent call last):
  File "/home/airflow/.local/lib/python3.12/site-packages/airflow/models/taskinstance.py", line 465, in _execute_task
    result = _execute_callable(context=context, **execute_callable_kwargs)
             ^^^^^^^^^^^^^^^^^^^^^^^^^^^^^^^^^^^^^^^^^^^^^^^^^^^^^^^^^^^^^
  File "/home/airflow/.local/lib/python3.12/site-packages/airflow/models/taskinstance.py", line 432, in _execute_callable
    return execute_callable(context=context, **execute_callable_kwargs)
           ^^^^^^^^^^^^^^^^^^^^^^^^^^^^^^^^^^^^^^^^^^^^^^^^^^^^^^^^^^^^
  File "/home/airflow/.local/lib/python3.12/site-packages/airflow/models/baseoperator.py", line 400, in wrapper
    return func(self, *args, **kwargs)
           ^^^^^^^^^^^^^^^^^^^^^^^^^^^
  File "/home/airflow/.local/lib/python3.12/site-packages/airflow/operators/bash.py", line 243, in execute
    raise AirflowException(
airflow.exceptions.AirflowException: Bash command failed. The command returned a non-zero exit code 2.
[2026-04-15T15:47:31.217+0000] {taskinstance.py:1205} INFO - Marking task as FAILED. dag_id=elt_pipeline_snowflake, task_id=dbt_run, execution_date=20260415T154221, start_date=20260415T154728, end_date=20260415T154731
[2026-04-15T15:47:31.282+0000] {standard_task_runner.py:110} ERROR - Failed to execute job 8 for task dbt_run (Bash command failed. The command returned a non-zero exit code 2.; 468)
[2026-04-15T15:47:31.313+0000] {local_task_job_runner.py:240} INFO - Task exited with return code 1
[2026-04-15T15:47:31.333+0000] {taskinstance.py:3482} INFO - 0 downstream tasks scheduled from follow-on schedule check
[2026-04-15T15:47:31.356+0000] {local_task_job_runner.py:222} INFO - ::endgroup::
