[2026-04-15T15:42:23.765+0000] {local_task_job_runner.py:120} INFO - ::group::Pre task execution logs
[2026-04-15T15:42:23.794+0000] {taskinstance.py:2073} INFO - Dependencies all met for dep_context=non-requeueable deps ti=<TaskInstance: elt_pipeline_snowflake.dbt_run manual__2026-04-15T15:42:21.733974+00:00 [queued]>
[2026-04-15T15:42:23.802+0000] {taskinstance.py:2073} INFO - Dependencies all met for dep_context=requeueable deps ti=<TaskInstance: elt_pipeline_snowflake.dbt_run manual__2026-04-15T15:42:21.733974+00:00 [queued]>
[2026-04-15T15:42:23.802+0000] {taskinstance.py:2303} INFO - Starting attempt 1 of 2
[2026-04-15T15:42:23.819+0000] {taskinstance.py:2327} INFO - Executing <Task(BashOperator): dbt_run> on 2026-04-15 15:42:21.733974+00:00
[2026-04-15T15:42:23.826+0000] {standard_task_runner.py:90} INFO - Running: ['***', 'tasks', 'run', 'elt_pipeline_snowflake', 'dbt_run', 'manual__2026-04-15T15:42:21.733974+00:00', '--job-id', '5', '--raw', '--subdir', 'DAGS_FOLDER/elt_pipeline.py', '--cfg-path', '/tmp/tmp20b87ty9']
[2026-04-15T15:42:23.828+0000] {standard_task_runner.py:91} INFO - Job 5: Subtask dbt_run
[2026-04-15T15:42:23.830+0000] {logging_mixin.py:188} WARNING - /home/***/.local/lib/python3.12/site-packages/***/task/task_runner/standard_task_runner.py:61 DeprecationWarning: This process (pid=403) is multi-threaded, use of fork() may lead to deadlocks in the child.
[2026-04-15T15:42:23.831+0000] {standard_task_runner.py:63} INFO - Started process 405 to run task
[2026-04-15T15:42:23.880+0000] {task_command.py:426} INFO - Running <TaskInstance: elt_pipeline_snowflake.dbt_run manual__2026-04-15T15:42:21.733974+00:00 [running]> on host 93e181e324b5
[2026-04-15T15:42:23.963+0000] {taskinstance.py:2644} INFO - Exporting env vars: AIRFLOW_CTX_DAG_OWNER='juan' AIRFLOW_CTX_DAG_ID='elt_pipeline_snowflake' AIRFLOW_CTX_TASK_ID='dbt_run' AIRFLOW_CTX_EXECUTION_DATE='2026-04-15T15:42:21.733974+00:00' AIRFLOW_CTX_TRY_NUMBER='1' AIRFLOW_CTX_DAG_RUN_ID='manual__2026-04-15T15:42:21.733974+00:00'
[2026-04-15T15:42:23.965+0000] {taskinstance.py:430} INFO - ::endgroup::
[2026-04-15T15:42:23.979+0000] {subprocess.py:63} INFO - Tmp dir root location: /tmp
[2026-04-15T15:42:23.981+0000] {subprocess.py:75} INFO - Running command: ['/usr/bin/bash', '-c', '\n        set -a\n        source /opt/***/.env\n        set +a\n\n        cd /opt/***/dbt_project\n        dbt run\n        ']
[2026-04-15T15:42:23.988+0000] {subprocess.py:86} INFO - Output:
[2026-04-15T15:42:27.344+0000] {subprocess.py:93} INFO - Usage: dbt run [OPTIONS]
[2026-04-15T15:42:27.345+0000] {subprocess.py:93} INFO - Try 'dbt run -h' for help.
[2026-04-15T15:42:27.346+0000] {subprocess.py:93} INFO - 
[2026-04-15T15:42:27.347+0000] {subprocess.py:93} INFO - Error: Invalid value for '--profiles-dir': Path './dbt' does not exist.
[2026-04-15T15:42:27.596+0000] {subprocess.py:97} INFO - Command exited with return code 2
[2026-04-15T15:42:27.598+0000] {taskinstance.py:441} INFO - ::group::Post task execution logs
[2026-04-15T15:42:27.609+0000] {taskinstance.py:2890} ERROR - Task failed with exception
Traceback (most recent call last):
  File "/home/airflow/.local/lib/python3.12/site-packages/airflow/models/taskinstance.py", line 465, in _execute_task
    result = _execute_callable(context=context, **execute_callable_kwargs)
             ^^^^^^^^^^^^^^^^^^^^^^^^^^^^^^^^^^^^^^^^^^^^^^^^^^^^^^^^^^^^^
  File "/home/airflow/.local/lib/python3.12/site-packages/airflow/models/taskinstance.py", line 432, in _execute_callable
    return execute_callable(context=context, **execute_callable_kwargs)
           ^^^^^^^^^^^^^^^^^^^^^^^^^^^^^^^^^^^^^^^^^^^^^^^^^^^^^^^^^^^^
  File "/home/airflow/.local/lib/python3.12/site-packages/airflow/models/baseoperator.py", line 400, in wrapper
    return func(self, *args, **kwargs)
           ^^^^^^^^^^^^^^^^^^^^^^^^^^^
  File "/home/airflow/.local/lib/python3.12/site-packages/airflow/operators/bash.py", line 243, in execute
    raise AirflowException(
airflow.exceptions.AirflowException: Bash command failed. The command returned a non-zero exit code 2.
[2026-04-15T15:42:27.615+0000] {taskinstance.py:1205} INFO - Marking task as UP_FOR_RETRY. dag_id=elt_pipeline_snowflake, task_id=dbt_run, execution_date=20260415T154221, start_date=20260415T154223, end_date=20260415T154227
[2026-04-15T15:42:27.630+0000] {standard_task_runner.py:110} ERROR - Failed to execute job 5 for task dbt_run (Bash command failed. The command returned a non-zero exit code 2.; 405)
[2026-04-15T15:42:27.657+0000] {local_task_job_runner.py:240} INFO - Task exited with return code 1
[2026-04-15T15:42:27.677+0000] {taskinstance.py:3482} INFO - 0 downstream tasks scheduled from follow-on schedule check
[2026-04-15T15:42:27.681+0000] {local_task_job_runner.py:222} INFO - ::endgroup::
