[2026-04-16T03:58:57.808+0000] {local_task_job_runner.py:120} INFO - ::group::Pre task execution logs
[2026-04-16T03:58:57.829+0000] {taskinstance.py:2073} INFO - Dependencies all met for dep_context=non-requeueable deps ti=<TaskInstance: elt_pipeline_snowflake.dbt_run manual__2026-04-16T03:58:49.157260+00:00 [queued]>
[2026-04-16T03:58:57.836+0000] {taskinstance.py:2073} INFO - Dependencies all met for dep_context=requeueable deps ti=<TaskInstance: elt_pipeline_snowflake.dbt_run manual__2026-04-16T03:58:49.157260+00:00 [queued]>
[2026-04-16T03:58:57.838+0000] {taskinstance.py:2303} INFO - Starting attempt 1 of 2
[2026-04-16T03:58:57.850+0000] {taskinstance.py:2327} INFO - Executing <Task(BashOperator): dbt_run> on 2026-04-16 03:58:49.157260+00:00
[2026-04-16T03:58:57.857+0000] {logging_mixin.py:188} WARNING - /home/***/.local/lib/python3.12/site-packages/***/task/task_runner/standard_task_runner.py:61 DeprecationWarning: This process (pid=3304) is multi-threaded, use of fork() may lead to deadlocks in the child.
[2026-04-16T03:58:57.857+0000] {standard_task_runner.py:90} INFO - Running: ['***', 'tasks', 'run', 'elt_pipeline_snowflake', 'dbt_run', 'manual__2026-04-16T03:58:49.157260+00:00', '--job-id', '45', '--raw', '--subdir', 'DAGS_FOLDER/elt_pipeline.py', '--cfg-path', '/tmp/tmp79y_4fwu']
[2026-04-16T03:58:57.858+0000] {standard_task_runner.py:63} INFO - Started process 3308 to run task
[2026-04-16T03:58:57.859+0000] {standard_task_runner.py:91} INFO - Job 45: Subtask dbt_run
[2026-04-16T03:58:57.929+0000] {task_command.py:426} INFO - Running <TaskInstance: elt_pipeline_snowflake.dbt_run manual__2026-04-16T03:58:49.157260+00:00 [running]> on host 8abcf8b261db
[2026-04-16T03:58:58.005+0000] {taskinstance.py:2644} INFO - Exporting env vars: AIRFLOW_CTX_DAG_OWNER='juan' AIRFLOW_CTX_DAG_ID='elt_pipeline_snowflake' AIRFLOW_CTX_TASK_ID='dbt_run' AIRFLOW_CTX_EXECUTION_DATE='2026-04-16T03:58:49.157260+00:00' AIRFLOW_CTX_TRY_NUMBER='1' AIRFLOW_CTX_DAG_RUN_ID='manual__2026-04-16T03:58:49.157260+00:00'
[2026-04-16T03:58:58.006+0000] {taskinstance.py:430} INFO - ::endgroup::
[2026-04-16T03:58:58.016+0000] {subprocess.py:63} INFO - Tmp dir root location: /tmp
[2026-04-16T03:58:58.017+0000] {subprocess.py:75} INFO - Running command: ['/usr/bin/bash', '-c', '\n        set -a\n        source /opt/***/.env\n        set +a\n\n        cd /opt/***/elt_project\n        /home/***/.local/bin/dbt run --profiles-dir /opt/***/elt_project\n        ']
[2026-04-16T03:58:58.026+0000] {subprocess.py:86} INFO - Output:
[2026-04-16T03:59:00.727+0000] {subprocess.py:93} INFO - [0m03:59:00  Running with dbt=1.11.8
[2026-04-16T03:59:01.880+0000] {subprocess.py:93} INFO - [0m03:59:01  Registered adapter: snowflake=1.11.4
[2026-04-16T03:59:02.471+0000] {subprocess.py:93} INFO - [0m03:59:02  [[33mWARNING[0m]: Configuration paths exist in your dbt_project.yml file which do not apply to any resources.
[2026-04-16T03:59:02.471+0000] {subprocess.py:93} INFO - There are 2 unused configuration paths:
[2026-04-16T03:59:02.472+0000] {subprocess.py:93} INFO - - models.elt_project.marts
[2026-04-16T03:59:02.472+0000] {subprocess.py:93} INFO - - models.elt_project.intermediate
[2026-04-16T03:59:02.707+0000] {subprocess.py:93} INFO - [0m03:59:02  Found 4 models, 12 data tests, 1 source, 523 macros
[2026-04-16T03:59:02.713+0000] {subprocess.py:93} INFO - [0m03:59:02
[2026-04-16T03:59:02.715+0000] {subprocess.py:93} INFO - [0m03:59:02  Concurrency: 4 threads (target='dev')
[2026-04-16T03:59:02.717+0000] {subprocess.py:93} INFO - [0m03:59:02
[2026-04-16T03:59:05.439+0000] {subprocess.py:93} INFO - [0m03:59:05  1 of 4 START sql incremental model staging.stg_orders .......................... [RUN]
[2026-04-16T03:59:07.467+0000] {subprocess.py:93} INFO - [0m03:59:07  1 of 4 OK created sql incremental model staging.stg_orders ..................... [[32mSUCCESS 0[0m in 2.02s]
[2026-04-16T03:59:07.490+0000] {subprocess.py:93} INFO - [0m03:59:07  2 of 4 START sql view model staging.dim_customers .............................. [RUN]
[2026-04-16T03:59:07.492+0000] {subprocess.py:93} INFO - [0m03:59:07  3 of 4 START sql view model staging.fact_orders ................................ [RUN]
[2026-04-16T03:59:07.494+0000] {subprocess.py:93} INFO - [0m03:59:07  4 of 4 START sql view model staging.orders_summary ............................. [RUN]
[2026-04-16T03:59:08.716+0000] {subprocess.py:93} INFO - [0m03:59:08  4 of 4 OK created sql view model staging.orders_summary ........................ [[32mSUCCESS 1[0m in 1.21s]
[2026-04-16T03:59:09.189+0000] {subprocess.py:93} INFO - [0m03:59:09  2 of 4 OK created sql view model staging.dim_customers ......................... [[32mSUCCESS 1[0m in 1.69s]
[2026-04-16T03:59:09.256+0000] {subprocess.py:93} INFO - [0m03:59:09  3 of 4 OK created sql view model staging.fact_orders ........................... [[32mSUCCESS 1[0m in 1.76s]
[2026-04-16T03:59:10.295+0000] {subprocess.py:93} INFO - [0m03:59:10
[2026-04-16T03:59:10.297+0000] {subprocess.py:93} INFO - [0m03:59:10  Finished running 1 incremental model, 3 view models in 0 hours 0 minutes and 7.58 seconds (7.58s).
[2026-04-16T03:59:10.387+0000] {subprocess.py:93} INFO - [0m03:59:10
[2026-04-16T03:59:10.388+0000] {subprocess.py:93} INFO - [0m03:59:10  [32mCompleted successfully[0m
[2026-04-16T03:59:10.390+0000] {subprocess.py:93} INFO - [0m03:59:10
[2026-04-16T03:59:10.392+0000] {subprocess.py:93} INFO - [0m03:59:10  Done. PASS=4 WARN=0 ERROR=0 SKIP=0 NO-OP=0 TOTAL=4
[2026-04-16T03:59:12.175+0000] {subprocess.py:97} INFO - Command exited with return code 0
[2026-04-16T03:59:12.176+0000] {taskinstance.py:441} INFO - ::group::Post task execution logs
[2026-04-16T03:59:12.199+0000] {taskinstance.py:1205} INFO - Marking task as SUCCESS. dag_id=elt_pipeline_snowflake, task_id=dbt_run, execution_date=20260416T035849, start_date=20260416T035857, end_date=20260416T035912
[2026-04-16T03:59:12.251+0000] {local_task_job_runner.py:240} INFO - Task exited with return code 0
[2026-04-16T03:59:12.266+0000] {taskinstance.py:3482} INFO - 1 downstream tasks scheduled from follow-on schedule check
[2026-04-16T03:59:12.270+0000] {local_task_job_runner.py:222} INFO - ::endgroup::
