[2026-04-16T22:11:06.098+0000] {local_task_job_runner.py:120} INFO - ::group::Pre task execution logs
[2026-04-16T22:11:06.144+0000] {taskinstance.py:2073} INFO - Dependencies all met for dep_context=non-requeueable deps ti=<TaskInstance: elt_pipeline_snowflake.extract_load manual__2026-04-16T22:11:04.696615+00:00 [queued]>
[2026-04-16T22:11:06.154+0000] {taskinstance.py:2073} INFO - Dependencies all met for dep_context=requeueable deps ti=<TaskInstance: elt_pipeline_snowflake.extract_load manual__2026-04-16T22:11:04.696615+00:00 [queued]>
[2026-04-16T22:11:06.158+0000] {taskinstance.py:2303} INFO - Starting attempt 1 of 2
[2026-04-16T22:11:06.191+0000] {taskinstance.py:2327} INFO - Executing <Task(PythonOperator): extract_load> on 2026-04-16 22:11:04.696615+00:00
[2026-04-16T22:11:06.201+0000] {standard_task_runner.py:90} INFO - Running: ['***', 'tasks', 'run', 'elt_pipeline_snowflake', 'extract_load', 'manual__2026-04-16T22:11:04.696615+00:00', '--job-id', '66', '--raw', '--subdir', 'DAGS_FOLDER/elt_pipeline.py', '--cfg-path', '/tmp/tmphfi99v20']
[2026-04-16T22:11:06.205+0000] {standard_task_runner.py:91} INFO - Job 66: Subtask extract_load
[2026-04-16T22:11:06.205+0000] {logging_mixin.py:188} WARNING - /home/***/.local/lib/python3.12/site-packages/***/task/task_runner/standard_task_runner.py:61 DeprecationWarning: This process (pid=1752) is multi-threaded, use of fork() may lead to deadlocks in the child.
[2026-04-16T22:11:06.207+0000] {standard_task_runner.py:63} INFO - Started process 1756 to run task
[2026-04-16T22:11:06.280+0000] {task_command.py:426} INFO - Running <TaskInstance: elt_pipeline_snowflake.extract_load manual__2026-04-16T22:11:04.696615+00:00 [running]> on host 8abcf8b261db
[2026-04-16T22:11:06.438+0000] {taskinstance.py:2644} INFO - Exporting env vars: AIRFLOW_CTX_DAG_OWNER='juan' AIRFLOW_CTX_DAG_ID='elt_pipeline_snowflake' AIRFLOW_CTX_TASK_ID='extract_load' AIRFLOW_CTX_EXECUTION_DATE='2026-04-16T22:11:04.696615+00:00' AIRFLOW_CTX_TRY_NUMBER='1' AIRFLOW_CTX_DAG_RUN_ID='manual__2026-04-16T22:11:04.696615+00:00'
[2026-04-16T22:11:06.439+0000] {taskinstance.py:430} INFO - ::endgroup::
[2026-04-16T22:11:06.471+0000] {connection.py:620} INFO - Snowflake Connector for Python Version: 4.4.0, Python Version: 3.12.2, Platform: Linux-5.15.167.4-microsoft-standard-WSL2-x86_64-with-glibc2.36
[2026-04-16T22:11:06.472+0000] {connection.py:1716} INFO - Connecting to GLOBAL Snowflake domain
[2026-04-16T22:11:06.696+0000] {credentials.py:1147} INFO - Found credentials in environment variables.
[2026-04-16T22:11:13.087+0000] {python.py:237} INFO - Done. Returned value was: None
[2026-04-16T22:11:13.089+0000] {taskinstance.py:441} INFO - ::group::Post task execution logs
[2026-04-16T22:11:13.101+0000] {taskinstance.py:1205} INFO - Marking task as SUCCESS. dag_id=elt_pipeline_snowflake, task_id=extract_load, execution_date=20260416T221104, start_date=20260416T221106, end_date=20260416T221113
[2026-04-16T22:11:13.119+0000] {local_task_job_runner.py:240} INFO - Task exited with return code 0
[2026-04-16T22:11:13.138+0000] {taskinstance.py:3482} INFO - 1 downstream tasks scheduled from follow-on schedule check
[2026-04-16T22:11:13.141+0000] {local_task_job_runner.py:222} INFO - ::endgroup::
