[2026-04-16T21:35:31.513+0000] {local_task_job_runner.py:120} INFO - ::group::Pre task execution logs
[2026-04-16T21:35:31.537+0000] {taskinstance.py:2073} INFO - Dependencies all met for dep_context=non-requeueable deps ti=<TaskInstance: elt_pipeline_snowflake.dbt_run manual__2026-04-16T21:35:22.276032+00:00 [queued]>
[2026-04-16T21:35:31.544+0000] {taskinstance.py:2073} INFO - Dependencies all met for dep_context=requeueable deps ti=<TaskInstance: elt_pipeline_snowflake.dbt_run manual__2026-04-16T21:35:22.276032+00:00 [queued]>
[2026-04-16T21:35:31.545+0000] {taskinstance.py:2303} INFO - Starting attempt 1 of 2
[2026-04-16T21:35:31.559+0000] {taskinstance.py:2327} INFO - Executing <Task(BashOperator): dbt_run> on 2026-04-16 21:35:22.276032+00:00
[2026-04-16T21:35:31.565+0000] {standard_task_runner.py:90} INFO - Running: ['***', 'tasks', 'run', 'elt_pipeline_snowflake', 'dbt_run', 'manual__2026-04-16T21:35:22.276032+00:00', '--job-id', '64', '--raw', '--subdir', 'DAGS_FOLDER/elt_pipeline.py', '--cfg-path', '/tmp/tmpbo_8u500']
[2026-04-16T21:35:31.567+0000] {logging_mixin.py:188} WARNING - /home/***/.local/lib/python3.12/site-packages/***/task/task_runner/standard_task_runner.py:61 DeprecationWarning: This process (pid=1112) is multi-threaded, use of fork() may lead to deadlocks in the child.
[2026-04-16T21:35:31.568+0000] {standard_task_runner.py:91} INFO - Job 64: Subtask dbt_run
[2026-04-16T21:35:31.568+0000] {standard_task_runner.py:63} INFO - Started process 1116 to run task
[2026-04-16T21:35:31.614+0000] {task_command.py:426} INFO - Running <TaskInstance: elt_pipeline_snowflake.dbt_run manual__2026-04-16T21:35:22.276032+00:00 [running]> on host 8abcf8b261db
[2026-04-16T21:35:31.690+0000] {taskinstance.py:2644} INFO - Exporting env vars: AIRFLOW_CTX_DAG_OWNER='juan' AIRFLOW_CTX_DAG_ID='elt_pipeline_snowflake' AIRFLOW_CTX_TASK_ID='dbt_run' AIRFLOW_CTX_EXECUTION_DATE='2026-04-16T21:35:22.276032+00:00' AIRFLOW_CTX_TRY_NUMBER='1' AIRFLOW_CTX_DAG_RUN_ID='manual__2026-04-16T21:35:22.276032+00:00'
[2026-04-16T21:35:31.692+0000] {taskinstance.py:430} INFO - ::endgroup::
[2026-04-16T21:35:31.701+0000] {subprocess.py:63} INFO - Tmp dir root location: /tmp
[2026-04-16T21:35:31.703+0000] {subprocess.py:75} INFO - Running command: ['/usr/bin/bash', '-c', '\n        set -a\n        source /opt/***/.env\n        set +a\n\n        cd /opt/***/elt_project\n        /home/***/.local/bin/dbt run --profiles-dir /opt/***/elt_project\n        ']
[2026-04-16T21:35:31.712+0000] {subprocess.py:86} INFO - Output:
[2026-04-16T21:35:35.518+0000] {subprocess.py:93} INFO - [0m21:35:35  Running with dbt=1.11.8
[2026-04-16T21:35:36.806+0000] {subprocess.py:93} INFO - [0m21:35:36  Registered adapter: snowflake=1.11.4
[2026-04-16T21:35:37.092+0000] {subprocess.py:93} INFO - [0m21:35:37  Unable to do partial parsing because a project config has changed
[2026-04-16T21:35:37.368+0000] {subprocess.py:93} INFO - [0m21:35:37  [[33mWARNING[0m][PropertyMovedToConfigDeprecation]: Deprecated functionality
[2026-04-16T21:35:37.369+0000] {subprocess.py:93} INFO - Found `freshness` as a top-level property of `sources[0].tables[0]` in file
[2026-04-16T21:35:37.369+0000] {subprocess.py:93} INFO - `models/staging/sources.yml`. The `freshness` top-level property should be moved
[2026-04-16T21:35:37.370+0000] {subprocess.py:93} INFO - into the `config` of `sources[0].tables[0]`.
[2026-04-16T21:35:38.997+0000] {subprocess.py:93} INFO - [0m21:35:38  [[33mWARNING[0m]: Configuration paths exist in your dbt_project.yml file which do not apply to any resources.
[2026-04-16T21:35:38.998+0000] {subprocess.py:93} INFO - There are 1 unused configuration paths:
[2026-04-16T21:35:38.998+0000] {subprocess.py:93} INFO - - models.elt_project.marts
[2026-04-16T21:35:39.216+0000] {subprocess.py:93} INFO - [0m21:35:39  Found 4 models, 9 data tests, 1 source, 523 macros
[2026-04-16T21:35:39.224+0000] {subprocess.py:93} INFO - [0m21:35:39
[2026-04-16T21:35:39.227+0000] {subprocess.py:93} INFO - [0m21:35:39  Concurrency: 4 threads (target='dev')
[2026-04-16T21:35:39.229+0000] {subprocess.py:93} INFO - [0m21:35:39
[2026-04-16T21:35:42.499+0000] {subprocess.py:93} INFO - [0m21:35:42  1 of 4 START sql incremental model staging_staging.stg_orders .................. [RUN]
[2026-04-16T21:35:44.863+0000] {subprocess.py:93} INFO - [0m21:35:44  1 of 4 OK created sql incremental model staging_staging.stg_orders ............. [[32mSUCCESS 99441[0m in 2.36s]
[2026-04-16T21:35:44.872+0000] {subprocess.py:93} INFO - [0m21:35:44  2 of 4 START sql table model staging_staging.dim_customers ..................... [RUN]
[2026-04-16T21:35:44.873+0000] {subprocess.py:93} INFO - [0m21:35:44  3 of 4 START sql incremental model staging_marts.fact_orders ................... [RUN]
[2026-04-16T21:35:44.876+0000] {subprocess.py:93} INFO - [0m21:35:44  4 of 4 START sql view model staging_staging.orders_summary ..................... [RUN]
[2026-04-16T21:35:45.312+0000] {subprocess.py:93} INFO - [0m21:35:45  4 of 4 OK created sql view model staging_staging.orders_summary ................ [[32mSUCCESS 1[0m in 0.43s]
[2026-04-16T21:35:48.573+0000] {subprocess.py:93} INFO - [0m21:35:48  3 of 4 OK created sql incremental model staging_marts.fact_orders .............. [[32mSUCCESS 99441[0m in 3.69s]
[2026-04-16T21:35:48.632+0000] {subprocess.py:93} INFO - [0m21:35:48  2 of 4 OK created sql table model staging_staging.dim_customers ................ [[32mSUCCESS 99441[0m in 3.75s]
[2026-04-16T21:35:49.746+0000] {subprocess.py:93} INFO - [0m21:35:49
[2026-04-16T21:35:49.748+0000] {subprocess.py:93} INFO - [0m21:35:49  Finished running 2 incremental models, 1 table model, 1 view model in 0 hours 0 minutes and 10.51 seconds (10.51s).
[2026-04-16T21:35:49.963+0000] {subprocess.py:93} INFO - [0m21:35:49
[2026-04-16T21:35:49.964+0000] {subprocess.py:93} INFO - [0m21:35:49  [32mCompleted successfully[0m
[2026-04-16T21:35:49.965+0000] {subprocess.py:93} INFO - [0m21:35:49
[2026-04-16T21:35:49.966+0000] {subprocess.py:93} INFO - [0m21:35:49  Done. PASS=4 WARN=0 ERROR=0 SKIP=0 NO-OP=0 TOTAL=4
[2026-04-16T21:35:49.967+0000] {subprocess.py:93} INFO - [0m21:35:49  [[33mWARNING[0m][DeprecationsSummary]: Deprecated functionality
[2026-04-16T21:35:49.969+0000] {subprocess.py:93} INFO - Summary of encountered deprecations:
[2026-04-16T21:35:49.970+0000] {subprocess.py:93} INFO - - PropertyMovedToConfigDeprecation: 2 occurrences
[2026-04-16T21:35:49.971+0000] {subprocess.py:93} INFO - To see all deprecation instances instead of just the first occurrence of each,
[2026-04-16T21:35:49.972+0000] {subprocess.py:93} INFO - run command again with the `--show-all-deprecations` flag. You may also need to
[2026-04-16T21:35:49.975+0000] {subprocess.py:93} INFO - run with `--no-partial-parse` as some deprecations are only encountered during
[2026-04-16T21:35:49.977+0000] {subprocess.py:93} INFO - parsing.
[2026-04-16T21:35:51.220+0000] {subprocess.py:97} INFO - Command exited with return code 0
[2026-04-16T21:35:51.222+0000] {taskinstance.py:441} INFO - ::group::Post task execution logs
[2026-04-16T21:35:51.249+0000] {taskinstance.py:1205} INFO - Marking task as SUCCESS. dag_id=elt_pipeline_snowflake, task_id=dbt_run, execution_date=20260416T213522, start_date=20260416T213531, end_date=20260416T213551
[2026-04-16T21:35:51.283+0000] {local_task_job_runner.py:240} INFO - Task exited with return code 0
[2026-04-16T21:35:51.299+0000] {taskinstance.py:3482} INFO - 1 downstream tasks scheduled from follow-on schedule check
[2026-04-16T21:35:51.304+0000] {local_task_job_runner.py:222} INFO - ::endgroup::
