[2026-04-15T04:22:20.648+0000] {local_task_job_runner.py:120} INFO - ::group::Pre task execution logs
[2026-04-15T04:22:20.680+0000] {taskinstance.py:2073} INFO - Dependencies all met for dep_context=non-requeueable deps ti=<TaskInstance: elt_pipeline_snowflake.extract_load manual__2026-04-15T04:22:19.718084+00:00 [queued]>
[2026-04-15T04:22:20.688+0000] {taskinstance.py:2073} INFO - Dependencies all met for dep_context=requeueable deps ti=<TaskInstance: elt_pipeline_snowflake.extract_load manual__2026-04-15T04:22:19.718084+00:00 [queued]>
[2026-04-15T04:22:20.689+0000] {taskinstance.py:2303} INFO - Starting attempt 1 of 2
[2026-04-15T04:22:20.703+0000] {taskinstance.py:2327} INFO - Executing <Task(BashOperator): extract_load> on 2026-04-15 04:22:19.718084+00:00
[2026-04-15T04:22:20.710+0000] {standard_task_runner.py:90} INFO - Running: ['***', 'tasks', 'run', 'elt_pipeline_snowflake', 'extract_load', 'manual__2026-04-15T04:22:19.718084+00:00', '--job-id', '2', '--raw', '--subdir', 'DAGS_FOLDER/elt_pipeline.py', '--cfg-path', '/tmp/tmppqdy6_jy']
[2026-04-15T04:22:20.714+0000] {standard_task_runner.py:91} INFO - Job 2: Subtask extract_load
[2026-04-15T04:22:20.719+0000] {logging_mixin.py:188} WARNING - /home/***/.local/lib/python3.12/site-packages/***/task/task_runner/standard_task_runner.py:61 DeprecationWarning: This process (pid=282) is multi-threaded, use of fork() may lead to deadlocks in the child.
[2026-04-15T04:22:20.720+0000] {standard_task_runner.py:63} INFO - Started process 284 to run task
[2026-04-15T04:22:20.769+0000] {task_command.py:426} INFO - Running <TaskInstance: elt_pipeline_snowflake.extract_load manual__2026-04-15T04:22:19.718084+00:00 [running]> on host 69fd46feb370
[2026-04-15T04:22:20.849+0000] {taskinstance.py:2644} INFO - Exporting env vars: AIRFLOW_CTX_DAG_OWNER='juan' AIRFLOW_CTX_DAG_ID='elt_pipeline_snowflake' AIRFLOW_CTX_TASK_ID='extract_load' AIRFLOW_CTX_EXECUTION_DATE='2026-04-15T04:22:19.718084+00:00' AIRFLOW_CTX_TRY_NUMBER='1' AIRFLOW_CTX_DAG_RUN_ID='manual__2026-04-15T04:22:19.718084+00:00'
[2026-04-15T04:22:20.850+0000] {taskinstance.py:430} INFO - ::endgroup::
[2026-04-15T04:22:20.883+0000] {subprocess.py:63} INFO - Tmp dir root location: /tmp
[2026-04-15T04:22:20.884+0000] {subprocess.py:75} INFO - Running command: ['/usr/bin/bash', '-c', "echo 'Data already loaded into Snowflake from S3'"]
[2026-04-15T04:22:20.892+0000] {subprocess.py:86} INFO - Output:
[2026-04-15T04:22:20.893+0000] {subprocess.py:93} INFO - Data already loaded into Snowflake from S3
[2026-04-15T04:22:20.893+0000] {subprocess.py:97} INFO - Command exited with return code 0
[2026-04-15T04:22:20.894+0000] {taskinstance.py:441} INFO - ::group::Post task execution logs
[2026-04-15T04:22:20.921+0000] {taskinstance.py:1205} INFO - Marking task as SUCCESS. dag_id=elt_pipeline_snowflake, task_id=extract_load, execution_date=20260415T042219, start_date=20260415T042220, end_date=20260415T042220
[2026-04-15T04:22:20.974+0000] {local_task_job_runner.py:240} INFO - Task exited with return code 0
[2026-04-15T04:22:20.999+0000] {taskinstance.py:3482} INFO - 1 downstream tasks scheduled from follow-on schedule check
[2026-04-15T04:22:21.003+0000] {local_task_job_runner.py:222} INFO - ::endgroup::
