[2026-04-15T22:07:07.704+0000] {local_task_job_runner.py:120} INFO - ::group::Pre task execution logs
[2026-04-15T22:07:07.737+0000] {taskinstance.py:2073} INFO - Dependencies all met for dep_context=non-requeueable deps ti=<TaskInstance: elt_pipeline_snowflake.dbt_run manual__2026-04-15T22:07:05.505441+00:00 [queued]>
[2026-04-15T22:07:07.748+0000] {taskinstance.py:2073} INFO - Dependencies all met for dep_context=requeueable deps ti=<TaskInstance: elt_pipeline_snowflake.dbt_run manual__2026-04-15T22:07:05.505441+00:00 [queued]>
[2026-04-15T22:07:07.750+0000] {taskinstance.py:2303} INFO - Starting attempt 1 of 2
[2026-04-15T22:07:07.764+0000] {taskinstance.py:2327} INFO - Executing <Task(BashOperator): dbt_run> on 2026-04-15 22:07:05.505441+00:00
[2026-04-15T22:07:07.771+0000] {standard_task_runner.py:90} INFO - Running: ['***', 'tasks', 'run', 'elt_pipeline_snowflake', 'dbt_run', 'manual__2026-04-15T22:07:05.505441+00:00', '--job-id', '21', '--raw', '--subdir', 'DAGS_FOLDER/elt_pipeline.py', '--cfg-path', '/tmp/tmpc5ejl8ay']
[2026-04-15T22:07:07.774+0000] {standard_task_runner.py:91} INFO - Job 21: Subtask dbt_run
[2026-04-15T22:07:07.778+0000] {logging_mixin.py:188} WARNING - /home/***/.local/lib/python3.12/site-packages/***/task/task_runner/standard_task_runner.py:61 DeprecationWarning: This process (pid=1835) is multi-threaded, use of fork() may lead to deadlocks in the child.
[2026-04-15T22:07:07.779+0000] {standard_task_runner.py:63} INFO - Started process 1836 to run task
[2026-04-15T22:07:07.829+0000] {task_command.py:426} INFO - Running <TaskInstance: elt_pipeline_snowflake.dbt_run manual__2026-04-15T22:07:05.505441+00:00 [running]> on host 8abcf8b261db
[2026-04-15T22:07:07.902+0000] {taskinstance.py:2644} INFO - Exporting env vars: AIRFLOW_CTX_DAG_OWNER='juan' AIRFLOW_CTX_DAG_ID='elt_pipeline_snowflake' AIRFLOW_CTX_TASK_ID='dbt_run' AIRFLOW_CTX_EXECUTION_DATE='2026-04-15T22:07:05.505441+00:00' AIRFLOW_CTX_TRY_NUMBER='1' AIRFLOW_CTX_DAG_RUN_ID='manual__2026-04-15T22:07:05.505441+00:00'
[2026-04-15T22:07:07.903+0000] {taskinstance.py:430} INFO - ::endgroup::
[2026-04-15T22:07:07.917+0000] {subprocess.py:63} INFO - Tmp dir root location: /tmp
[2026-04-15T22:07:07.919+0000] {subprocess.py:75} INFO - Running command: ['/usr/bin/bash', '-c', '\n        set -a\n        source /opt/***/.env\n        set +a\n\n        cd /opt/***/elt_project\n        /home/***/.local/bin/dbt run --profiles-dir /opt/***/elt_project\n        ']
[2026-04-15T22:07:07.928+0000] {subprocess.py:86} INFO - Output:
[2026-04-15T22:07:11.454+0000] {subprocess.py:93} INFO - [0m22:07:11  Running with dbt=1.11.8
[2026-04-15T22:07:13.253+0000] {subprocess.py:93} INFO - [0m22:07:13  Registered adapter: snowflake=1.11.4
[2026-04-15T22:07:14.002+0000] {subprocess.py:93} INFO - [0m22:07:14  [[33mWARNING[0m]: Configuration paths exist in your dbt_project.yml file which do not apply to any resources.
[2026-04-15T22:07:14.003+0000] {subprocess.py:93} INFO - There are 2 unused configuration paths:
[2026-04-15T22:07:14.003+0000] {subprocess.py:93} INFO - - models.elt_project.marts
[2026-04-15T22:07:14.004+0000] {subprocess.py:93} INFO - - models.elt_project.intermediate
[2026-04-15T22:07:14.216+0000] {subprocess.py:93} INFO - [0m22:07:14  Found 4 models, 12 data tests, 1 source, 523 macros
[2026-04-15T22:07:14.223+0000] {subprocess.py:93} INFO - [0m22:07:14
[2026-04-15T22:07:14.225+0000] {subprocess.py:93} INFO - [0m22:07:14  Concurrency: 4 threads (target='dev')
[2026-04-15T22:07:14.226+0000] {subprocess.py:93} INFO - [0m22:07:14
[2026-04-15T22:07:18.458+0000] {subprocess.py:93} INFO - [0m22:07:18  1 of 4 START sql incremental model staging.stg_orders .......................... [RUN]
[2026-04-15T22:07:21.178+0000] {subprocess.py:93} INFO - [0m22:07:21  1 of 4 OK created sql incremental model staging.stg_orders ..................... [[32mSUCCESS 0[0m in 2.71s]
[2026-04-15T22:07:21.185+0000] {subprocess.py:93} INFO - [0m22:07:21  2 of 4 START sql view model staging.dim_customers .............................. [RUN]
[2026-04-15T22:07:21.187+0000] {subprocess.py:93} INFO - [0m22:07:21  3 of 4 START sql view model staging.fact_orders ................................ [RUN]
[2026-04-15T22:07:21.188+0000] {subprocess.py:93} INFO - [0m22:07:21  4 of 4 START sql view model staging.orders_summary ............................. [RUN]
[2026-04-15T22:07:23.017+0000] {subprocess.py:93} INFO - [0m22:07:23  2 of 4 OK created sql view model staging.dim_customers ......................... [[32mSUCCESS 1[0m in 1.82s]
[2026-04-15T22:07:23.055+0000] {subprocess.py:93} INFO - [0m22:07:23  4 of 4 OK created sql view model staging.orders_summary ........................ [[32mSUCCESS 1[0m in 1.86s]
[2026-04-15T22:07:24.278+0000] {subprocess.py:93} INFO - [0m22:07:24  3 of 4 OK created sql view model staging.fact_orders ........................... [[32mSUCCESS 1[0m in 3.08s]
[2026-04-15T22:07:25.797+0000] {subprocess.py:93} INFO - [0m22:07:25
[2026-04-15T22:07:25.799+0000] {subprocess.py:93} INFO - [0m22:07:25  Finished running 1 incremental model, 3 view models in 0 hours 0 minutes and 11.57 seconds (11.57s).
[2026-04-15T22:07:25.919+0000] {subprocess.py:93} INFO - [0m22:07:25
[2026-04-15T22:07:25.921+0000] {subprocess.py:93} INFO - [0m22:07:25  [32mCompleted successfully[0m
[2026-04-15T22:07:25.922+0000] {subprocess.py:93} INFO - [0m22:07:25
[2026-04-15T22:07:25.924+0000] {subprocess.py:93} INFO - [0m22:07:25  Done. PASS=4 WARN=0 ERROR=0 SKIP=0 NO-OP=0 TOTAL=4
[2026-04-15T22:07:27.081+0000] {subprocess.py:97} INFO - Command exited with return code 0
[2026-04-15T22:07:27.082+0000] {taskinstance.py:441} INFO - ::group::Post task execution logs
[2026-04-15T22:07:27.110+0000] {taskinstance.py:1205} INFO - Marking task as SUCCESS. dag_id=elt_pipeline_snowflake, task_id=dbt_run, execution_date=20260415T220705, start_date=20260415T220707, end_date=20260415T220727
[2026-04-15T22:07:27.162+0000] {local_task_job_runner.py:240} INFO - Task exited with return code 0
[2026-04-15T22:07:27.182+0000] {taskinstance.py:3482} INFO - 1 downstream tasks scheduled from follow-on schedule check
[2026-04-15T22:07:27.188+0000] {local_task_job_runner.py:222} INFO - ::endgroup::
