[2026-04-16T22:11:14.588+0000] {local_task_job_runner.py:120} INFO - ::group::Pre task execution logs
[2026-04-16T22:11:14.613+0000] {taskinstance.py:2073} INFO - Dependencies all met for dep_context=non-requeueable deps ti=<TaskInstance: elt_pipeline_snowflake.dbt_run manual__2026-04-16T22:11:04.696615+00:00 [queued]>
[2026-04-16T22:11:14.620+0000] {taskinstance.py:2073} INFO - Dependencies all met for dep_context=requeueable deps ti=<TaskInstance: elt_pipeline_snowflake.dbt_run manual__2026-04-16T22:11:04.696615+00:00 [queued]>
[2026-04-16T22:11:14.621+0000] {taskinstance.py:2303} INFO - Starting attempt 1 of 2
[2026-04-16T22:11:14.632+0000] {taskinstance.py:2327} INFO - Executing <Task(BashOperator): dbt_run> on 2026-04-16 22:11:04.696615+00:00
[2026-04-16T22:11:14.640+0000] {standard_task_runner.py:90} INFO - Running: ['***', 'tasks', 'run', 'elt_pipeline_snowflake', 'dbt_run', 'manual__2026-04-16T22:11:04.696615+00:00', '--job-id', '67', '--raw', '--subdir', 'DAGS_FOLDER/elt_pipeline.py', '--cfg-path', '/tmp/tmpchvl8klj']
[2026-04-16T22:11:14.643+0000] {logging_mixin.py:188} WARNING - /home/***/.local/lib/python3.12/site-packages/***/task/task_runner/standard_task_runner.py:61 DeprecationWarning: This process (pid=1763) is multi-threaded, use of fork() may lead to deadlocks in the child.
[2026-04-16T22:11:14.643+0000] {standard_task_runner.py:91} INFO - Job 67: Subtask dbt_run
[2026-04-16T22:11:14.644+0000] {standard_task_runner.py:63} INFO - Started process 1767 to run task
[2026-04-16T22:11:14.705+0000] {task_command.py:426} INFO - Running <TaskInstance: elt_pipeline_snowflake.dbt_run manual__2026-04-16T22:11:04.696615+00:00 [running]> on host 8abcf8b261db
[2026-04-16T22:11:14.789+0000] {taskinstance.py:2644} INFO - Exporting env vars: AIRFLOW_CTX_DAG_OWNER='juan' AIRFLOW_CTX_DAG_ID='elt_pipeline_snowflake' AIRFLOW_CTX_TASK_ID='dbt_run' AIRFLOW_CTX_EXECUTION_DATE='2026-04-16T22:11:04.696615+00:00' AIRFLOW_CTX_TRY_NUMBER='1' AIRFLOW_CTX_DAG_RUN_ID='manual__2026-04-16T22:11:04.696615+00:00'
[2026-04-16T22:11:14.791+0000] {taskinstance.py:430} INFO - ::endgroup::
[2026-04-16T22:11:14.803+0000] {subprocess.py:63} INFO - Tmp dir root location: /tmp
[2026-04-16T22:11:14.805+0000] {subprocess.py:75} INFO - Running command: ['/usr/bin/bash', '-c', '\n        set -a\n        source /opt/***/.env\n        set +a\n\n        cd /opt/***/elt_project\n        /home/***/.local/bin/dbt run --profiles-dir /opt/***/elt_project\n        ']
[2026-04-16T22:11:14.814+0000] {subprocess.py:86} INFO - Output:
[2026-04-16T22:11:17.550+0000] {subprocess.py:93} INFO - [0m22:11:17  Running with dbt=1.11.8
[2026-04-16T22:11:18.658+0000] {subprocess.py:93} INFO - [0m22:11:18  Registered adapter: snowflake=1.11.4
[2026-04-16T22:11:18.892+0000] {subprocess.py:93} INFO - [0m22:11:18  Unable to do partial parsing because a project config has changed
[2026-04-16T22:11:19.015+0000] {subprocess.py:93} INFO - [0m22:11:19  [[33mWARNING[0m][PropertyMovedToConfigDeprecation]: Deprecated functionality
[2026-04-16T22:11:19.015+0000] {subprocess.py:93} INFO - Found `freshness` as a top-level property of `sources[0].tables[0]` in file
[2026-04-16T22:11:19.016+0000] {subprocess.py:93} INFO - `models/staging/sources.yml`. The `freshness` top-level property should be moved
[2026-04-16T22:11:19.016+0000] {subprocess.py:93} INFO - into the `config` of `sources[0].tables[0]`.
[2026-04-16T22:11:20.620+0000] {subprocess.py:93} INFO - [0m22:11:20  [[33mWARNING[0m]: Configuration paths exist in your dbt_project.yml file which do not apply to any resources.
[2026-04-16T22:11:20.620+0000] {subprocess.py:93} INFO - There are 1 unused configuration paths:
[2026-04-16T22:11:20.621+0000] {subprocess.py:93} INFO - - models.elt_project.marts
[2026-04-16T22:11:20.820+0000] {subprocess.py:93} INFO - [0m22:11:20  Found 4 models, 9 data tests, 1 source, 523 macros
[2026-04-16T22:11:20.826+0000] {subprocess.py:93} INFO - [0m22:11:20
[2026-04-16T22:11:20.828+0000] {subprocess.py:93} INFO - [0m22:11:20  Concurrency: 4 threads (target='dev')
[2026-04-16T22:11:20.831+0000] {subprocess.py:93} INFO - [0m22:11:20
[2026-04-16T22:11:22.846+0000] {subprocess.py:93} INFO - [0m22:11:22  1 of 4 START sql incremental model staging_staging.stg_orders .................. [RUN]
[2026-04-16T22:11:25.634+0000] {subprocess.py:93} INFO - [0m22:11:25  1 of 4 OK created sql incremental model staging_staging.stg_orders ............. [[32mSUCCESS 0[0m in 2.78s]
[2026-04-16T22:11:25.641+0000] {subprocess.py:93} INFO - [0m22:11:25  2 of 4 START sql table model staging_staging.dim_customers ..................... [RUN]
[2026-04-16T22:11:25.643+0000] {subprocess.py:93} INFO - [0m22:11:25  3 of 4 START sql incremental model staging_marts.fact_orders ................... [RUN]
[2026-04-16T22:11:25.644+0000] {subprocess.py:93} INFO - [0m22:11:25  4 of 4 START sql view model staging_staging.orders_summary ..................... [RUN]
[2026-04-16T22:11:26.277+0000] {subprocess.py:93} INFO - [0m22:11:26  4 of 4 OK created sql view model staging_staging.orders_summary ................ [[32mSUCCESS 1[0m in 0.63s]
[2026-04-16T22:11:27.964+0000] {subprocess.py:93} INFO - [0m22:11:27  2 of 4 OK created sql table model staging_staging.dim_customers ................ [[32mSUCCESS 99441[0m in 2.31s]
[2026-04-16T22:11:30.336+0000] {subprocess.py:93} INFO - [0m22:11:30  3 of 4 OK created sql incremental model staging_marts.fact_orders .............. [[32mSUCCESS 99441[0m in 4.69s]
[2026-04-16T22:11:31.453+0000] {subprocess.py:93} INFO - [0m22:11:31
[2026-04-16T22:11:31.455+0000] {subprocess.py:93} INFO - [0m22:11:31  Finished running 2 incremental models, 1 table model, 1 view model in 0 hours 0 minutes and 10.61 seconds (10.61s).
[2026-04-16T22:11:31.547+0000] {subprocess.py:93} INFO - [0m22:11:31
[2026-04-16T22:11:31.549+0000] {subprocess.py:93} INFO - [0m22:11:31  [32mCompleted successfully[0m
[2026-04-16T22:11:31.551+0000] {subprocess.py:93} INFO - [0m22:11:31
[2026-04-16T22:11:31.553+0000] {subprocess.py:93} INFO - [0m22:11:31  Done. PASS=4 WARN=0 ERROR=0 SKIP=0 NO-OP=0 TOTAL=4
[2026-04-16T22:11:31.555+0000] {subprocess.py:93} INFO - [0m22:11:31  [[33mWARNING[0m][DeprecationsSummary]: Deprecated functionality
[2026-04-16T22:11:31.555+0000] {subprocess.py:93} INFO - Summary of encountered deprecations:
[2026-04-16T22:11:31.556+0000] {subprocess.py:93} INFO - - PropertyMovedToConfigDeprecation: 2 occurrences
[2026-04-16T22:11:31.556+0000] {subprocess.py:93} INFO - To see all deprecation instances instead of just the first occurrence of each,
[2026-04-16T22:11:31.557+0000] {subprocess.py:93} INFO - run command again with the `--show-all-deprecations` flag. You may also need to
[2026-04-16T22:11:31.557+0000] {subprocess.py:93} INFO - run with `--no-partial-parse` as some deprecations are only encountered during
[2026-04-16T22:11:31.558+0000] {subprocess.py:93} INFO - parsing.
[2026-04-16T22:11:33.762+0000] {subprocess.py:97} INFO - Command exited with return code 0
[2026-04-16T22:11:33.764+0000] {taskinstance.py:441} INFO - ::group::Post task execution logs
[2026-04-16T22:11:33.792+0000] {taskinstance.py:1205} INFO - Marking task as SUCCESS. dag_id=elt_pipeline_snowflake, task_id=dbt_run, execution_date=20260416T221104, start_date=20260416T221114, end_date=20260416T221133
[2026-04-16T22:11:33.831+0000] {local_task_job_runner.py:240} INFO - Task exited with return code 0
[2026-04-16T22:11:33.847+0000] {taskinstance.py:3482} INFO - 1 downstream tasks scheduled from follow-on schedule check
[2026-04-16T22:11:33.851+0000] {local_task_job_runner.py:222} INFO - ::endgroup::
