[0m22:43:22.805444 [debug] [MainThread]: Sending event: {'category': 'dbt', 'action': 'invocation', 'label': 'start', 'context': [<snowplow_tracker.self_describing_json.SelfDescribingJson object at 0x00000286B589FAD0>, <snowplow_tracker.self_describing_json.SelfDescribingJson object at 0x00000286B58A2410>, <snowplow_tracker.self_describing_json.SelfDescribingJson object at 0x00000286B58A2490>]}


============================== 22:43:22.827542 | e3d88f9f-b24e-475f-b899-3fcb187ee9e2 ==============================
[0m22:43:22.827542 [info ] [MainThread]: Running with dbt=1.11.8
[0m22:43:22.827542 [debug] [MainThread]: running dbt with arguments {'static_parser': 'True', 'no_print': 'None', 'version_check': 'True', 'warn_error_options': 'WarnErrorOptionsV2(error=[], warn=[], silence=[])', 'target_path': 'None', 'printer_width': '80', 'write_json': 'True', 'introspect': 'True', 'log_cache_events': 'False', 'empty': 'None', 'cache_selected_only': 'False', 'fail_fast': 'False', 'debug': 'False', 'log_format': 'default', 'partial_parse': 'True', 'send_anonymous_usage_stats': 'True', 'quiet': 'False', 'warn_error': 'None', 'profiles_dir': 'C:\\Users\\juane\\.dbt', 'indirect_selection': 'eager', 'use_colors': 'True', 'invocation_command': 'dbt init elt_project', 'use_experimental_parser': 'False', 'log_path': 'logs'}
[0m22:43:22.987837 [debug] [MainThread]: Starter project path: C:\Users\juane\Documents\modern_elt_project\venv\Lib\site-packages\dbt\include\starter_project
[0m22:43:23.080585 [info ] [MainThread]: 
Your new dbt project "elt_project" was created!

For more information on how to configure the profiles.yml file,
please consult the dbt documentation here:

  https://docs.getdbt.com/docs/configure-your-profile

One more thing:

Need help? Don't hesitate to reach out to us via GitHub issues or on Slack:

  https://community.getdbt.com/

Happy modeling!

[0m22:43:23.080585 [info ] [MainThread]: Setting up your profile.
[0m22:44:20.202494 [debug] [MainThread]: Snowflake adapter: Setting snowflake.connector to ERROR (file logging only)
[0m22:44:20.203494 [debug] [MainThread]: Snowflake adapter: Setting botocore to ERROR (file logging only)
[0m22:44:20.204493 [debug] [MainThread]: Snowflake adapter: Setting boto3 to ERROR (file logging only)
[0m22:45:56.863213 [error] [MainThread]: Encountered an error:

[0m22:45:56.942774 [error] [MainThread]: Traceback (most recent call last):
  File "C:\Users\juane\Documents\modern_elt_project\venv\Lib\site-packages\dbt\cli\requires.py", line 182, in wrapper
    result, success = func(*args, **kwargs)
                      ^^^^^^^^^^^^^^^^^^^^^
  File "C:\Users\juane\Documents\modern_elt_project\venv\Lib\site-packages\dbt\cli\requires.py", line 128, in wrapper
    return func(*args, **kwargs)
           ^^^^^^^^^^^^^^^^^^^^^
  File "C:\Users\juane\Documents\modern_elt_project\venv\Lib\site-packages\dbt\cli\main.py", line 488, in init
    results = task.run()
              ^^^^^^^^^^
  File "C:\Users\juane\Documents\modern_elt_project\venv\Lib\site-packages\dbt\task\init.py", line 346, in run
    self.setup_profile(profile_name)
  File "C:\Users\juane\Documents\modern_elt_project\venv\Lib\site-packages\dbt\task\init.py", line 262, in setup_profile
    self.create_profile_from_target(adapter, profile_name=profile_name)
  File "C:\Users\juane\Documents\modern_elt_project\venv\Lib\site-packages\dbt\task\init.py", line 179, in create_profile_from_target
    self.create_profile_from_profile_template(profile_template, profile_name)
  File "C:\Users\juane\Documents\modern_elt_project\venv\Lib\site-packages\dbt\task\init.py", line 163, in create_profile_from_profile_template
    target = self.generate_target_from_input(prompts, initial_target)
             ^^^^^^^^^^^^^^^^^^^^^^^^^^^^^^^^^^^^^^^^^^^^^^^^^^^^^^^^
  File "C:\Users\juane\Documents\modern_elt_project\venv\Lib\site-packages\dbt\task\init.py", line 129, in generate_target_from_input
    target[key] = click.prompt(
                  ^^^^^^^^^^^^^
  File "C:\Users\juane\Documents\modern_elt_project\venv\Lib\site-packages\click\termui.py", line 171, in prompt
    value = prompt_func(prompt)
            ^^^^^^^^^^^^^^^^^^^
  File "C:\Users\juane\Documents\modern_elt_project\venv\Lib\site-packages\click\termui.py", line 154, in prompt_func
    raise Abort() from None
click.exceptions.Abort

[0m22:45:56.947951 [debug] [MainThread]: Command `dbt init` failed at 22:45:56.947951 after 154.22 seconds
[0m22:45:56.947951 [debug] [MainThread]: Sending event: {'category': 'dbt', 'action': 'invocation', 'label': 'end', 'context': [<snowplow_tracker.self_describing_json.SelfDescribingJson object at 0x00000286B58A2410>, <snowplow_tracker.self_describing_json.SelfDescribingJson object at 0x00000286B58A1C50>, <snowplow_tracker.self_describing_json.SelfDescribingJson object at 0x00000286B3BB5DD0>]}
[0m22:45:56.947951 [debug] [MainThread]: Flushing usage events
[0m22:45:57.657662 [debug] [MainThread]: An error was encountered while trying to flush usage events
[0m23:04:28.795839 [debug] [MainThread]: Sending event: {'category': 'dbt', 'action': 'invocation', 'label': 'start', 'context': [<snowplow_tracker.self_describing_json.SelfDescribingJson object at 0x000001DD943A26D0>, <snowplow_tracker.self_describing_json.SelfDescribingJson object at 0x000001DD943AEF90>, <snowplow_tracker.self_describing_json.SelfDescribingJson object at 0x000001DD94407450>]}


============================== 23:04:28.799443 | b9c0397a-ffb5-47f4-85b0-65bda74f36e6 ==============================
[0m23:04:28.799443 [info ] [MainThread]: Running with dbt=1.11.8
[0m23:04:28.799443 [debug] [MainThread]: running dbt with arguments {'version_check': 'True', 'no_print': 'None', 'static_parser': 'True', 'target_path': 'None', 'warn_error_options': 'WarnErrorOptionsV2(error=[], warn=[], silence=[])', 'printer_width': '80', 'write_json': 'True', 'introspect': 'True', 'log_cache_events': 'False', 'empty': 'None', 'cache_selected_only': 'False', 'fail_fast': 'False', 'debug': 'False', 'log_format': 'default', 'profiles_dir': './dbt', 'send_anonymous_usage_stats': 'True', 'quiet': 'False', 'warn_error': 'None', 'partial_parse': 'True', 'invocation_command': 'dbt debug', 'use_colors': 'True', 'indirect_selection': 'eager', 'use_experimental_parser': 'False', 'log_path': 'logs'}
[0m23:04:28.812211 [info ] [MainThread]: dbt version: 1.11.8
[0m23:04:28.813272 [info ] [MainThread]: python version: 3.11.9
[0m23:04:28.814615 [info ] [MainThread]: python path: C:\Users\juane\Documents\modern_elt_project\venv\Scripts\python.exe
[0m23:04:28.814938 [info ] [MainThread]: os info: Windows-10-10.0.26200-SP0
[0m23:04:28.815501 [info ] [MainThread]: Using profiles dir at ./dbt
[0m23:04:28.816505 [info ] [MainThread]: Using profiles.yml file at ./dbt\profiles.yml
[0m23:04:28.817259 [info ] [MainThread]: Using dbt_project.yml file at C:\Users\juane\Documents\modern_elt_project\dbt_project.yml
[0m23:04:28.817259 [info ] [MainThread]: Configuration:
[0m23:04:28.818113 [info ] [MainThread]:   profiles.yml file [[31mERROR not found[0m]
[0m23:04:28.819162 [info ] [MainThread]:   dbt_project.yml file [[31mERROR not found[0m]
[0m23:04:28.819162 [info ] [MainThread]: Required dependencies:
[0m23:04:28.820172 [debug] [MainThread]: Executing "git --help"
[0m23:04:28.855510 [debug] [MainThread]: STDOUT: "b"usage: git [-v | --version] [-h | --help] [-C <path>] [-c <name>=<value>]\n           [--exec-path[=<path>]] [--html-path] [--man-path] [--info-path]\n           [-p | --paginate | -P | --no-pager] [--no-replace-objects] [--no-lazy-fetch]\n           [--no-optional-locks] [--no-advice] [--bare] [--git-dir=<path>]\n           [--work-tree=<path>] [--namespace=<name>] [--config-env=<name>=<envvar>]\n           <command> [<args>]\n\nThese are common Git commands used in various situations:\n\nstart a working area (see also: git help tutorial)\n   clone      Clone a repository into a new directory\n   init       Create an empty Git repository or reinitialize an existing one\n\nwork on the current change (see also: git help everyday)\n   add        Add file contents to the index\n   mv         Move or rename a file, a directory, or a symlink\n   restore    Restore working tree files\n   rm         Remove files from the working tree and from the index\n\nexamine the history and state (see also: git help revisions)\n   bisect     Use binary search to find the commit that introduced a bug\n   diff       Show changes between commits, commit and working tree, etc\n   grep       Print lines matching a pattern\n   log        Show commit logs\n   show       Show various types of objects\n   status     Show the working tree status\n\ngrow, mark and tweak your common history\n   backfill   Download missing objects in a partial clone\n   branch     List, create, or delete branches\n   commit     Record changes to the repository\n   merge      Join two or more development histories together\n   rebase     Reapply commits on top of another base tip\n   reset      Reset current HEAD to the specified state\n   switch     Switch branches\n   tag        Create, list, delete or verify a tag object signed with GPG\n\ncollaborate (see also: git help workflows)\n   fetch      Download objects and refs from another repository\n   pull       Fetch from and integrate with another repository or a local branch\n   push       Update remote refs along with associated objects\n\n'git help -a' and 'git help -g' list available subcommands and some\nconcept guides. See 'git help <command>' or 'git help <concept>'\nto read about a specific subcommand or concept.\nSee 'git help git' for an overview of the system.\n""
[0m23:04:28.856513 [debug] [MainThread]: STDERR: "b''"
[0m23:04:28.856513 [info ] [MainThread]:  - git [[32mOK found[0m]

[0m23:04:28.857511 [info ] [MainThread]: Connection test skipped since no profile was found
[0m23:04:28.857511 [info ] [MainThread]: [31m2 checks failed:[0m
[0m23:04:28.857511 [info ] [MainThread]: dbt looked for a profiles.yml file in ./dbt\profiles.yml, but did
not find one. For more information on configuring your profile, consult the
documentation:

https://docs.getdbt.com/docs/configure-your-profile


[0m23:04:28.858773 [info ] [MainThread]: Project loading failed for the following reason:
 project path <C:\Users\juane\Documents\modern_elt_project\dbt_project.yml> not found

[0m23:04:28.859106 [debug] [MainThread]: Command `dbt debug` failed at 23:04:28.859106 after 0.14 seconds
[0m23:04:28.860138 [debug] [MainThread]: Sending event: {'category': 'dbt', 'action': 'invocation', 'label': 'end', 'context': [<snowplow_tracker.self_describing_json.SelfDescribingJson object at 0x000001DD8E11E310>, <snowplow_tracker.self_describing_json.SelfDescribingJson object at 0x000001DD9439F090>, <snowplow_tracker.self_describing_json.SelfDescribingJson object at 0x000001DD9439F410>]}
[0m23:04:28.860138 [debug] [MainThread]: Flushing usage events
[0m23:04:29.763699 [debug] [MainThread]: An error was encountered while trying to flush usage events
[0m23:04:51.827164 [debug] [MainThread]: Sending event: {'category': 'dbt', 'action': 'invocation', 'label': 'start', 'context': [<snowplow_tracker.self_describing_json.SelfDescribingJson object at 0x000002570B365C10>, <snowplow_tracker.self_describing_json.SelfDescribingJson object at 0x00000257108A3710>, <snowplow_tracker.self_describing_json.SelfDescribingJson object at 0x000002571090A5D0>]}


============================== 23:04:51.828708 | 468690ef-b817-45b8-a1e4-2ee1869b00eb ==============================
[0m23:04:51.828708 [info ] [MainThread]: Running with dbt=1.11.8
[0m23:04:51.828708 [debug] [MainThread]: running dbt with arguments {'version_check': 'True', 'no_print': 'None', 'static_parser': 'True', 'target_path': 'None', 'warn_error_options': 'WarnErrorOptionsV2(error=[], warn=[], silence=[])', 'printer_width': '80', 'write_json': 'True', 'empty': 'None', 'log_cache_events': 'False', 'introspect': 'True', 'cache_selected_only': 'False', 'log_format': 'default', 'debug': 'False', 'fail_fast': 'False', 'profiles_dir': './dbt', 'send_anonymous_usage_stats': 'True', 'quiet': 'False', 'warn_error': 'None', 'partial_parse': 'True', 'use_colors': 'True', 'invocation_command': 'dbt debug', 'indirect_selection': 'eager', 'use_experimental_parser': 'False', 'log_path': 'logs'}
[0m23:04:51.845194 [info ] [MainThread]: dbt version: 1.11.8
[0m23:04:51.846270 [info ] [MainThread]: python version: 3.11.9
[0m23:04:51.847551 [info ] [MainThread]: python path: C:\Users\juane\Documents\modern_elt_project\venv\Scripts\python.exe
[0m23:04:51.848310 [info ] [MainThread]: os info: Windows-10-10.0.26200-SP0
[0m23:04:51.848310 [info ] [MainThread]: Using profiles dir at ./dbt
[0m23:04:51.848310 [info ] [MainThread]: Using profiles.yml file at ./dbt\profiles.yml
[0m23:04:51.848310 [info ] [MainThread]: Using dbt_project.yml file at C:\Users\juane\Documents\modern_elt_project\dbt_project.yml
[0m23:04:51.848310 [info ] [MainThread]: Configuration:
[0m23:04:51.848310 [info ] [MainThread]:   profiles.yml file [[31mERROR not found[0m]
[0m23:04:51.851934 [info ] [MainThread]:   dbt_project.yml file [[31mERROR not found[0m]
[0m23:04:51.852332 [info ] [MainThread]: Required dependencies:
[0m23:04:51.852332 [debug] [MainThread]: Executing "git --help"
[0m23:04:51.894518 [debug] [MainThread]: STDOUT: "b"usage: git [-v | --version] [-h | --help] [-C <path>] [-c <name>=<value>]\n           [--exec-path[=<path>]] [--html-path] [--man-path] [--info-path]\n           [-p | --paginate | -P | --no-pager] [--no-replace-objects] [--no-lazy-fetch]\n           [--no-optional-locks] [--no-advice] [--bare] [--git-dir=<path>]\n           [--work-tree=<path>] [--namespace=<name>] [--config-env=<name>=<envvar>]\n           <command> [<args>]\n\nThese are common Git commands used in various situations:\n\nstart a working area (see also: git help tutorial)\n   clone      Clone a repository into a new directory\n   init       Create an empty Git repository or reinitialize an existing one\n\nwork on the current change (see also: git help everyday)\n   add        Add file contents to the index\n   mv         Move or rename a file, a directory, or a symlink\n   restore    Restore working tree files\n   rm         Remove files from the working tree and from the index\n\nexamine the history and state (see also: git help revisions)\n   bisect     Use binary search to find the commit that introduced a bug\n   diff       Show changes between commits, commit and working tree, etc\n   grep       Print lines matching a pattern\n   log        Show commit logs\n   show       Show various types of objects\n   status     Show the working tree status\n\ngrow, mark and tweak your common history\n   backfill   Download missing objects in a partial clone\n   branch     List, create, or delete branches\n   commit     Record changes to the repository\n   merge      Join two or more development histories together\n   rebase     Reapply commits on top of another base tip\n   reset      Reset current HEAD to the specified state\n   switch     Switch branches\n   tag        Create, list, delete or verify a tag object signed with GPG\n\ncollaborate (see also: git help workflows)\n   fetch      Download objects and refs from another repository\n   pull       Fetch from and integrate with another repository or a local branch\n   push       Update remote refs along with associated objects\n\n'git help -a' and 'git help -g' list available subcommands and some\nconcept guides. See 'git help <command>' or 'git help <concept>'\nto read about a specific subcommand or concept.\nSee 'git help git' for an overview of the system.\n""
[0m23:04:51.894518 [debug] [MainThread]: STDERR: "b''"
[0m23:04:51.894518 [info ] [MainThread]:  - git [[32mOK found[0m]

[0m23:04:51.894518 [info ] [MainThread]: Connection test skipped since no profile was found
[0m23:04:51.894518 [info ] [MainThread]: [31m2 checks failed:[0m
[0m23:04:51.897084 [info ] [MainThread]: dbt looked for a profiles.yml file in ./dbt\profiles.yml, but did
not find one. For more information on configuring your profile, consult the
documentation:

https://docs.getdbt.com/docs/configure-your-profile


[0m23:04:51.897084 [info ] [MainThread]: Project loading failed for the following reason:
 project path <C:\Users\juane\Documents\modern_elt_project\dbt_project.yml> not found

[0m23:04:51.897084 [debug] [MainThread]: Command `dbt debug` failed at 23:04:51.897084 after 0.15 seconds
[0m23:04:51.897084 [debug] [MainThread]: Sending event: {'category': 'dbt', 'action': 'invocation', 'label': 'end', 'context': [<snowplow_tracker.self_describing_json.SelfDescribingJson object at 0x00000257108A3E10>, <snowplow_tracker.self_describing_json.SelfDescribingJson object at 0x00000257108A31D0>, <snowplow_tracker.self_describing_json.SelfDescribingJson object at 0x00000257108A32D0>]}
[0m23:04:51.897084 [debug] [MainThread]: Flushing usage events
[0m23:04:52.497497 [debug] [MainThread]: An error was encountered while trying to flush usage events
[0m23:11:26.907434 [debug] [MainThread]: Sending event: {'category': 'dbt', 'action': 'invocation', 'label': 'start', 'context': [<snowplow_tracker.self_describing_json.SelfDescribingJson object at 0x0000023534202850>, <snowplow_tracker.self_describing_json.SelfDescribingJson object at 0x00000235341D1D10>, <snowplow_tracker.self_describing_json.SelfDescribingJson object at 0x0000023534203950>]}


============================== 23:11:26.907434 | 2952806d-da80-4b6a-b378-6037ab959038 ==============================
[0m23:11:26.907434 [info ] [MainThread]: Running with dbt=1.11.8
[0m23:11:26.907434 [debug] [MainThread]: running dbt with arguments {'version_check': 'True', 'no_print': 'None', 'static_parser': 'True', 'target_path': 'None', 'warn_error_options': 'WarnErrorOptionsV2(error=[], warn=[], silence=[])', 'printer_width': '80', 'write_json': 'True', 'empty': 'None', 'log_cache_events': 'False', 'introspect': 'True', 'cache_selected_only': 'False', 'fail_fast': 'False', 'debug': 'False', 'log_format': 'default', 'profiles_dir': 'C:\\Users\\juane\\.dbt', 'send_anonymous_usage_stats': 'True', 'quiet': 'False', 'warn_error': 'None', 'partial_parse': 'True', 'use_colors': 'True', 'indirect_selection': 'eager', 'invocation_command': 'dbt debug', 'use_experimental_parser': 'False', 'log_path': 'logs'}
[0m23:11:26.925901 [info ] [MainThread]: dbt version: 1.11.8
[0m23:11:26.925901 [info ] [MainThread]: python version: 3.11.9
[0m23:11:26.925901 [info ] [MainThread]: python path: C:\Users\juane\Documents\modern_elt_project\venv\Scripts\python.exe
[0m23:11:26.927405 [info ] [MainThread]: os info: Windows-10-10.0.26200-SP0
[0m23:11:26.931426 [info ] [MainThread]: Error importing adapter: No module named 'dbt.adapters.postgres'
[0m23:11:26.932463 [info ] [MainThread]: Using profiles dir at C:\Users\juane\.dbt
[0m23:11:26.933469 [info ] [MainThread]: Using profiles.yml file at C:\Users\juane\.dbt\profiles.yml
[0m23:11:26.933469 [info ] [MainThread]: Using dbt_project.yml file at C:\Users\juane\Documents\modern_elt_project\dbt_project.yml
[0m23:11:26.934469 [info ] [MainThread]: Configuration:
[0m23:11:26.934469 [info ] [MainThread]:   profiles.yml file [[31mERROR invalid[0m]
[0m23:11:26.935471 [info ] [MainThread]:   dbt_project.yml file [[31mERROR not found[0m]
[0m23:11:26.935471 [info ] [MainThread]: Required dependencies:
[0m23:11:26.936469 [debug] [MainThread]: Executing "git --help"
[0m23:11:26.970134 [debug] [MainThread]: STDOUT: "b"usage: git [-v | --version] [-h | --help] [-C <path>] [-c <name>=<value>]\n           [--exec-path[=<path>]] [--html-path] [--man-path] [--info-path]\n           [-p | --paginate | -P | --no-pager] [--no-replace-objects] [--no-lazy-fetch]\n           [--no-optional-locks] [--no-advice] [--bare] [--git-dir=<path>]\n           [--work-tree=<path>] [--namespace=<name>] [--config-env=<name>=<envvar>]\n           <command> [<args>]\n\nThese are common Git commands used in various situations:\n\nstart a working area (see also: git help tutorial)\n   clone      Clone a repository into a new directory\n   init       Create an empty Git repository or reinitialize an existing one\n\nwork on the current change (see also: git help everyday)\n   add        Add file contents to the index\n   mv         Move or rename a file, a directory, or a symlink\n   restore    Restore working tree files\n   rm         Remove files from the working tree and from the index\n\nexamine the history and state (see also: git help revisions)\n   bisect     Use binary search to find the commit that introduced a bug\n   diff       Show changes between commits, commit and working tree, etc\n   grep       Print lines matching a pattern\n   log        Show commit logs\n   show       Show various types of objects\n   status     Show the working tree status\n\ngrow, mark and tweak your common history\n   backfill   Download missing objects in a partial clone\n   branch     List, create, or delete branches\n   commit     Record changes to the repository\n   merge      Join two or more development histories together\n   rebase     Reapply commits on top of another base tip\n   reset      Reset current HEAD to the specified state\n   switch     Switch branches\n   tag        Create, list, delete or verify a tag object signed with GPG\n\ncollaborate (see also: git help workflows)\n   fetch      Download objects and refs from another repository\n   pull       Fetch from and integrate with another repository or a local branch\n   push       Update remote refs along with associated objects\n\n'git help -a' and 'git help -g' list available subcommands and some\nconcept guides. See 'git help <command>' or 'git help <concept>'\nto read about a specific subcommand or concept.\nSee 'git help git' for an overview of the system.\n""
[0m23:11:26.970134 [debug] [MainThread]: STDERR: "b''"
[0m23:11:26.971132 [info ] [MainThread]:  - git [[32mOK found[0m]

[0m23:11:26.971788 [info ] [MainThread]: Connection test skipped since no profile was found
[0m23:11:26.971788 [info ] [MainThread]: [31m2 checks failed:[0m
[0m23:11:26.972794 [info ] [MainThread]: Could not load dbt_project.yml
Profile loading failed for the following reason:
Runtime Error
  Credentials in profile "custom_postgres", target "dev" invalid: Runtime Error
    Could not find adapter type postgres!


[0m23:11:26.972794 [info ] [MainThread]: Project loading failed for the following reason:
 project path <C:\Users\juane\Documents\modern_elt_project\dbt_project.yml> not found

[0m23:11:26.973794 [debug] [MainThread]: Command `dbt debug` failed at 23:11:26.973794 after 0.13 seconds
[0m23:11:26.973794 [debug] [MainThread]: Sending event: {'category': 'dbt', 'action': 'invocation', 'label': 'end', 'context': [<snowplow_tracker.self_describing_json.SelfDescribingJson object at 0x0000023532E46690>, <snowplow_tracker.self_describing_json.SelfDescribingJson object at 0x000002352DFEDE50>, <snowplow_tracker.self_describing_json.SelfDescribingJson object at 0x00000235341A2F90>]}
[0m23:11:26.974792 [debug] [MainThread]: Flushing usage events
[0m23:11:27.745344 [debug] [MainThread]: An error was encountered while trying to flush usage events
[0m23:14:06.729434 [debug] [MainThread]: Sending event: {'category': 'dbt', 'action': 'invocation', 'label': 'start', 'context': [<snowplow_tracker.self_describing_json.SelfDescribingJson object at 0x0000019C04CD1B50>, <snowplow_tracker.self_describing_json.SelfDescribingJson object at 0x0000019C04CA3550>, <snowplow_tracker.self_describing_json.SelfDescribingJson object at 0x0000019C04CA3A10>]}


============================== 23:14:06.732322 | f853846a-6f84-448a-85dd-cd2979b46c69 ==============================
[0m23:14:06.732322 [info ] [MainThread]: Running with dbt=1.11.8
[0m23:14:06.732322 [debug] [MainThread]: running dbt with arguments {'static_parser': 'True', 'no_print': 'None', 'version_check': 'True', 'target_path': 'None', 'warn_error_options': 'WarnErrorOptionsV2(error=[], warn=[], silence=[])', 'printer_width': '80', 'write_json': 'True', 'introspect': 'True', 'log_cache_events': 'False', 'empty': 'None', 'cache_selected_only': 'False', 'fail_fast': 'False', 'debug': 'False', 'log_format': 'default', 'profiles_dir': './dbt', 'send_anonymous_usage_stats': 'True', 'quiet': 'False', 'warn_error': 'None', 'partial_parse': 'True', 'use_colors': 'True', 'invocation_command': 'dbt debug', 'indirect_selection': 'eager', 'use_experimental_parser': 'False', 'log_path': 'logs'}
[0m23:14:06.745420 [info ] [MainThread]: dbt version: 1.11.8
[0m23:14:06.745420 [info ] [MainThread]: python version: 3.11.9
[0m23:14:06.747424 [info ] [MainThread]: python path: C:\Users\juane\Documents\modern_elt_project\venv\Scripts\python.exe
[0m23:14:06.747424 [info ] [MainThread]: os info: Windows-10-10.0.26200-SP0
[0m23:14:06.748657 [info ] [MainThread]: Using profiles dir at ./dbt
[0m23:14:06.748657 [info ] [MainThread]: Using profiles.yml file at ./dbt\profiles.yml
[0m23:14:06.748657 [info ] [MainThread]: Using dbt_project.yml file at C:\Users\juane\Documents\modern_elt_project\dbt_project.yml
[0m23:14:06.749948 [info ] [MainThread]: Configuration:
[0m23:14:06.749948 [info ] [MainThread]:   profiles.yml file [[31mERROR not found[0m]
[0m23:14:06.750946 [info ] [MainThread]:   dbt_project.yml file [[31mERROR not found[0m]
[0m23:14:06.751309 [info ] [MainThread]: Required dependencies:
[0m23:14:06.751309 [debug] [MainThread]: Executing "git --help"
[0m23:14:06.785415 [debug] [MainThread]: STDOUT: "b"usage: git [-v | --version] [-h | --help] [-C <path>] [-c <name>=<value>]\n           [--exec-path[=<path>]] [--html-path] [--man-path] [--info-path]\n           [-p | --paginate | -P | --no-pager] [--no-replace-objects] [--no-lazy-fetch]\n           [--no-optional-locks] [--no-advice] [--bare] [--git-dir=<path>]\n           [--work-tree=<path>] [--namespace=<name>] [--config-env=<name>=<envvar>]\n           <command> [<args>]\n\nThese are common Git commands used in various situations:\n\nstart a working area (see also: git help tutorial)\n   clone      Clone a repository into a new directory\n   init       Create an empty Git repository or reinitialize an existing one\n\nwork on the current change (see also: git help everyday)\n   add        Add file contents to the index\n   mv         Move or rename a file, a directory, or a symlink\n   restore    Restore working tree files\n   rm         Remove files from the working tree and from the index\n\nexamine the history and state (see also: git help revisions)\n   bisect     Use binary search to find the commit that introduced a bug\n   diff       Show changes between commits, commit and working tree, etc\n   grep       Print lines matching a pattern\n   log        Show commit logs\n   show       Show various types of objects\n   status     Show the working tree status\n\ngrow, mark and tweak your common history\n   backfill   Download missing objects in a partial clone\n   branch     List, create, or delete branches\n   commit     Record changes to the repository\n   merge      Join two or more development histories together\n   rebase     Reapply commits on top of another base tip\n   reset      Reset current HEAD to the specified state\n   switch     Switch branches\n   tag        Create, list, delete or verify a tag object signed with GPG\n\ncollaborate (see also: git help workflows)\n   fetch      Download objects and refs from another repository\n   pull       Fetch from and integrate with another repository or a local branch\n   push       Update remote refs along with associated objects\n\n'git help -a' and 'git help -g' list available subcommands and some\nconcept guides. See 'git help <command>' or 'git help <concept>'\nto read about a specific subcommand or concept.\nSee 'git help git' for an overview of the system.\n""
[0m23:14:06.785415 [debug] [MainThread]: STDERR: "b''"
[0m23:14:06.785415 [info ] [MainThread]:  - git [[32mOK found[0m]

[0m23:14:06.787421 [info ] [MainThread]: Connection test skipped since no profile was found
[0m23:14:06.787421 [info ] [MainThread]: [31m2 checks failed:[0m
[0m23:14:06.788440 [info ] [MainThread]: dbt looked for a profiles.yml file in ./dbt\profiles.yml, but did
not find one. For more information on configuring your profile, consult the
documentation:

https://docs.getdbt.com/docs/configure-your-profile


[0m23:14:06.789157 [info ] [MainThread]: Project loading failed for the following reason:
 project path <C:\Users\juane\Documents\modern_elt_project\dbt_project.yml> not found

[0m23:14:06.789157 [debug] [MainThread]: Command `dbt debug` failed at 23:14:06.789157 after 0.13 seconds
[0m23:14:06.789157 [debug] [MainThread]: Sending event: {'category': 'dbt', 'action': 'invocation', 'label': 'end', 'context': [<snowplow_tracker.self_describing_json.SelfDescribingJson object at 0x0000019C04CA5650>, <snowplow_tracker.self_describing_json.SelfDescribingJson object at 0x0000019C04CA2ED0>, <snowplow_tracker.self_describing_json.SelfDescribingJson object at 0x0000019C04CA3150>]}
[0m23:14:06.789157 [debug] [MainThread]: Flushing usage events
[0m23:14:07.597803 [debug] [MainThread]: An error was encountered while trying to flush usage events
[0m16:33:25.666187 [debug] [MainThread]: Sending event: {'category': 'dbt', 'action': 'invocation', 'label': 'start', 'context': [<snowplow_tracker.self_describing_json.SelfDescribingJson object at 0x000001F4300A4690>, <snowplow_tracker.self_describing_json.SelfDescribingJson object at 0x000001F4300A3F10>, <snowplow_tracker.self_describing_json.SelfDescribingJson object at 0x000001F430163510>]}


============================== 16:33:25.693142 | f3ac6fa4-222c-4868-b969-ef112b56e357 ==============================
[0m16:33:25.693142 [info ] [MainThread]: Running with dbt=1.11.8
[0m16:33:25.695141 [debug] [MainThread]: running dbt with arguments {'version_check': 'True', 'no_print': 'None', 'static_parser': 'True', 'warn_error_options': 'WarnErrorOptionsV2(error=[], warn=[], silence=[])', 'target_path': 'None', 'printer_width': '80', 'write_json': 'True', 'introspect': 'True', 'log_cache_events': 'False', 'empty': 'False', 'cache_selected_only': 'False', 'fail_fast': 'False', 'debug': 'False', 'log_format': 'default', 'partial_parse': 'True', 'send_anonymous_usage_stats': 'True', 'quiet': 'False', 'warn_error': 'None', 'profiles_dir': 'C:\\Users\\juane\\.dbt', 'use_colors': 'True', 'indirect_selection': 'eager', 'invocation_command': 'dbt run --full-refresh', 'use_experimental_parser': 'False', 'log_path': 'logs'}
[0m16:33:25.695141 [error] [MainThread]: Encountered an error:
Runtime Error
  No dbt_project.yml found at expected path C:\Users\juane\Documents\modern_elt_project\dbt_project.yml
  Verify that each entry within packages.yml (and their transitive dependencies) contains a file named dbt_project.yml
  
[0m16:33:25.696536 [debug] [MainThread]: Command `dbt run` failed at 16:33:25.696536 after 0.12 seconds
[0m16:33:25.697188 [debug] [MainThread]: Sending event: {'category': 'dbt', 'action': 'invocation', 'label': 'end', 'context': [<snowplow_tracker.self_describing_json.SelfDescribingJson object at 0x000001F4300A5150>, <snowplow_tracker.self_describing_json.SelfDescribingJson object at 0x000001F4300A68D0>, <snowplow_tracker.self_describing_json.SelfDescribingJson object at 0x000001F4300A2ED0>]}
[0m16:33:25.697188 [debug] [MainThread]: Flushing usage events
[0m16:33:27.299465 [debug] [MainThread]: An error was encountered while trying to flush usage events
