[2026-04-15T22:17:17.003+0000] {local_task_job_runner.py:120} INFO - ::group::Pre task execution logs
[2026-04-15T22:17:17.028+0000] {taskinstance.py:2073} INFO - Dependencies all met for dep_context=non-requeueable deps ti=<TaskInstance: elt_pipeline_snowflake.dbt_run manual__2026-04-15T22:17:15.540124+00:00 [queued]>
[2026-04-15T22:17:17.035+0000] {taskinstance.py:2073} INFO - Dependencies all met for dep_context=requeueable deps ti=<TaskInstance: elt_pipeline_snowflake.dbt_run manual__2026-04-15T22:17:15.540124+00:00 [queued]>
[2026-04-15T22:17:17.037+0000] {taskinstance.py:2303} INFO - Starting attempt 1 of 2
[2026-04-15T22:17:17.049+0000] {taskinstance.py:2327} INFO - Executing <Task(BashOperator): dbt_run> on 2026-04-15 22:17:15.540124+00:00
[2026-04-15T22:17:17.055+0000] {standard_task_runner.py:90} INFO - Running: ['***', 'tasks', 'run', 'elt_pipeline_snowflake', 'dbt_run', 'manual__2026-04-15T22:17:15.540124+00:00', '--job-id', '29', '--raw', '--subdir', 'DAGS_FOLDER/elt_pipeline.py', '--cfg-path', '/tmp/tmpgbif6e6c']
[2026-04-15T22:17:17.058+0000] {standard_task_runner.py:91} INFO - Job 29: Subtask dbt_run
[2026-04-15T22:17:17.059+0000] {logging_mixin.py:188} WARNING - /home/***/.local/lib/python3.12/site-packages/***/task/task_runner/standard_task_runner.py:61 DeprecationWarning: This process (pid=2102) is multi-threaded, use of fork() may lead to deadlocks in the child.
[2026-04-15T22:17:17.060+0000] {standard_task_runner.py:63} INFO - Started process 2103 to run task
[2026-04-15T22:17:17.100+0000] {task_command.py:426} INFO - Running <TaskInstance: elt_pipeline_snowflake.dbt_run manual__2026-04-15T22:17:15.540124+00:00 [running]> on host 8abcf8b261db
[2026-04-15T22:17:17.167+0000] {taskinstance.py:2644} INFO - Exporting env vars: AIRFLOW_CTX_DAG_OWNER='juan' AIRFLOW_CTX_DAG_ID='elt_pipeline_snowflake' AIRFLOW_CTX_TASK_ID='dbt_run' AIRFLOW_CTX_EXECUTION_DATE='2026-04-15T22:17:15.540124+00:00' AIRFLOW_CTX_TRY_NUMBER='1' AIRFLOW_CTX_DAG_RUN_ID='manual__2026-04-15T22:17:15.540124+00:00'
[2026-04-15T22:17:17.168+0000] {taskinstance.py:430} INFO - ::endgroup::
[2026-04-15T22:17:17.180+0000] {subprocess.py:63} INFO - Tmp dir root location: /tmp
[2026-04-15T22:17:17.182+0000] {subprocess.py:75} INFO - Running command: ['/usr/bin/bash', '-c', '\n        set -a\n        source /opt/***/.env\n        set +a\n\n        cd /opt/***/elt_project\n        /home/***/.local/bin/dbt run --profiles-dir /opt/***/elt_project\n        ']
[2026-04-15T22:17:17.189+0000] {subprocess.py:86} INFO - Output:
[2026-04-15T22:17:19.010+0000] {subprocess.py:93} INFO - [0m22:17:19  Running with dbt=1.11.8
[2026-04-15T22:17:19.853+0000] {subprocess.py:93} INFO - [0m22:17:19  Registered adapter: snowflake=1.11.4
[2026-04-15T22:17:20.351+0000] {subprocess.py:93} INFO - [0m22:17:20  [[33mWARNING[0m]: Configuration paths exist in your dbt_project.yml file which do not apply to any resources.
[2026-04-15T22:17:20.352+0000] {subprocess.py:93} INFO - There are 2 unused configuration paths:
[2026-04-15T22:17:20.352+0000] {subprocess.py:93} INFO - - models.elt_project.marts
[2026-04-15T22:17:20.352+0000] {subprocess.py:93} INFO - - models.elt_project.intermediate
[2026-04-15T22:17:20.588+0000] {subprocess.py:93} INFO - [0m22:17:20  Found 4 models, 12 data tests, 1 source, 523 macros
[2026-04-15T22:17:20.598+0000] {subprocess.py:93} INFO - [0m22:17:20
[2026-04-15T22:17:20.600+0000] {subprocess.py:93} INFO - [0m22:17:20  Concurrency: 4 threads (target='dev')
[2026-04-15T22:17:20.602+0000] {subprocess.py:93} INFO - [0m22:17:20
[2026-04-15T22:17:25.237+0000] {subprocess.py:93} INFO - [0m22:17:25  1 of 4 START sql incremental model staging.stg_orders .......................... [RUN]
[2026-04-15T22:17:28.203+0000] {subprocess.py:93} INFO - [0m22:17:28  1 of 4 OK created sql incremental model staging.stg_orders ..................... [[32mSUCCESS 0[0m in 2.96s]
[2026-04-15T22:17:28.210+0000] {subprocess.py:93} INFO - [0m22:17:28  2 of 4 START sql view model staging.dim_customers .............................. [RUN]
[2026-04-15T22:17:28.211+0000] {subprocess.py:93} INFO - [0m22:17:28  3 of 4 START sql view model staging.fact_orders ................................ [RUN]
[2026-04-15T22:17:28.213+0000] {subprocess.py:93} INFO - [0m22:17:28  4 of 4 START sql view model staging.orders_summary ............................. [RUN]
[2026-04-15T22:17:30.216+0000] {subprocess.py:93} INFO - [0m22:17:30  3 of 4 OK created sql view model staging.fact_orders ........................... [[32mSUCCESS 1[0m in 2.00s]
[2026-04-15T22:17:30.289+0000] {subprocess.py:93} INFO - [0m22:17:30  4 of 4 OK created sql view model staging.orders_summary ........................ [[32mSUCCESS 1[0m in 2.07s]
[2026-04-15T22:17:30.854+0000] {subprocess.py:93} INFO - [0m22:17:30  2 of 4 OK created sql view model staging.dim_customers ......................... [[32mSUCCESS 1[0m in 2.64s]
[2026-04-15T22:17:31.920+0000] {subprocess.py:93} INFO - [0m22:17:31
[2026-04-15T22:17:31.923+0000] {subprocess.py:93} INFO - [0m22:17:31  Finished running 1 incremental model, 3 view models in 0 hours 0 minutes and 11.32 seconds (11.32s).
[2026-04-15T22:17:32.038+0000] {subprocess.py:93} INFO - [0m22:17:32
[2026-04-15T22:17:32.040+0000] {subprocess.py:93} INFO - [0m22:17:32  [32mCompleted successfully[0m
[2026-04-15T22:17:32.042+0000] {subprocess.py:93} INFO - [0m22:17:32
[2026-04-15T22:17:32.044+0000] {subprocess.py:93} INFO - [0m22:17:32  Done. PASS=4 WARN=0 ERROR=0 SKIP=0 NO-OP=0 TOTAL=4
[2026-04-15T22:17:33.009+0000] {subprocess.py:97} INFO - Command exited with return code 0
[2026-04-15T22:17:33.011+0000] {taskinstance.py:441} INFO - ::group::Post task execution logs
[2026-04-15T22:17:33.037+0000] {taskinstance.py:1205} INFO - Marking task as SUCCESS. dag_id=elt_pipeline_snowflake, task_id=dbt_run, execution_date=20260415T221715, start_date=20260415T221717, end_date=20260415T221733
[2026-04-15T22:17:33.085+0000] {local_task_job_runner.py:240} INFO - Task exited with return code 0
[2026-04-15T22:17:33.104+0000] {taskinstance.py:3482} INFO - 1 downstream tasks scheduled from follow-on schedule check
[2026-04-15T22:17:33.108+0000] {local_task_job_runner.py:222} INFO - ::endgroup::
