[2026-04-16T03:39:38.869+0000] {local_task_job_runner.py:120} INFO - ::group::Pre task execution logs
[2026-04-16T03:39:38.897+0000] {taskinstance.py:2073} INFO - Dependencies all met for dep_context=non-requeueable deps ti=<TaskInstance: elt_pipeline_snowflake.extract_load scheduled__2026-04-15T00:00:00+00:00 [queued]>
[2026-04-16T03:39:38.905+0000] {taskinstance.py:2073} INFO - Dependencies all met for dep_context=requeueable deps ti=<TaskInstance: elt_pipeline_snowflake.extract_load scheduled__2026-04-15T00:00:00+00:00 [queued]>
[2026-04-16T03:39:38.906+0000] {taskinstance.py:2303} INFO - Starting attempt 6 of 7
[2026-04-16T03:39:38.917+0000] {taskinstance.py:2327} INFO - Executing <Task(PythonOperator): extract_load> on 2026-04-15 00:00:00+00:00
[2026-04-16T03:39:38.924+0000] {logging_mixin.py:188} WARNING - /home/***/.local/lib/python3.12/site-packages/***/task/task_runner/standard_task_runner.py:61 DeprecationWarning: This process (pid=2909) is multi-threaded, use of fork() may lead to deadlocks in the child.
[2026-04-16T03:39:38.923+0000] {standard_task_runner.py:90} INFO - Running: ['***', 'tasks', 'run', 'elt_pipeline_snowflake', 'extract_load', 'scheduled__2026-04-15T00:00:00+00:00', '--job-id', '41', '--raw', '--subdir', 'DAGS_FOLDER/elt_pipeline.py', '--cfg-path', '/tmp/tmppr66cdja']
[2026-04-16T03:39:38.926+0000] {standard_task_runner.py:63} INFO - Started process 2913 to run task
[2026-04-16T03:39:38.926+0000] {standard_task_runner.py:91} INFO - Job 41: Subtask extract_load
[2026-04-16T03:39:38.973+0000] {task_command.py:426} INFO - Running <TaskInstance: elt_pipeline_snowflake.extract_load scheduled__2026-04-15T00:00:00+00:00 [running]> on host 8abcf8b261db
[2026-04-16T03:39:39.051+0000] {taskinstance.py:2644} INFO - Exporting env vars: AIRFLOW_CTX_DAG_OWNER='juan' AIRFLOW_CTX_DAG_ID='elt_pipeline_snowflake' AIRFLOW_CTX_TASK_ID='extract_load' AIRFLOW_CTX_EXECUTION_DATE='2026-04-15T00:00:00+00:00' AIRFLOW_CTX_TRY_NUMBER='6' AIRFLOW_CTX_DAG_RUN_ID='scheduled__2026-04-15T00:00:00+00:00'
[2026-04-16T03:39:39.053+0000] {taskinstance.py:430} INFO - ::endgroup::
[2026-04-16T03:39:39.078+0000] {connection.py:620} INFO - Snowflake Connector for Python Version: 4.4.0, Python Version: 3.12.2, Platform: Linux-5.15.167.4-microsoft-standard-WSL2-x86_64-with-glibc2.36
[2026-04-16T03:39:39.079+0000] {connection.py:1716} INFO - Connecting to GLOBAL Snowflake domain
[2026-04-16T03:39:39.289+0000] {credentials.py:1147} INFO - Found credentials in environment variables.
[2026-04-16T03:39:46.204+0000] {python.py:237} INFO - Done. Returned value was: None
[2026-04-16T03:39:46.205+0000] {taskinstance.py:441} INFO - ::group::Post task execution logs
[2026-04-16T03:39:46.214+0000] {taskinstance.py:1205} INFO - Marking task as SUCCESS. dag_id=elt_pipeline_snowflake, task_id=extract_load, execution_date=20260415T000000, start_date=20260416T033938, end_date=20260416T033946
[2026-04-16T03:39:46.242+0000] {local_task_job_runner.py:240} INFO - Task exited with return code 0
[2026-04-16T03:39:46.265+0000] {taskinstance.py:3482} INFO - 1 downstream tasks scheduled from follow-on schedule check
[2026-04-16T03:39:46.269+0000] {local_task_job_runner.py:222} INFO - ::endgroup::
