[2026-04-16T03:10:30.668+0000] {local_task_job_runner.py:120} INFO - ::group::Pre task execution logs
[2026-04-16T03:10:30.789+0000] {taskinstance.py:2073} INFO - Dependencies all met for dep_context=non-requeueable deps ti=<TaskInstance: elt_pipeline_snowflake.extract_load scheduled__2026-04-15T00:00:00+00:00 [queued]>
[2026-04-16T03:10:30.812+0000] {taskinstance.py:2073} INFO - Dependencies all met for dep_context=requeueable deps ti=<TaskInstance: elt_pipeline_snowflake.extract_load scheduled__2026-04-15T00:00:00+00:00 [queued]>
[2026-04-16T03:10:30.817+0000] {taskinstance.py:2303} INFO - Starting attempt 1 of 2
[2026-04-16T03:10:30.849+0000] {taskinstance.py:2327} INFO - Executing <Task(BashOperator): extract_load> on 2026-04-15 00:00:00+00:00
[2026-04-16T03:10:30.879+0000] {standard_task_runner.py:90} INFO - Running: ['***', 'tasks', 'run', 'elt_pipeline_snowflake', 'extract_load', 'scheduled__2026-04-15T00:00:00+00:00', '--job-id', '34', '--raw', '--subdir', 'DAGS_FOLDER/elt_pipeline.py', '--cfg-path', '/tmp/tmp_j22rvyt']
[2026-04-16T03:10:30.889+0000] {logging_mixin.py:188} WARNING - /home/***/.local/lib/python3.12/site-packages/***/task/task_runner/standard_task_runner.py:61 DeprecationWarning: This process (pid=2451) is multi-threaded, use of fork() may lead to deadlocks in the child.
[2026-04-16T03:10:30.901+0000] {standard_task_runner.py:91} INFO - Job 34: Subtask extract_load
[2026-04-16T03:10:30.929+0000] {standard_task_runner.py:63} INFO - Started process 2463 to run task
[2026-04-16T03:10:31.093+0000] {task_command.py:426} INFO - Running <TaskInstance: elt_pipeline_snowflake.extract_load scheduled__2026-04-15T00:00:00+00:00 [running]> on host 8abcf8b261db
[2026-04-16T03:10:31.282+0000] {taskinstance.py:2644} INFO - Exporting env vars: AIRFLOW_CTX_DAG_OWNER='juan' AIRFLOW_CTX_DAG_ID='elt_pipeline_snowflake' AIRFLOW_CTX_TASK_ID='extract_load' AIRFLOW_CTX_EXECUTION_DATE='2026-04-15T00:00:00+00:00' AIRFLOW_CTX_TRY_NUMBER='1' AIRFLOW_CTX_DAG_RUN_ID='scheduled__2026-04-15T00:00:00+00:00'
[2026-04-16T03:10:31.292+0000] {taskinstance.py:430} INFO - ::endgroup::
[2026-04-16T03:10:31.340+0000] {subprocess.py:63} INFO - Tmp dir root location: /tmp
[2026-04-16T03:10:31.345+0000] {subprocess.py:75} INFO - Running command: ['/usr/bin/bash', '-c', "echo 'Data already loaded into Snowflake from S3'"]
[2026-04-16T03:10:31.371+0000] {subprocess.py:86} INFO - Output:
[2026-04-16T03:10:31.382+0000] {subprocess.py:93} INFO - Data already loaded into Snowflake from S3
[2026-04-16T03:10:31.386+0000] {subprocess.py:97} INFO - Command exited with return code 0
[2026-04-16T03:10:31.393+0000] {taskinstance.py:441} INFO - ::group::Post task execution logs
[2026-04-16T03:10:31.445+0000] {taskinstance.py:1205} INFO - Marking task as SUCCESS. dag_id=elt_pipeline_snowflake, task_id=extract_load, execution_date=20260415T000000, start_date=20260416T031030, end_date=20260416T031031
[2026-04-16T03:10:31.506+0000] {local_task_job_runner.py:240} INFO - Task exited with return code 0
[2026-04-16T03:10:31.556+0000] {taskinstance.py:3482} INFO - 1 downstream tasks scheduled from follow-on schedule check
[2026-04-16T03:10:31.562+0000] {local_task_job_runner.py:222} INFO - ::endgroup::
[2026-04-16T03:59:05.674+0000] {local_task_job_runner.py:120} INFO - ::group::Pre task execution logs
[2026-04-16T03:59:05.704+0000] {taskinstance.py:2073} INFO - Dependencies all met for dep_context=non-requeueable deps ti=<TaskInstance: elt_pipeline_snowflake.extract_load scheduled__2026-04-15T00:00:00+00:00 [queued]>
[2026-04-16T03:59:05.711+0000] {taskinstance.py:2073} INFO - Dependencies all met for dep_context=requeueable deps ti=<TaskInstance: elt_pipeline_snowflake.extract_load scheduled__2026-04-15T00:00:00+00:00 [queued]>
[2026-04-16T03:59:05.712+0000] {taskinstance.py:2303} INFO - Starting attempt 1 of 2
[2026-04-16T03:59:05.725+0000] {taskinstance.py:2327} INFO - Executing <Task(PythonOperator): extract_load> on 2026-04-15 00:00:00+00:00
[2026-04-16T03:59:05.734+0000] {logging_mixin.py:188} WARNING - /home/***/.local/lib/python3.12/site-packages/***/task/task_runner/standard_task_runner.py:61 DeprecationWarning: This process (pid=3339) is multi-threaded, use of fork() may lead to deadlocks in the child.
[2026-04-16T03:59:05.734+0000] {standard_task_runner.py:90} INFO - Running: ['***', 'tasks', 'run', 'elt_pipeline_snowflake', 'extract_load', 'scheduled__2026-04-15T00:00:00+00:00', '--job-id', '46', '--raw', '--subdir', 'DAGS_FOLDER/elt_pipeline.py', '--cfg-path', '/tmp/tmprvgygon2']
[2026-04-16T03:59:05.736+0000] {standard_task_runner.py:63} INFO - Started process 3351 to run task
[2026-04-16T03:59:05.737+0000] {standard_task_runner.py:91} INFO - Job 46: Subtask extract_load
[2026-04-16T03:59:05.791+0000] {task_command.py:426} INFO - Running <TaskInstance: elt_pipeline_snowflake.extract_load scheduled__2026-04-15T00:00:00+00:00 [running]> on host 8abcf8b261db
[2026-04-16T03:59:05.865+0000] {taskinstance.py:2644} INFO - Exporting env vars: AIRFLOW_CTX_DAG_OWNER='juan' AIRFLOW_CTX_DAG_ID='elt_pipeline_snowflake' AIRFLOW_CTX_TASK_ID='extract_load' AIRFLOW_CTX_EXECUTION_DATE='2026-04-15T00:00:00+00:00' AIRFLOW_CTX_TRY_NUMBER='1' AIRFLOW_CTX_DAG_RUN_ID='scheduled__2026-04-15T00:00:00+00:00'
[2026-04-16T03:59:05.866+0000] {taskinstance.py:430} INFO - ::endgroup::
[2026-04-16T03:59:05.883+0000] {connection.py:620} INFO - Snowflake Connector for Python Version: 4.4.0, Python Version: 3.12.2, Platform: Linux-5.15.167.4-microsoft-standard-WSL2-x86_64-with-glibc2.36
[2026-04-16T03:59:05.885+0000] {connection.py:1716} INFO - Connecting to GLOBAL Snowflake domain
[2026-04-16T03:59:06.052+0000] {credentials.py:1147} INFO - Found credentials in environment variables.
[2026-04-16T03:59:08.920+0000] {python.py:237} INFO - Done. Returned value was: None
[2026-04-16T03:59:08.923+0000] {taskinstance.py:441} INFO - ::group::Post task execution logs
[2026-04-16T03:59:08.934+0000] {taskinstance.py:1205} INFO - Marking task as SUCCESS. dag_id=elt_pipeline_snowflake, task_id=extract_load, execution_date=20260415T000000, start_date=20260416T035905, end_date=20260416T035908
[2026-04-16T03:59:08.962+0000] {local_task_job_runner.py:240} INFO - Task exited with return code 0
[2026-04-16T03:59:08.987+0000] {taskinstance.py:3482} INFO - 1 downstream tasks scheduled from follow-on schedule check
[2026-04-16T03:59:08.991+0000] {local_task_job_runner.py:222} INFO - ::endgroup::
[2026-04-16T04:06:49.744+0000] {local_task_job_runner.py:120} INFO - ::group::Pre task execution logs
[2026-04-16T04:06:49.770+0000] {taskinstance.py:2073} INFO - Dependencies all met for dep_context=non-requeueable deps ti=<TaskInstance: elt_pipeline_snowflake.extract_load scheduled__2026-04-15T00:00:00+00:00 [queued]>
[2026-04-16T04:06:49.787+0000] {taskinstance.py:2073} INFO - Dependencies all met for dep_context=requeueable deps ti=<TaskInstance: elt_pipeline_snowflake.extract_load scheduled__2026-04-15T00:00:00+00:00 [queued]>
[2026-04-16T04:06:49.788+0000] {taskinstance.py:2303} INFO - Starting attempt 1 of 2
[2026-04-16T04:06:49.811+0000] {taskinstance.py:2327} INFO - Executing <Task(PythonOperator): extract_load> on 2026-04-15 00:00:00+00:00
[2026-04-16T04:06:49.819+0000] {logging_mixin.py:188} WARNING - /home/***/.local/lib/python3.12/site-packages/***/task/task_runner/standard_task_runner.py:61 DeprecationWarning: This process (pid=3581) is multi-threaded, use of fork() may lead to deadlocks in the child.
[2026-04-16T04:06:49.821+0000] {standard_task_runner.py:63} INFO - Started process 3585 to run task
[2026-04-16T04:06:49.819+0000] {standard_task_runner.py:90} INFO - Running: ['***', 'tasks', 'run', 'elt_pipeline_snowflake', 'extract_load', 'scheduled__2026-04-15T00:00:00+00:00', '--job-id', '50', '--raw', '--subdir', 'DAGS_FOLDER/elt_pipeline.py', '--cfg-path', '/tmp/tmprbpqs23c']
[2026-04-16T04:06:49.823+0000] {standard_task_runner.py:91} INFO - Job 50: Subtask extract_load
[2026-04-16T04:06:49.885+0000] {task_command.py:426} INFO - Running <TaskInstance: elt_pipeline_snowflake.extract_load scheduled__2026-04-15T00:00:00+00:00 [running]> on host 8abcf8b261db
[2026-04-16T04:06:49.982+0000] {taskinstance.py:2644} INFO - Exporting env vars: AIRFLOW_CTX_DAG_OWNER='juan' AIRFLOW_CTX_DAG_ID='elt_pipeline_snowflake' AIRFLOW_CTX_TASK_ID='extract_load' AIRFLOW_CTX_EXECUTION_DATE='2026-04-15T00:00:00+00:00' AIRFLOW_CTX_TRY_NUMBER='1' AIRFLOW_CTX_DAG_RUN_ID='scheduled__2026-04-15T00:00:00+00:00'
[2026-04-16T04:06:49.983+0000] {taskinstance.py:430} INFO - ::endgroup::
[2026-04-16T04:06:50.000+0000] {connection.py:620} INFO - Snowflake Connector for Python Version: 4.4.0, Python Version: 3.12.2, Platform: Linux-5.15.167.4-microsoft-standard-WSL2-x86_64-with-glibc2.36
[2026-04-16T04:06:50.002+0000] {connection.py:1716} INFO - Connecting to GLOBAL Snowflake domain
[2026-04-16T04:06:50.160+0000] {credentials.py:1147} INFO - Found credentials in environment variables.
[2026-04-16T04:06:55.680+0000] {python.py:237} INFO - Done. Returned value was: None
[2026-04-16T04:06:55.681+0000] {taskinstance.py:441} INFO - ::group::Post task execution logs
[2026-04-16T04:06:55.691+0000] {taskinstance.py:1205} INFO - Marking task as SUCCESS. dag_id=elt_pipeline_snowflake, task_id=extract_load, execution_date=20260415T000000, start_date=20260416T040649, end_date=20260416T040655
[2026-04-16T04:06:55.716+0000] {local_task_job_runner.py:240} INFO - Task exited with return code 0
[2026-04-16T04:06:55.737+0000] {taskinstance.py:3482} INFO - 1 downstream tasks scheduled from follow-on schedule check
[2026-04-16T04:06:55.741+0000] {local_task_job_runner.py:222} INFO - ::endgroup::
[2026-04-16T04:26:24.543+0000] {local_task_job_runner.py:120} INFO - ::group::Pre task execution logs
[2026-04-16T04:26:24.576+0000] {taskinstance.py:2073} INFO - Dependencies all met for dep_context=non-requeueable deps ti=<TaskInstance: elt_pipeline_snowflake.extract_load scheduled__2026-04-15T00:00:00+00:00 [queued]>
[2026-04-16T04:26:24.583+0000] {taskinstance.py:2073} INFO - Dependencies all met for dep_context=requeueable deps ti=<TaskInstance: elt_pipeline_snowflake.extract_load scheduled__2026-04-15T00:00:00+00:00 [queued]>
[2026-04-16T04:26:24.584+0000] {taskinstance.py:2303} INFO - Starting attempt 1 of 2
[2026-04-16T04:26:24.598+0000] {taskinstance.py:2327} INFO - Executing <Task(PythonOperator): extract_load> on 2026-04-15 00:00:00+00:00
[2026-04-16T04:26:24.605+0000] {standard_task_runner.py:90} INFO - Running: ['***', 'tasks', 'run', 'elt_pipeline_snowflake', 'extract_load', 'scheduled__2026-04-15T00:00:00+00:00', '--job-id', '53', '--raw', '--subdir', 'DAGS_FOLDER/elt_pipeline.py', '--cfg-path', '/tmp/tmpomoyggv8']
[2026-04-16T04:26:24.605+0000] {logging_mixin.py:188} WARNING - /home/***/.local/lib/python3.12/site-packages/***/task/task_runner/standard_task_runner.py:61 DeprecationWarning: This process (pid=3965) is multi-threaded, use of fork() may lead to deadlocks in the child.
[2026-04-16T04:26:24.608+0000] {standard_task_runner.py:91} INFO - Job 53: Subtask extract_load
[2026-04-16T04:26:24.608+0000] {standard_task_runner.py:63} INFO - Started process 3969 to run task
[2026-04-16T04:26:24.661+0000] {task_command.py:426} INFO - Running <TaskInstance: elt_pipeline_snowflake.extract_load scheduled__2026-04-15T00:00:00+00:00 [running]> on host 8abcf8b261db
[2026-04-16T04:26:24.737+0000] {taskinstance.py:2644} INFO - Exporting env vars: AIRFLOW_CTX_DAG_OWNER='juan' AIRFLOW_CTX_DAG_ID='elt_pipeline_snowflake' AIRFLOW_CTX_TASK_ID='extract_load' AIRFLOW_CTX_EXECUTION_DATE='2026-04-15T00:00:00+00:00' AIRFLOW_CTX_TRY_NUMBER='1' AIRFLOW_CTX_DAG_RUN_ID='scheduled__2026-04-15T00:00:00+00:00'
[2026-04-16T04:26:24.738+0000] {taskinstance.py:430} INFO - ::endgroup::
[2026-04-16T04:26:24.760+0000] {connection.py:620} INFO - Snowflake Connector for Python Version: 4.4.0, Python Version: 3.12.2, Platform: Linux-5.15.167.4-microsoft-standard-WSL2-x86_64-with-glibc2.36
[2026-04-16T04:26:24.761+0000] {connection.py:1716} INFO - Connecting to GLOBAL Snowflake domain
[2026-04-16T04:26:24.941+0000] {credentials.py:1147} INFO - Found credentials in environment variables.
[2026-04-16T04:26:31.658+0000] {python.py:237} INFO - Done. Returned value was: None
[2026-04-16T04:26:31.659+0000] {taskinstance.py:441} INFO - ::group::Post task execution logs
[2026-04-16T04:26:31.667+0000] {taskinstance.py:1205} INFO - Marking task as SUCCESS. dag_id=elt_pipeline_snowflake, task_id=extract_load, execution_date=20260415T000000, start_date=20260416T042624, end_date=20260416T042631
[2026-04-16T04:26:31.800+0000] {local_task_job_runner.py:240} INFO - Task exited with return code 0
[2026-04-16T04:26:31.818+0000] {taskinstance.py:3482} INFO - 1 downstream tasks scheduled from follow-on schedule check
[2026-04-16T04:26:31.822+0000] {local_task_job_runner.py:222} INFO - ::endgroup::
[2026-04-16T04:27:25.911+0000] {local_task_job_runner.py:120} INFO - ::group::Pre task execution logs
[2026-04-16T04:27:25.932+0000] {taskinstance.py:2073} INFO - Dependencies all met for dep_context=non-requeueable deps ti=<TaskInstance: elt_pipeline_snowflake.extract_load scheduled__2026-04-15T00:00:00+00:00 [queued]>
[2026-04-16T04:27:25.938+0000] {taskinstance.py:2073} INFO - Dependencies all met for dep_context=requeueable deps ti=<TaskInstance: elt_pipeline_snowflake.extract_load scheduled__2026-04-15T00:00:00+00:00 [queued]>
[2026-04-16T04:27:25.939+0000] {taskinstance.py:2303} INFO - Starting attempt 1 of 2
[2026-04-16T04:27:25.953+0000] {taskinstance.py:2327} INFO - Executing <Task(PythonOperator): extract_load> on 2026-04-15 00:00:00+00:00
[2026-04-16T04:27:25.960+0000] {logging_mixin.py:188} WARNING - /home/***/.local/lib/python3.12/site-packages/***/task/task_runner/standard_task_runner.py:61 DeprecationWarning: This process (pid=4141) is multi-threaded, use of fork() may lead to deadlocks in the child.
[2026-04-16T04:27:25.960+0000] {standard_task_runner.py:90} INFO - Running: ['***', 'tasks', 'run', 'elt_pipeline_snowflake', 'extract_load', 'scheduled__2026-04-15T00:00:00+00:00', '--job-id', '59', '--raw', '--subdir', 'DAGS_FOLDER/elt_pipeline.py', '--cfg-path', '/tmp/tmpkb8h91j3']
[2026-04-16T04:27:25.962+0000] {standard_task_runner.py:63} INFO - Started process 4145 to run task
[2026-04-16T04:27:25.963+0000] {standard_task_runner.py:91} INFO - Job 59: Subtask extract_load
[2026-04-16T04:27:26.014+0000] {task_command.py:426} INFO - Running <TaskInstance: elt_pipeline_snowflake.extract_load scheduled__2026-04-15T00:00:00+00:00 [running]> on host 8abcf8b261db
[2026-04-16T04:27:26.085+0000] {taskinstance.py:2644} INFO - Exporting env vars: AIRFLOW_CTX_DAG_OWNER='juan' AIRFLOW_CTX_DAG_ID='elt_pipeline_snowflake' AIRFLOW_CTX_TASK_ID='extract_load' AIRFLOW_CTX_EXECUTION_DATE='2026-04-15T00:00:00+00:00' AIRFLOW_CTX_TRY_NUMBER='1' AIRFLOW_CTX_DAG_RUN_ID='scheduled__2026-04-15T00:00:00+00:00'
[2026-04-16T04:27:26.086+0000] {taskinstance.py:430} INFO - ::endgroup::
[2026-04-16T04:27:26.108+0000] {connection.py:620} INFO - Snowflake Connector for Python Version: 4.4.0, Python Version: 3.12.2, Platform: Linux-5.15.167.4-microsoft-standard-WSL2-x86_64-with-glibc2.36
[2026-04-16T04:27:26.109+0000] {connection.py:1716} INFO - Connecting to GLOBAL Snowflake domain
[2026-04-16T04:27:26.282+0000] {credentials.py:1147} INFO - Found credentials in environment variables.
[2026-04-16T04:27:31.483+0000] {python.py:237} INFO - Done. Returned value was: None
[2026-04-16T04:27:31.485+0000] {taskinstance.py:441} INFO - ::group::Post task execution logs
[2026-04-16T04:27:31.499+0000] {taskinstance.py:1205} INFO - Marking task as SUCCESS. dag_id=elt_pipeline_snowflake, task_id=extract_load, execution_date=20260415T000000, start_date=20260416T042725, end_date=20260416T042731
[2026-04-16T04:27:31.540+0000] {local_task_job_runner.py:240} INFO - Task exited with return code 0
[2026-04-16T04:27:31.562+0000] {taskinstance.py:3482} INFO - 1 downstream tasks scheduled from follow-on schedule check
[2026-04-16T04:27:31.567+0000] {local_task_job_runner.py:222} INFO - ::endgroup::
