[2026-04-16T03:19:24.560+0000] {local_task_job_runner.py:120} INFO - ::group::Pre task execution logs
[2026-04-16T03:19:24.586+0000] {taskinstance.py:2073} INFO - Dependencies all met for dep_context=non-requeueable deps ti=<TaskInstance: elt_pipeline_snowflake.extract_load scheduled__2026-04-15T00:00:00+00:00 [queued]>
[2026-04-16T03:19:24.594+0000] {taskinstance.py:2073} INFO - Dependencies all met for dep_context=requeueable deps ti=<TaskInstance: elt_pipeline_snowflake.extract_load scheduled__2026-04-15T00:00:00+00:00 [queued]>
[2026-04-16T03:19:24.595+0000] {taskinstance.py:2303} INFO - Starting attempt 2 of 3
[2026-04-16T03:19:24.611+0000] {taskinstance.py:2327} INFO - Executing <Task(BashOperator): extract_load> on 2026-04-15 00:00:00+00:00
[2026-04-16T03:19:24.617+0000] {standard_task_runner.py:90} INFO - Running: ['***', 'tasks', 'run', 'elt_pipeline_snowflake', 'extract_load', 'scheduled__2026-04-15T00:00:00+00:00', '--job-id', '37', '--raw', '--subdir', 'DAGS_FOLDER/elt_pipeline.py', '--cfg-path', '/tmp/tmpicbwe02b']
[2026-04-16T03:19:24.619+0000] {standard_task_runner.py:91} INFO - Job 37: Subtask extract_load
[2026-04-16T03:19:24.620+0000] {logging_mixin.py:188} WARNING - /home/***/.local/lib/python3.12/site-packages/***/task/task_runner/standard_task_runner.py:61 DeprecationWarning: This process (pid=2618) is multi-threaded, use of fork() may lead to deadlocks in the child.
[2026-04-16T03:19:24.621+0000] {standard_task_runner.py:63} INFO - Started process 2619 to run task
[2026-04-16T03:19:24.669+0000] {task_command.py:426} INFO - Running <TaskInstance: elt_pipeline_snowflake.extract_load scheduled__2026-04-15T00:00:00+00:00 [running]> on host 8abcf8b261db
[2026-04-16T03:19:24.756+0000] {taskinstance.py:2644} INFO - Exporting env vars: AIRFLOW_CTX_DAG_OWNER='juan' AIRFLOW_CTX_DAG_ID='elt_pipeline_snowflake' AIRFLOW_CTX_TASK_ID='extract_load' AIRFLOW_CTX_EXECUTION_DATE='2026-04-15T00:00:00+00:00' AIRFLOW_CTX_TRY_NUMBER='2' AIRFLOW_CTX_DAG_RUN_ID='scheduled__2026-04-15T00:00:00+00:00'
[2026-04-16T03:19:24.758+0000] {taskinstance.py:430} INFO - ::endgroup::
[2026-04-16T03:19:24.774+0000] {subprocess.py:63} INFO - Tmp dir root location: /tmp
[2026-04-16T03:19:24.777+0000] {subprocess.py:75} INFO - Running command: ['/usr/bin/bash', '-c', '\n    snowsql -a $SNOWFLAKE_ACCOUNT     -u $SNOWFLAKE_USER     -p $SNOWFLAKE_PASSWORD     -q "\n    COPY INTO raw.orders\n    FROM @my_s3_stage/orders.csv\n    FILE_FORMAT=(TYPE=CSV SKIP_HEADER=1);\n    "\n    ']
[2026-04-16T03:19:24.784+0000] {subprocess.py:86} INFO - Output:
[2026-04-16T03:19:24.800+0000] {subprocess.py:93} INFO - /usr/bin/bash: line 2: snowsql: command not found
[2026-04-16T03:19:24.802+0000] {subprocess.py:97} INFO - Command exited with return code 127
[2026-04-16T03:19:24.803+0000] {taskinstance.py:441} INFO - ::group::Post task execution logs
[2026-04-16T03:19:24.815+0000] {taskinstance.py:2890} ERROR - Task failed with exception
Traceback (most recent call last):
  File "/home/airflow/.local/lib/python3.12/site-packages/airflow/models/taskinstance.py", line 465, in _execute_task
    result = _execute_callable(context=context, **execute_callable_kwargs)
             ^^^^^^^^^^^^^^^^^^^^^^^^^^^^^^^^^^^^^^^^^^^^^^^^^^^^^^^^^^^^^
  File "/home/airflow/.local/lib/python3.12/site-packages/airflow/models/taskinstance.py", line 432, in _execute_callable
    return execute_callable(context=context, **execute_callable_kwargs)
           ^^^^^^^^^^^^^^^^^^^^^^^^^^^^^^^^^^^^^^^^^^^^^^^^^^^^^^^^^^^^
  File "/home/airflow/.local/lib/python3.12/site-packages/airflow/models/baseoperator.py", line 400, in wrapper
    return func(self, *args, **kwargs)
           ^^^^^^^^^^^^^^^^^^^^^^^^^^^
  File "/home/airflow/.local/lib/python3.12/site-packages/airflow/operators/bash.py", line 243, in execute
    raise AirflowException(
airflow.exceptions.AirflowException: Bash command failed. The command returned a non-zero exit code 127.
[2026-04-16T03:19:24.819+0000] {taskinstance.py:1205} INFO - Marking task as UP_FOR_RETRY. dag_id=elt_pipeline_snowflake, task_id=extract_load, execution_date=20260415T000000, start_date=20260416T031924, end_date=20260416T031924
[2026-04-16T03:19:24.838+0000] {standard_task_runner.py:110} ERROR - Failed to execute job 37 for task extract_load (Bash command failed. The command returned a non-zero exit code 127.; 2619)
[2026-04-16T03:19:24.875+0000] {local_task_job_runner.py:240} INFO - Task exited with return code 1
[2026-04-16T03:19:24.897+0000] {taskinstance.py:3482} INFO - 0 downstream tasks scheduled from follow-on schedule check
[2026-04-16T03:19:24.907+0000] {local_task_job_runner.py:222} INFO - ::endgroup::
