[2026-04-16T03:20:56.958+0000] {local_task_job_runner.py:120} INFO - ::group::Pre task execution logs
[2026-04-16T03:20:56.985+0000] {taskinstance.py:2073} INFO - Dependencies all met for dep_context=non-requeueable deps ti=<TaskInstance: elt_pipeline_snowflake.extract_load scheduled__2026-04-15T00:00:00+00:00 [queued]>
[2026-04-16T03:20:56.992+0000] {taskinstance.py:2073} INFO - Dependencies all met for dep_context=requeueable deps ti=<TaskInstance: elt_pipeline_snowflake.extract_load scheduled__2026-04-15T00:00:00+00:00 [queued]>
[2026-04-16T03:20:56.995+0000] {taskinstance.py:2303} INFO - Starting attempt 3 of 4
[2026-04-16T03:20:57.009+0000] {taskinstance.py:2327} INFO - Executing <Task(BashOperator): extract_load> on 2026-04-15 00:00:00+00:00
[2026-04-16T03:20:57.015+0000] {standard_task_runner.py:90} INFO - Running: ['***', 'tasks', 'run', 'elt_pipeline_snowflake', 'extract_load', 'scheduled__2026-04-15T00:00:00+00:00', '--job-id', '38', '--raw', '--subdir', 'DAGS_FOLDER/elt_pipeline.py', '--cfg-path', '/tmp/tmpmgowr_md']
[2026-04-16T03:20:57.018+0000] {logging_mixin.py:188} WARNING - /home/***/.local/lib/python3.12/site-packages/***/task/task_runner/standard_task_runner.py:61 DeprecationWarning: This process (pid=2637) is multi-threaded, use of fork() may lead to deadlocks in the child.
[2026-04-16T03:20:57.018+0000] {standard_task_runner.py:91} INFO - Job 38: Subtask extract_load
[2026-04-16T03:20:57.019+0000] {standard_task_runner.py:63} INFO - Started process 2638 to run task
[2026-04-16T03:20:57.072+0000] {task_command.py:426} INFO - Running <TaskInstance: elt_pipeline_snowflake.extract_load scheduled__2026-04-15T00:00:00+00:00 [running]> on host 8abcf8b261db
[2026-04-16T03:20:57.154+0000] {taskinstance.py:2644} INFO - Exporting env vars: AIRFLOW_CTX_DAG_OWNER='juan' AIRFLOW_CTX_DAG_ID='elt_pipeline_snowflake' AIRFLOW_CTX_TASK_ID='extract_load' AIRFLOW_CTX_EXECUTION_DATE='2026-04-15T00:00:00+00:00' AIRFLOW_CTX_TRY_NUMBER='3' AIRFLOW_CTX_DAG_RUN_ID='scheduled__2026-04-15T00:00:00+00:00'
[2026-04-16T03:20:57.155+0000] {taskinstance.py:430} INFO - ::endgroup::
[2026-04-16T03:20:57.169+0000] {subprocess.py:63} INFO - Tmp dir root location: /tmp
[2026-04-16T03:20:57.172+0000] {subprocess.py:75} INFO - Running command: ['/usr/bin/bash', '-c', '\n    snowsql -a $SNOWFLAKE_ACCOUNT             -u $SNOWFLAKE_USER             -p $SNOWFLAKE_PASSWORD             -q "\n            COPY INTO raw.orders\n            FROM @my_s3_stage/orders.csv\n            FILE_FORMAT=(TYPE=CSV SKIP_HEADER=1);\n            "\n    ']
[2026-04-16T03:20:57.179+0000] {subprocess.py:86} INFO - Output:
[2026-04-16T03:20:57.180+0000] {subprocess.py:93} INFO - /usr/bin/bash: line 2: snowsql: command not found
[2026-04-16T03:20:57.181+0000] {subprocess.py:97} INFO - Command exited with return code 127
[2026-04-16T03:20:57.183+0000] {taskinstance.py:441} INFO - ::group::Post task execution logs
[2026-04-16T03:20:57.192+0000] {taskinstance.py:2890} ERROR - Task failed with exception
Traceback (most recent call last):
  File "/home/airflow/.local/lib/python3.12/site-packages/airflow/models/taskinstance.py", line 465, in _execute_task
    result = _execute_callable(context=context, **execute_callable_kwargs)
             ^^^^^^^^^^^^^^^^^^^^^^^^^^^^^^^^^^^^^^^^^^^^^^^^^^^^^^^^^^^^^
  File "/home/airflow/.local/lib/python3.12/site-packages/airflow/models/taskinstance.py", line 432, in _execute_callable
    return execute_callable(context=context, **execute_callable_kwargs)
           ^^^^^^^^^^^^^^^^^^^^^^^^^^^^^^^^^^^^^^^^^^^^^^^^^^^^^^^^^^^^
  File "/home/airflow/.local/lib/python3.12/site-packages/airflow/models/baseoperator.py", line 400, in wrapper
    return func(self, *args, **kwargs)
           ^^^^^^^^^^^^^^^^^^^^^^^^^^^
  File "/home/airflow/.local/lib/python3.12/site-packages/airflow/operators/bash.py", line 243, in execute
    raise AirflowException(
airflow.exceptions.AirflowException: Bash command failed. The command returned a non-zero exit code 127.
[2026-04-16T03:20:57.197+0000] {taskinstance.py:1205} INFO - Marking task as UP_FOR_RETRY. dag_id=elt_pipeline_snowflake, task_id=extract_load, execution_date=20260415T000000, start_date=20260416T032056, end_date=20260416T032057
[2026-04-16T03:20:57.209+0000] {standard_task_runner.py:110} ERROR - Failed to execute job 38 for task extract_load (Bash command failed. The command returned a non-zero exit code 127.; 2638)
[2026-04-16T03:20:57.235+0000] {local_task_job_runner.py:240} INFO - Task exited with return code 1
[2026-04-16T03:20:57.253+0000] {taskinstance.py:3482} INFO - 0 downstream tasks scheduled from follow-on schedule check
[2026-04-16T03:20:57.257+0000] {local_task_job_runner.py:222} INFO - ::endgroup::
