[2026-04-16T04:26:30.908+0000] {local_task_job_runner.py:120} INFO - ::group::Pre task execution logs
[2026-04-16T04:26:30.929+0000] {taskinstance.py:2073} INFO - Dependencies all met for dep_context=non-requeueable deps ti=<TaskInstance: elt_pipeline_snowflake.dbt_run manual__2026-04-16T04:26:24.984029+00:00 [queued]>
[2026-04-16T04:26:30.938+0000] {taskinstance.py:2073} INFO - Dependencies all met for dep_context=requeueable deps ti=<TaskInstance: elt_pipeline_snowflake.dbt_run manual__2026-04-16T04:26:24.984029+00:00 [queued]>
[2026-04-16T04:26:30.939+0000] {taskinstance.py:2303} INFO - Starting attempt 1 of 2
[2026-04-16T04:26:30.952+0000] {taskinstance.py:2327} INFO - Executing <Task(BashOperator): dbt_run> on 2026-04-16 04:26:24.984029+00:00
[2026-04-16T04:26:30.958+0000] {logging_mixin.py:188} WARNING - /home/***/.local/lib/python3.12/site-packages/***/task/task_runner/standard_task_runner.py:61 DeprecationWarning: This process (pid=3987) is multi-threaded, use of fork() may lead to deadlocks in the child.
[2026-04-16T04:26:30.959+0000] {standard_task_runner.py:63} INFO - Started process 3991 to run task
[2026-04-16T04:26:30.958+0000] {standard_task_runner.py:90} INFO - Running: ['***', 'tasks', 'run', 'elt_pipeline_snowflake', 'dbt_run', 'manual__2026-04-16T04:26:24.984029+00:00', '--job-id', '55', '--raw', '--subdir', 'DAGS_FOLDER/elt_pipeline.py', '--cfg-path', '/tmp/tmpoyqyl4ua']
[2026-04-16T04:26:30.960+0000] {standard_task_runner.py:91} INFO - Job 55: Subtask dbt_run
[2026-04-16T04:26:30.999+0000] {task_command.py:426} INFO - Running <TaskInstance: elt_pipeline_snowflake.dbt_run manual__2026-04-16T04:26:24.984029+00:00 [running]> on host 8abcf8b261db
[2026-04-16T04:26:31.062+0000] {taskinstance.py:2644} INFO - Exporting env vars: AIRFLOW_CTX_DAG_OWNER='juan' AIRFLOW_CTX_DAG_ID='elt_pipeline_snowflake' AIRFLOW_CTX_TASK_ID='dbt_run' AIRFLOW_CTX_EXECUTION_DATE='2026-04-16T04:26:24.984029+00:00' AIRFLOW_CTX_TRY_NUMBER='1' AIRFLOW_CTX_DAG_RUN_ID='manual__2026-04-16T04:26:24.984029+00:00'
[2026-04-16T04:26:31.064+0000] {taskinstance.py:430} INFO - ::endgroup::
[2026-04-16T04:26:31.073+0000] {subprocess.py:63} INFO - Tmp dir root location: /tmp
[2026-04-16T04:26:31.075+0000] {subprocess.py:75} INFO - Running command: ['/usr/bin/bash', '-c', '\n        set -a\n        source /opt/***/.env\n        set +a\n\n        cd /opt/***/elt_project\n        /home/***/.local/bin/dbt run --profiles-dir /opt/***/elt_project\n        ']
[2026-04-16T04:26:31.084+0000] {subprocess.py:86} INFO - Output:
[2026-04-16T04:26:33.559+0000] {subprocess.py:93} INFO - [0m04:26:33  Running with dbt=1.11.8
[2026-04-16T04:26:34.548+0000] {subprocess.py:93} INFO - [0m04:26:34  Registered adapter: snowflake=1.11.4
[2026-04-16T04:26:35.550+0000] {subprocess.py:93} INFO - [0m04:26:35  [[33mWARNING[0m]: Configuration paths exist in your dbt_project.yml file which do not apply to any resources.
[2026-04-16T04:26:35.551+0000] {subprocess.py:93} INFO - There are 2 unused configuration paths:
[2026-04-16T04:26:35.553+0000] {subprocess.py:93} INFO - - models.elt_project.intermediate
[2026-04-16T04:26:35.557+0000] {subprocess.py:93} INFO - - models.elt_project.marts
[2026-04-16T04:26:35.771+0000] {subprocess.py:93} INFO - [0m04:26:35  Found 4 models, 12 data tests, 1 source, 523 macros
[2026-04-16T04:26:35.776+0000] {subprocess.py:93} INFO - [0m04:26:35
[2026-04-16T04:26:35.778+0000] {subprocess.py:93} INFO - [0m04:26:35  Concurrency: 4 threads (target='dev')
[2026-04-16T04:26:35.779+0000] {subprocess.py:93} INFO - [0m04:26:35
[2026-04-16T04:26:36.736+0000] {subprocess.py:93} INFO - [0m04:26:36  1 of 4 START sql incremental model staging.stg_orders .......................... [RUN]
[2026-04-16T04:26:40.878+0000] {subprocess.py:93} INFO - [0m04:26:40  1 of 4 OK created sql incremental model staging.stg_orders ..................... [[32mSUCCESS 99441[0m in 4.13s]
[2026-04-16T04:26:40.886+0000] {subprocess.py:93} INFO - [0m04:26:40  2 of 4 START sql view model staging.dim_customers .............................. [RUN]
[2026-04-16T04:26:40.887+0000] {subprocess.py:93} INFO - [0m04:26:40  3 of 4 START sql view model staging.fact_orders ................................ [RUN]
[2026-04-16T04:26:40.888+0000] {subprocess.py:93} INFO - [0m04:26:40  4 of 4 START sql view model staging.orders_summary ............................. [RUN]
[2026-04-16T04:26:41.854+0000] {subprocess.py:93} INFO - [0m04:26:41  2 of 4 OK created sql view model staging.dim_customers ......................... [[32mSUCCESS 1[0m in 0.96s]
[2026-04-16T04:26:41.911+0000] {subprocess.py:93} INFO - [0m04:26:41  3 of 4 OK created sql view model staging.fact_orders ........................... [[32mSUCCESS 1[0m in 1.02s]
[2026-04-16T04:26:41.953+0000] {subprocess.py:93} INFO - [0m04:26:41  4 of 4 OK created sql view model staging.orders_summary ........................ [[32mSUCCESS 1[0m in 1.06s]
[2026-04-16T04:26:43.555+0000] {subprocess.py:93} INFO - [0m04:26:43
[2026-04-16T04:26:43.557+0000] {subprocess.py:93} INFO - [0m04:26:43  Finished running 1 incremental model, 3 view models in 0 hours 0 minutes and 7.77 seconds (7.77s).
[2026-04-16T04:26:43.653+0000] {subprocess.py:93} INFO - [0m04:26:43
[2026-04-16T04:26:43.667+0000] {subprocess.py:93} INFO - [0m04:26:43  [32mCompleted successfully[0m
[2026-04-16T04:26:43.669+0000] {subprocess.py:93} INFO - [0m04:26:43
[2026-04-16T04:26:43.673+0000] {subprocess.py:93} INFO - [0m04:26:43  Done. PASS=4 WARN=0 ERROR=0 SKIP=0 NO-OP=0 TOTAL=4
[2026-04-16T04:26:44.737+0000] {subprocess.py:97} INFO - Command exited with return code 0
[2026-04-16T04:26:44.739+0000] {taskinstance.py:441} INFO - ::group::Post task execution logs
[2026-04-16T04:26:44.761+0000] {taskinstance.py:1205} INFO - Marking task as SUCCESS. dag_id=elt_pipeline_snowflake, task_id=dbt_run, execution_date=20260416T042624, start_date=20260416T042630, end_date=20260416T042644
[2026-04-16T04:26:44.797+0000] {local_task_job_runner.py:240} INFO - Task exited with return code 0
[2026-04-16T04:26:44.819+0000] {taskinstance.py:3482} INFO - 1 downstream tasks scheduled from follow-on schedule check
[2026-04-16T04:26:44.824+0000] {local_task_job_runner.py:222} INFO - ::endgroup::
