[2026-04-15T22:17:15.971+0000] {local_task_job_runner.py:120} INFO - ::group::Pre task execution logs
[2026-04-15T22:17:16.002+0000] {taskinstance.py:2073} INFO - Dependencies all met for dep_context=non-requeueable deps ti=<TaskInstance: elt_pipeline_snowflake.extract_load manual__2026-04-15T22:17:15.540124+00:00 [queued]>
[2026-04-15T22:17:16.011+0000] {taskinstance.py:2073} INFO - Dependencies all met for dep_context=requeueable deps ti=<TaskInstance: elt_pipeline_snowflake.extract_load manual__2026-04-15T22:17:15.540124+00:00 [queued]>
[2026-04-15T22:17:16.012+0000] {taskinstance.py:2303} INFO - Starting attempt 1 of 2
[2026-04-15T22:17:16.029+0000] {taskinstance.py:2327} INFO - Executing <Task(BashOperator): extract_load> on 2026-04-15 22:17:15.540124+00:00
[2026-04-15T22:17:16.036+0000] {standard_task_runner.py:90} INFO - Running: ['***', 'tasks', 'run', 'elt_pipeline_snowflake', 'extract_load', 'manual__2026-04-15T22:17:15.540124+00:00', '--job-id', '28', '--raw', '--subdir', 'DAGS_FOLDER/elt_pipeline.py', '--cfg-path', '/tmp/tmpin5un6yh']
[2026-04-15T22:17:16.040+0000] {standard_task_runner.py:91} INFO - Job 28: Subtask extract_load
[2026-04-15T22:17:16.043+0000] {logging_mixin.py:188} WARNING - /home/***/.local/lib/python3.12/site-packages/***/task/task_runner/standard_task_runner.py:61 DeprecationWarning: This process (pid=2099) is multi-threaded, use of fork() may lead to deadlocks in the child.
[2026-04-15T22:17:16.044+0000] {standard_task_runner.py:63} INFO - Started process 2100 to run task
[2026-04-15T22:17:16.103+0000] {task_command.py:426} INFO - Running <TaskInstance: elt_pipeline_snowflake.extract_load manual__2026-04-15T22:17:15.540124+00:00 [running]> on host 8abcf8b261db
[2026-04-15T22:17:16.181+0000] {taskinstance.py:2644} INFO - Exporting env vars: AIRFLOW_CTX_DAG_OWNER='juan' AIRFLOW_CTX_DAG_ID='elt_pipeline_snowflake' AIRFLOW_CTX_TASK_ID='extract_load' AIRFLOW_CTX_EXECUTION_DATE='2026-04-15T22:17:15.540124+00:00' AIRFLOW_CTX_TRY_NUMBER='1' AIRFLOW_CTX_DAG_RUN_ID='manual__2026-04-15T22:17:15.540124+00:00'
[2026-04-15T22:17:16.182+0000] {taskinstance.py:430} INFO - ::endgroup::
[2026-04-15T22:17:16.196+0000] {subprocess.py:63} INFO - Tmp dir root location: /tmp
[2026-04-15T22:17:16.198+0000] {subprocess.py:75} INFO - Running command: ['/usr/bin/bash', '-c', "echo 'Data already loaded into Snowflake from S3'"]
[2026-04-15T22:17:16.205+0000] {subprocess.py:86} INFO - Output:
[2026-04-15T22:17:16.206+0000] {subprocess.py:93} INFO - Data already loaded into Snowflake from S3
[2026-04-15T22:17:16.207+0000] {subprocess.py:97} INFO - Command exited with return code 0
[2026-04-15T22:17:16.208+0000] {taskinstance.py:441} INFO - ::group::Post task execution logs
[2026-04-15T22:17:16.234+0000] {taskinstance.py:1205} INFO - Marking task as SUCCESS. dag_id=elt_pipeline_snowflake, task_id=extract_load, execution_date=20260415T221715, start_date=20260415T221716, end_date=20260415T221716
[2026-04-15T22:17:16.259+0000] {local_task_job_runner.py:240} INFO - Task exited with return code 0
[2026-04-15T22:17:16.281+0000] {taskinstance.py:3482} INFO - 1 downstream tasks scheduled from follow-on schedule check
[2026-04-15T22:17:16.288+0000] {local_task_job_runner.py:222} INFO - ::endgroup::
