[2026-04-15T15:42:22.713+0000] {local_task_job_runner.py:120} INFO - ::group::Pre task execution logs
[2026-04-15T15:42:22.756+0000] {taskinstance.py:2073} INFO - Dependencies all met for dep_context=non-requeueable deps ti=<TaskInstance: elt_pipeline_snowflake.extract_load manual__2026-04-15T15:42:21.733974+00:00 [queued]>
[2026-04-15T15:42:22.765+0000] {taskinstance.py:2073} INFO - Dependencies all met for dep_context=requeueable deps ti=<TaskInstance: elt_pipeline_snowflake.extract_load manual__2026-04-15T15:42:21.733974+00:00 [queued]>
[2026-04-15T15:42:22.766+0000] {taskinstance.py:2303} INFO - Starting attempt 1 of 2
[2026-04-15T15:42:22.780+0000] {taskinstance.py:2327} INFO - Executing <Task(BashOperator): extract_load> on 2026-04-15 15:42:21.733974+00:00
[2026-04-15T15:42:22.788+0000] {standard_task_runner.py:90} INFO - Running: ['***', 'tasks', 'run', 'elt_pipeline_snowflake', 'extract_load', 'manual__2026-04-15T15:42:21.733974+00:00', '--job-id', '3', '--raw', '--subdir', 'DAGS_FOLDER/elt_pipeline.py', '--cfg-path', '/tmp/tmpa7p485kq']
[2026-04-15T15:42:22.791+0000] {standard_task_runner.py:91} INFO - Job 3: Subtask extract_load
[2026-04-15T15:42:22.793+0000] {logging_mixin.py:188} WARNING - /home/***/.local/lib/python3.12/site-packages/***/task/task_runner/standard_task_runner.py:61 DeprecationWarning: This process (pid=396) is multi-threaded, use of fork() may lead to deadlocks in the child.
[2026-04-15T15:42:22.794+0000] {standard_task_runner.py:63} INFO - Started process 398 to run task
[2026-04-15T15:42:22.847+0000] {task_command.py:426} INFO - Running <TaskInstance: elt_pipeline_snowflake.extract_load manual__2026-04-15T15:42:21.733974+00:00 [running]> on host 93e181e324b5
[2026-04-15T15:42:22.944+0000] {taskinstance.py:2644} INFO - Exporting env vars: AIRFLOW_CTX_DAG_OWNER='juan' AIRFLOW_CTX_DAG_ID='elt_pipeline_snowflake' AIRFLOW_CTX_TASK_ID='extract_load' AIRFLOW_CTX_EXECUTION_DATE='2026-04-15T15:42:21.733974+00:00' AIRFLOW_CTX_TRY_NUMBER='1' AIRFLOW_CTX_DAG_RUN_ID='manual__2026-04-15T15:42:21.733974+00:00'
[2026-04-15T15:42:22.945+0000] {taskinstance.py:430} INFO - ::endgroup::
[2026-04-15T15:42:22.992+0000] {subprocess.py:63} INFO - Tmp dir root location: /tmp
[2026-04-15T15:42:22.995+0000] {subprocess.py:75} INFO - Running command: ['/usr/bin/bash', '-c', "echo 'Data already loaded into Snowflake from S3'"]
[2026-04-15T15:42:23.009+0000] {subprocess.py:86} INFO - Output:
[2026-04-15T15:42:23.022+0000] {subprocess.py:93} INFO - Data already loaded into Snowflake from S3
[2026-04-15T15:42:23.026+0000] {subprocess.py:97} INFO - Command exited with return code 0
[2026-04-15T15:42:23.028+0000] {taskinstance.py:441} INFO - ::group::Post task execution logs
[2026-04-15T15:42:23.066+0000] {taskinstance.py:1205} INFO - Marking task as SUCCESS. dag_id=elt_pipeline_snowflake, task_id=extract_load, execution_date=20260415T154221, start_date=20260415T154222, end_date=20260415T154223
[2026-04-15T15:42:23.089+0000] {local_task_job_runner.py:240} INFO - Task exited with return code 0
[2026-04-15T15:42:23.113+0000] {taskinstance.py:3482} INFO - 1 downstream tasks scheduled from follow-on schedule check
[2026-04-15T15:42:23.117+0000] {local_task_job_runner.py:222} INFO - ::endgroup::
