[2026-04-15T16:23:53.481+0000] {local_task_job_runner.py:120} INFO - ::group::Pre task execution logs
[2026-04-15T16:23:53.508+0000] {taskinstance.py:2073} INFO - Dependencies all met for dep_context=non-requeueable deps ti=<TaskInstance: elt_pipeline_snowflake.dbt_run manual__2026-04-15T16:18:47.810029+00:00 [queued]>
[2026-04-15T16:23:53.515+0000] {taskinstance.py:2073} INFO - Dependencies all met for dep_context=requeueable deps ti=<TaskInstance: elt_pipeline_snowflake.dbt_run manual__2026-04-15T16:18:47.810029+00:00 [queued]>
[2026-04-15T16:23:53.516+0000] {taskinstance.py:2303} INFO - Starting attempt 2 of 2
[2026-04-15T16:23:53.528+0000] {taskinstance.py:2327} INFO - Executing <Task(BashOperator): dbt_run> on 2026-04-15 16:18:47.810029+00:00
[2026-04-15T16:23:53.534+0000] {standard_task_runner.py:90} INFO - Running: ['***', 'tasks', 'run', 'elt_pipeline_snowflake', 'dbt_run', 'manual__2026-04-15T16:18:47.810029+00:00', '--job-id', '14', '--raw', '--subdir', 'DAGS_FOLDER/elt_pipeline.py', '--cfg-path', '/tmp/tmpx26mwpnu']
[2026-04-15T16:23:53.537+0000] {standard_task_runner.py:91} INFO - Job 14: Subtask dbt_run
[2026-04-15T16:23:53.540+0000] {logging_mixin.py:188} WARNING - /home/***/.local/lib/python3.12/site-packages/***/task/task_runner/standard_task_runner.py:61 DeprecationWarning: This process (pid=311) is multi-threaded, use of fork() may lead to deadlocks in the child.
[2026-04-15T16:23:53.541+0000] {standard_task_runner.py:63} INFO - Started process 312 to run task
[2026-04-15T16:23:53.585+0000] {task_command.py:426} INFO - Running <TaskInstance: elt_pipeline_snowflake.dbt_run manual__2026-04-15T16:18:47.810029+00:00 [running]> on host 8abcf8b261db
[2026-04-15T16:23:53.654+0000] {taskinstance.py:2644} INFO - Exporting env vars: AIRFLOW_CTX_DAG_OWNER='juan' AIRFLOW_CTX_DAG_ID='elt_pipeline_snowflake' AIRFLOW_CTX_TASK_ID='dbt_run' AIRFLOW_CTX_EXECUTION_DATE='2026-04-15T16:18:47.810029+00:00' AIRFLOW_CTX_TRY_NUMBER='2' AIRFLOW_CTX_DAG_RUN_ID='manual__2026-04-15T16:18:47.810029+00:00'
[2026-04-15T16:23:53.655+0000] {taskinstance.py:430} INFO - ::endgroup::
[2026-04-15T16:23:53.668+0000] {subprocess.py:63} INFO - Tmp dir root location: /tmp
[2026-04-15T16:23:53.669+0000] {subprocess.py:75} INFO - Running command: ['/usr/bin/bash', '-c', '\n        set -a\n        source /opt/***/.env\n        set +a\n\n        cd /opt/***/dbt_project\n        /home/***/.local/bin/dbt run --profiles-dir /opt/***/elt_project\n        ']
[2026-04-15T16:23:53.675+0000] {subprocess.py:86} INFO - Output:
[2026-04-15T16:23:55.684+0000] {subprocess.py:93} INFO - [0m16:23:55  Running with dbt=1.11.8
[2026-04-15T16:23:55.689+0000] {subprocess.py:93} INFO - [0m16:23:55  Encountered an error:
[2026-04-15T16:23:55.690+0000] {subprocess.py:93} INFO - Runtime Error
[2026-04-15T16:23:55.691+0000] {subprocess.py:93} INFO -   No dbt_project.yml found at expected path /opt/***/dbt_project/dbt_project.yml
[2026-04-15T16:23:55.691+0000] {subprocess.py:93} INFO -   Verify that each entry within packages.yml (and their transitive dependencies) contains a file named dbt_project.yml
[2026-04-15T16:23:55.692+0000] {subprocess.py:93} INFO - 
[2026-04-15T16:23:56.603+0000] {subprocess.py:97} INFO - Command exited with return code 2
[2026-04-15T16:23:56.605+0000] {taskinstance.py:441} INFO - ::group::Post task execution logs
[2026-04-15T16:23:56.618+0000] {taskinstance.py:2890} ERROR - Task failed with exception
Traceback (most recent call last):
  File "/home/airflow/.local/lib/python3.12/site-packages/airflow/models/taskinstance.py", line 465, in _execute_task
    result = _execute_callable(context=context, **execute_callable_kwargs)
             ^^^^^^^^^^^^^^^^^^^^^^^^^^^^^^^^^^^^^^^^^^^^^^^^^^^^^^^^^^^^^
  File "/home/airflow/.local/lib/python3.12/site-packages/airflow/models/taskinstance.py", line 432, in _execute_callable
    return execute_callable(context=context, **execute_callable_kwargs)
           ^^^^^^^^^^^^^^^^^^^^^^^^^^^^^^^^^^^^^^^^^^^^^^^^^^^^^^^^^^^^
  File "/home/airflow/.local/lib/python3.12/site-packages/airflow/models/baseoperator.py", line 400, in wrapper
    return func(self, *args, **kwargs)
           ^^^^^^^^^^^^^^^^^^^^^^^^^^^
  File "/home/airflow/.local/lib/python3.12/site-packages/airflow/operators/bash.py", line 243, in execute
    raise AirflowException(
airflow.exceptions.AirflowException: Bash command failed. The command returned a non-zero exit code 2.
[2026-04-15T16:23:56.623+0000] {taskinstance.py:1205} INFO - Marking task as FAILED. dag_id=elt_pipeline_snowflake, task_id=dbt_run, execution_date=20260415T161847, start_date=20260415T162353, end_date=20260415T162356
[2026-04-15T16:23:56.637+0000] {standard_task_runner.py:110} ERROR - Failed to execute job 14 for task dbt_run (Bash command failed. The command returned a non-zero exit code 2.; 312)
[2026-04-15T16:23:56.647+0000] {local_task_job_runner.py:240} INFO - Task exited with return code 1
[2026-04-15T16:23:56.673+0000] {taskinstance.py:3482} INFO - 0 downstream tasks scheduled from follow-on schedule check
[2026-04-15T16:23:56.679+0000] {local_task_job_runner.py:222} INFO - ::endgroup::
