[2026-04-15T16:30:33.725+0000] {local_task_job_runner.py:120} INFO - ::group::Pre task execution logs
[2026-04-15T16:30:33.765+0000] {taskinstance.py:2073} INFO - Dependencies all met for dep_context=non-requeueable deps ti=<TaskInstance: elt_pipeline_snowflake.dbt_run manual__2026-04-15T16:18:47.810029+00:00 [queued]>
[2026-04-15T16:30:33.773+0000] {taskinstance.py:2073} INFO - Dependencies all met for dep_context=requeueable deps ti=<TaskInstance: elt_pipeline_snowflake.dbt_run manual__2026-04-15T16:18:47.810029+00:00 [queued]>
[2026-04-15T16:30:33.775+0000] {taskinstance.py:2303} INFO - Starting attempt 3 of 4
[2026-04-15T16:30:33.788+0000] {taskinstance.py:2327} INFO - Executing <Task(BashOperator): dbt_run> on 2026-04-15 16:18:47.810029+00:00
[2026-04-15T16:30:33.794+0000] {standard_task_runner.py:90} INFO - Running: ['***', 'tasks', 'run', 'elt_pipeline_snowflake', 'dbt_run', 'manual__2026-04-15T16:18:47.810029+00:00', '--job-id', '16', '--raw', '--subdir', 'DAGS_FOLDER/elt_pipeline.py', '--cfg-path', '/tmp/tmpoxxn16am']
[2026-04-15T16:30:33.797+0000] {standard_task_runner.py:91} INFO - Job 16: Subtask dbt_run
[2026-04-15T16:30:33.799+0000] {logging_mixin.py:188} WARNING - /home/***/.local/lib/python3.12/site-packages/***/task/task_runner/standard_task_runner.py:61 DeprecationWarning: This process (pid=409) is multi-threaded, use of fork() may lead to deadlocks in the child.
[2026-04-15T16:30:33.801+0000] {standard_task_runner.py:63} INFO - Started process 410 to run task
[2026-04-15T16:30:33.851+0000] {task_command.py:426} INFO - Running <TaskInstance: elt_pipeline_snowflake.dbt_run manual__2026-04-15T16:18:47.810029+00:00 [running]> on host 8abcf8b261db
[2026-04-15T16:30:33.935+0000] {taskinstance.py:2644} INFO - Exporting env vars: AIRFLOW_CTX_DAG_OWNER='juan' AIRFLOW_CTX_DAG_ID='elt_pipeline_snowflake' AIRFLOW_CTX_TASK_ID='dbt_run' AIRFLOW_CTX_EXECUTION_DATE='2026-04-15T16:18:47.810029+00:00' AIRFLOW_CTX_TRY_NUMBER='3' AIRFLOW_CTX_DAG_RUN_ID='manual__2026-04-15T16:18:47.810029+00:00'
[2026-04-15T16:30:33.936+0000] {taskinstance.py:430} INFO - ::endgroup::
[2026-04-15T16:30:33.958+0000] {subprocess.py:63} INFO - Tmp dir root location: /tmp
[2026-04-15T16:30:33.960+0000] {subprocess.py:75} INFO - Running command: ['/usr/bin/bash', '-c', '\n        set -a\n        source /opt/***/.env\n        set +a\n\n        cd /opt/***/elt_project\n        /home/***/.local/bin/dbt run --profiles-dir /opt/***/elt_project\n        ']
[2026-04-15T16:30:33.969+0000] {subprocess.py:86} INFO - Output:
[2026-04-15T16:30:36.807+0000] {subprocess.py:93} INFO - [0m16:30:36  Running with dbt=1.11.8
[2026-04-15T16:30:38.234+0000] {subprocess.py:93} INFO - [0m16:30:38  Registered adapter: snowflake=1.11.4
[2026-04-15T16:30:38.989+0000] {subprocess.py:93} INFO - [0m16:30:38  [[33mWARNING[0m][PropertyMovedToConfigDeprecation]: Deprecated functionality
[2026-04-15T16:30:38.990+0000] {subprocess.py:93} INFO - Found `freshness` as a top-level property of `sources[0].tables[0]` in file
[2026-04-15T16:30:38.991+0000] {subprocess.py:93} INFO - `models/staging/sources.yml`. The `freshness` top-level property should be moved
[2026-04-15T16:30:38.992+0000] {subprocess.py:93} INFO - into the `config` of `sources[0].tables[0]`.
[2026-04-15T16:30:39.501+0000] {subprocess.py:93} INFO - [0m16:30:39  Unable to do partial parsing because an error occurred. Switching to full reparse.
[2026-04-15T16:30:40.911+0000] {subprocess.py:93} INFO - [0m16:30:40  [[33mWARNING[0m][MissingArgumentsPropertyInGenericTestDeprecation]: Deprecated
[2026-04-15T16:30:40.912+0000] {subprocess.py:93} INFO - functionality
[2026-04-15T16:30:40.913+0000] {subprocess.py:93} INFO - Found top-level arguments to test `relationships` defined on 'fact_orders' in
[2026-04-15T16:30:40.913+0000] {subprocess.py:93} INFO - package 'elt_project' (models/staging/marts/schema.yml). Arguments to generic
[2026-04-15T16:30:40.914+0000] {subprocess.py:93} INFO - tests should be nested under the `arguments` property.
[2026-04-15T16:30:41.059+0000] {subprocess.py:93} INFO - [0m16:30:41  [[33mWARNING[0m]: Configuration paths exist in your dbt_project.yml file which do not apply to any resources.
[2026-04-15T16:30:41.060+0000] {subprocess.py:93} INFO - There are 2 unused configuration paths:
[2026-04-15T16:30:41.061+0000] {subprocess.py:93} INFO - - models.elt_project.intermediate
[2026-04-15T16:30:41.062+0000] {subprocess.py:93} INFO - - models.elt_project.marts
[2026-04-15T16:30:41.262+0000] {subprocess.py:93} INFO - [0m16:30:41  Found 4 models, 12 data tests, 1 source, 523 macros
[2026-04-15T16:30:41.269+0000] {subprocess.py:93} INFO - [0m16:30:41
[2026-04-15T16:30:41.271+0000] {subprocess.py:93} INFO - [0m16:30:41  Concurrency: 4 threads (target='dev')
[2026-04-15T16:30:41.273+0000] {subprocess.py:93} INFO - [0m16:30:41
[2026-04-15T16:30:48.667+0000] {subprocess.py:93} INFO - [0m16:30:48  1 of 4 START sql incremental model staging.stg_orders .......................... [RUN]
[2026-04-15T16:30:52.603+0000] {subprocess.py:93} INFO - [0m16:30:52  1 of 4 OK created sql incremental model staging.stg_orders ..................... [[32mSUCCESS 99441[0m in 3.93s]
[2026-04-15T16:30:52.612+0000] {subprocess.py:93} INFO - [0m16:30:52  2 of 4 START sql view model staging.dim_customers .............................. [RUN]
[2026-04-15T16:30:52.614+0000] {subprocess.py:93} INFO - [0m16:30:52  3 of 4 START sql view model staging.fact_orders ................................ [RUN]
[2026-04-15T16:30:52.617+0000] {subprocess.py:93} INFO - [0m16:30:52  4 of 4 START sql view model staging.orders_summary ............................. [RUN]
[2026-04-15T16:30:54.717+0000] {subprocess.py:93} INFO - [0m16:30:54  4 of 4 OK created sql view model staging.orders_summary ........................ [[32mSUCCESS 1[0m in 2.09s]
[2026-04-15T16:30:54.729+0000] {subprocess.py:93} INFO - [0m16:30:54  3 of 4 OK created sql view model staging.fact_orders ........................... [[32mSUCCESS 1[0m in 2.11s]
[2026-04-15T16:30:55.297+0000] {subprocess.py:93} INFO - [0m16:30:55  2 of 4 OK created sql view model staging.dim_customers ......................... [[32mSUCCESS 1[0m in 2.68s]
[2026-04-15T16:30:56.405+0000] {subprocess.py:93} INFO - [0m16:30:56
[2026-04-15T16:30:56.408+0000] {subprocess.py:93} INFO - [0m16:30:56  Finished running 1 incremental model, 3 view models in 0 hours 0 minutes and 15.13 seconds (15.13s).
[2026-04-15T16:30:56.611+0000] {subprocess.py:93} INFO - [0m16:30:56
[2026-04-15T16:30:56.617+0000] {subprocess.py:93} INFO - [0m16:30:56  [32mCompleted successfully[0m
[2026-04-15T16:30:56.620+0000] {subprocess.py:93} INFO - [0m16:30:56
[2026-04-15T16:30:56.622+0000] {subprocess.py:93} INFO - [0m16:30:56  Done. PASS=4 WARN=0 ERROR=0 SKIP=0 NO-OP=0 TOTAL=4
[2026-04-15T16:30:56.625+0000] {subprocess.py:93} INFO - [0m16:30:56  [[33mWARNING[0m][DeprecationsSummary]: Deprecated functionality
[2026-04-15T16:30:56.626+0000] {subprocess.py:93} INFO - Summary of encountered deprecations:
[2026-04-15T16:30:56.626+0000] {subprocess.py:93} INFO - - PropertyMovedToConfigDeprecation: 2 occurrences
[2026-04-15T16:30:56.627+0000] {subprocess.py:93} INFO - - MissingArgumentsPropertyInGenericTestDeprecation: 1 occurrence
[2026-04-15T16:30:56.627+0000] {subprocess.py:93} INFO - To see all deprecation instances instead of just the first occurrence of each,
[2026-04-15T16:30:56.628+0000] {subprocess.py:93} INFO - run command again with the `--show-all-deprecations` flag. You may also need to
[2026-04-15T16:30:56.628+0000] {subprocess.py:93} INFO - run with `--no-partial-parse` as some deprecations are only encountered during
[2026-04-15T16:30:56.628+0000] {subprocess.py:93} INFO - parsing.
[2026-04-15T16:30:57.905+0000] {subprocess.py:97} INFO - Command exited with return code 0
[2026-04-15T16:30:57.906+0000] {taskinstance.py:441} INFO - ::group::Post task execution logs
[2026-04-15T16:30:57.932+0000] {taskinstance.py:1205} INFO - Marking task as SUCCESS. dag_id=elt_pipeline_snowflake, task_id=dbt_run, execution_date=20260415T161847, start_date=20260415T163033, end_date=20260415T163057
[2026-04-15T16:30:57.969+0000] {local_task_job_runner.py:240} INFO - Task exited with return code 0
[2026-04-15T16:30:57.988+0000] {taskinstance.py:3482} INFO - 1 downstream tasks scheduled from follow-on schedule check
[2026-04-15T16:30:57.992+0000] {local_task_job_runner.py:222} INFO - ::endgroup::
