[2026-04-15T04:22:20.648+0000] {local_task_job_runner.py:120} INFO - ::group::Pre task execution logs
[2026-04-15T04:22:20.679+0000] {taskinstance.py:2073} INFO - Dependencies all met for dep_context=non-requeueable deps ti=<TaskInstance: elt_pipeline_snowflake.extract_load scheduled__2026-04-14T00:00:00+00:00 [queued]>
[2026-04-15T04:22:20.688+0000] {taskinstance.py:2073} INFO - Dependencies all met for dep_context=requeueable deps ti=<TaskInstance: elt_pipeline_snowflake.extract_load scheduled__2026-04-14T00:00:00+00:00 [queued]>
[2026-04-15T04:22:20.689+0000] {taskinstance.py:2303} INFO - Starting attempt 1 of 2
[2026-04-15T04:22:20.707+0000] {taskinstance.py:2327} INFO - Executing <Task(BashOperator): extract_load> on 2026-04-14 00:00:00+00:00
[2026-04-15T04:22:20.716+0000] {standard_task_runner.py:90} INFO - Running: ['***', 'tasks', 'run', 'elt_pipeline_snowflake', 'extract_load', 'scheduled__2026-04-14T00:00:00+00:00', '--job-id', '3', '--raw', '--subdir', 'DAGS_FOLDER/elt_pipeline.py', '--cfg-path', '/tmp/tmplpqdye3q']
[2026-04-15T04:22:20.719+0000] {standard_task_runner.py:91} INFO - Job 3: Subtask extract_load
[2026-04-15T04:22:20.719+0000] {logging_mixin.py:188} WARNING - /home/***/.local/lib/python3.12/site-packages/***/task/task_runner/standard_task_runner.py:61 DeprecationWarning: This process (pid=283) is multi-threaded, use of fork() may lead to deadlocks in the child.
[2026-04-15T04:22:20.720+0000] {standard_task_runner.py:63} INFO - Started process 285 to run task
[2026-04-15T04:22:20.769+0000] {task_command.py:426} INFO - Running <TaskInstance: elt_pipeline_snowflake.extract_load scheduled__2026-04-14T00:00:00+00:00 [running]> on host 69fd46feb370
[2026-04-15T04:22:20.848+0000] {taskinstance.py:2644} INFO - Exporting env vars: AIRFLOW_CTX_DAG_OWNER='juan' AIRFLOW_CTX_DAG_ID='elt_pipeline_snowflake' AIRFLOW_CTX_TASK_ID='extract_load' AIRFLOW_CTX_EXECUTION_DATE='2026-04-14T00:00:00+00:00' AIRFLOW_CTX_TRY_NUMBER='1' AIRFLOW_CTX_DAG_RUN_ID='scheduled__2026-04-14T00:00:00+00:00'
[2026-04-15T04:22:20.849+0000] {taskinstance.py:430} INFO - ::endgroup::
[2026-04-15T04:22:20.882+0000] {subprocess.py:63} INFO - Tmp dir root location: /tmp
[2026-04-15T04:22:20.883+0000] {subprocess.py:75} INFO - Running command: ['/usr/bin/bash', '-c', "echo 'Data already loaded into Snowflake from S3'"]
[2026-04-15T04:22:20.891+0000] {subprocess.py:86} INFO - Output:
[2026-04-15T04:22:20.893+0000] {subprocess.py:93} INFO - Data already loaded into Snowflake from S3
[2026-04-15T04:22:20.893+0000] {subprocess.py:97} INFO - Command exited with return code 0
[2026-04-15T04:22:20.894+0000] {taskinstance.py:441} INFO - ::group::Post task execution logs
[2026-04-15T04:22:20.917+0000] {taskinstance.py:1205} INFO - Marking task as SUCCESS. dag_id=elt_pipeline_snowflake, task_id=extract_load, execution_date=20260414T000000, start_date=20260415T042220, end_date=20260415T042220
[2026-04-15T04:22:20.935+0000] {local_task_job_runner.py:240} INFO - Task exited with return code 0
[2026-04-15T04:22:20.960+0000] {taskinstance.py:3482} INFO - 1 downstream tasks scheduled from follow-on schedule check
[2026-04-15T04:22:20.966+0000] {local_task_job_runner.py:222} INFO - ::endgroup::
[2026-04-15T04:22:55.431+0000] {local_task_job_runner.py:120} INFO - ::group::Pre task execution logs
[2026-04-15T04:22:55.461+0000] {taskinstance.py:2073} INFO - Dependencies all met for dep_context=non-requeueable deps ti=<TaskInstance: elt_pipeline_snowflake.extract_load scheduled__2026-04-14T00:00:00+00:00 [queued]>
[2026-04-15T04:22:55.468+0000] {taskinstance.py:2073} INFO - Dependencies all met for dep_context=requeueable deps ti=<TaskInstance: elt_pipeline_snowflake.extract_load scheduled__2026-04-14T00:00:00+00:00 [queued]>
[2026-04-15T04:22:55.469+0000] {taskinstance.py:2303} INFO - Starting attempt 1 of 2
[2026-04-15T04:22:55.486+0000] {taskinstance.py:2327} INFO - Executing <Task(BashOperator): extract_load> on 2026-04-14 00:00:00+00:00
[2026-04-15T04:22:55.496+0000] {standard_task_runner.py:90} INFO - Running: ['***', 'tasks', 'run', 'elt_pipeline_snowflake', 'extract_load', 'scheduled__2026-04-14T00:00:00+00:00', '--job-id', '8', '--raw', '--subdir', 'DAGS_FOLDER/elt_pipeline.py', '--cfg-path', '/tmp/tmprrxd6i64']
[2026-04-15T04:22:55.499+0000] {standard_task_runner.py:91} INFO - Job 8: Subtask extract_load
[2026-04-15T04:22:55.499+0000] {logging_mixin.py:188} WARNING - /home/***/.local/lib/python3.12/site-packages/***/task/task_runner/standard_task_runner.py:61 DeprecationWarning: This process (pid=325) is multi-threaded, use of fork() may lead to deadlocks in the child.
[2026-04-15T04:22:55.500+0000] {standard_task_runner.py:63} INFO - Started process 326 to run task
[2026-04-15T04:22:55.569+0000] {task_command.py:426} INFO - Running <TaskInstance: elt_pipeline_snowflake.extract_load scheduled__2026-04-14T00:00:00+00:00 [running]> on host 69fd46feb370
[2026-04-15T04:22:55.650+0000] {taskinstance.py:2644} INFO - Exporting env vars: AIRFLOW_CTX_DAG_OWNER='juan' AIRFLOW_CTX_DAG_ID='elt_pipeline_snowflake' AIRFLOW_CTX_TASK_ID='extract_load' AIRFLOW_CTX_EXECUTION_DATE='2026-04-14T00:00:00+00:00' AIRFLOW_CTX_TRY_NUMBER='1' AIRFLOW_CTX_DAG_RUN_ID='scheduled__2026-04-14T00:00:00+00:00'
[2026-04-15T04:22:55.651+0000] {taskinstance.py:430} INFO - ::endgroup::
[2026-04-15T04:22:55.667+0000] {subprocess.py:63} INFO - Tmp dir root location: /tmp
[2026-04-15T04:22:55.669+0000] {subprocess.py:75} INFO - Running command: ['/usr/bin/bash', '-c', "echo 'Data already loaded into Snowflake from S3'"]
[2026-04-15T04:22:55.676+0000] {subprocess.py:86} INFO - Output:
[2026-04-15T04:22:55.677+0000] {subprocess.py:93} INFO - Data already loaded into Snowflake from S3
[2026-04-15T04:22:55.678+0000] {subprocess.py:97} INFO - Command exited with return code 0
[2026-04-15T04:22:55.679+0000] {taskinstance.py:441} INFO - ::group::Post task execution logs
[2026-04-15T04:22:55.702+0000] {taskinstance.py:1205} INFO - Marking task as SUCCESS. dag_id=elt_pipeline_snowflake, task_id=extract_load, execution_date=20260414T000000, start_date=20260415T042255, end_date=20260415T042255
[2026-04-15T04:22:55.754+0000] {local_task_job_runner.py:240} INFO - Task exited with return code 0
[2026-04-15T04:22:55.778+0000] {taskinstance.py:3482} INFO - 1 downstream tasks scheduled from follow-on schedule check
[2026-04-15T04:22:55.782+0000] {local_task_job_runner.py:222} INFO - ::endgroup::
[2026-04-15T15:14:30.427+0000] {local_task_job_runner.py:120} INFO - ::group::Pre task execution logs
[2026-04-15T15:14:30.454+0000] {taskinstance.py:2073} INFO - Dependencies all met for dep_context=non-requeueable deps ti=<TaskInstance: elt_pipeline_snowflake.extract_load scheduled__2026-04-14T00:00:00+00:00 [queued]>
[2026-04-15T15:14:30.461+0000] {taskinstance.py:2073} INFO - Dependencies all met for dep_context=requeueable deps ti=<TaskInstance: elt_pipeline_snowflake.extract_load scheduled__2026-04-14T00:00:00+00:00 [queued]>
[2026-04-15T15:14:30.462+0000] {taskinstance.py:2303} INFO - Starting attempt 1 of 2
[2026-04-15T15:14:30.478+0000] {taskinstance.py:2327} INFO - Executing <Task(BashOperator): extract_load> on 2026-04-14 00:00:00+00:00
[2026-04-15T15:14:30.491+0000] {standard_task_runner.py:90} INFO - Running: ['***', 'tasks', 'run', 'elt_pipeline_snowflake', 'extract_load', 'scheduled__2026-04-14T00:00:00+00:00', '--job-id', '3', '--raw', '--subdir', 'DAGS_FOLDER/elt_pipeline.py', '--cfg-path', '/tmp/tmp0fbhbtcb']
[2026-04-15T15:14:30.496+0000] {standard_task_runner.py:91} INFO - Job 3: Subtask extract_load
[2026-04-15T15:14:30.498+0000] {logging_mixin.py:188} WARNING - /home/***/.local/lib/python3.12/site-packages/***/task/task_runner/standard_task_runner.py:61 DeprecationWarning: This process (pid=254) is multi-threaded, use of fork() may lead to deadlocks in the child.
[2026-04-15T15:14:30.499+0000] {standard_task_runner.py:63} INFO - Started process 257 to run task
[2026-04-15T15:14:30.549+0000] {task_command.py:426} INFO - Running <TaskInstance: elt_pipeline_snowflake.extract_load scheduled__2026-04-14T00:00:00+00:00 [running]> on host 060e4f29fd1f
[2026-04-15T15:14:30.621+0000] {taskinstance.py:2644} INFO - Exporting env vars: AIRFLOW_CTX_DAG_OWNER='juan' AIRFLOW_CTX_DAG_ID='elt_pipeline_snowflake' AIRFLOW_CTX_TASK_ID='extract_load' AIRFLOW_CTX_EXECUTION_DATE='2026-04-14T00:00:00+00:00' AIRFLOW_CTX_TRY_NUMBER='1' AIRFLOW_CTX_DAG_RUN_ID='scheduled__2026-04-14T00:00:00+00:00'
[2026-04-15T15:14:30.622+0000] {taskinstance.py:430} INFO - ::endgroup::
[2026-04-15T15:14:30.657+0000] {subprocess.py:63} INFO - Tmp dir root location: /tmp
[2026-04-15T15:14:30.658+0000] {subprocess.py:75} INFO - Running command: ['/usr/bin/bash', '-c', "echo 'Data already loaded into Snowflake from S3'"]
[2026-04-15T15:14:30.665+0000] {subprocess.py:86} INFO - Output:
[2026-04-15T15:14:30.666+0000] {subprocess.py:93} INFO - Data already loaded into Snowflake from S3
[2026-04-15T15:14:30.666+0000] {subprocess.py:97} INFO - Command exited with return code 0
[2026-04-15T15:14:30.667+0000] {taskinstance.py:441} INFO - ::group::Post task execution logs
[2026-04-15T15:14:30.694+0000] {taskinstance.py:1205} INFO - Marking task as SUCCESS. dag_id=elt_pipeline_snowflake, task_id=extract_load, execution_date=20260414T000000, start_date=20260415T151430, end_date=20260415T151430
[2026-04-15T15:14:30.714+0000] {local_task_job_runner.py:240} INFO - Task exited with return code 0
[2026-04-15T15:14:30.736+0000] {taskinstance.py:3482} INFO - 1 downstream tasks scheduled from follow-on schedule check
[2026-04-15T15:14:30.740+0000] {local_task_job_runner.py:222} INFO - ::endgroup::
[2026-04-15T15:42:22.713+0000] {local_task_job_runner.py:120} INFO - ::group::Pre task execution logs
[2026-04-15T15:42:22.756+0000] {taskinstance.py:2073} INFO - Dependencies all met for dep_context=non-requeueable deps ti=<TaskInstance: elt_pipeline_snowflake.extract_load scheduled__2026-04-14T00:00:00+00:00 [queued]>
[2026-04-15T15:42:22.765+0000] {taskinstance.py:2073} INFO - Dependencies all met for dep_context=requeueable deps ti=<TaskInstance: elt_pipeline_snowflake.extract_load scheduled__2026-04-14T00:00:00+00:00 [queued]>
[2026-04-15T15:42:22.766+0000] {taskinstance.py:2303} INFO - Starting attempt 1 of 2
[2026-04-15T15:42:22.782+0000] {taskinstance.py:2327} INFO - Executing <Task(BashOperator): extract_load> on 2026-04-14 00:00:00+00:00
[2026-04-15T15:42:22.789+0000] {standard_task_runner.py:90} INFO - Running: ['***', 'tasks', 'run', 'elt_pipeline_snowflake', 'extract_load', 'scheduled__2026-04-14T00:00:00+00:00', '--job-id', '2', '--raw', '--subdir', 'DAGS_FOLDER/elt_pipeline.py', '--cfg-path', '/tmp/tmpm20njqni']
[2026-04-15T15:42:22.791+0000] {standard_task_runner.py:91} INFO - Job 2: Subtask extract_load
[2026-04-15T15:42:22.796+0000] {logging_mixin.py:188} WARNING - /home/***/.local/lib/python3.12/site-packages/***/task/task_runner/standard_task_runner.py:61 DeprecationWarning: This process (pid=397) is multi-threaded, use of fork() may lead to deadlocks in the child.
[2026-04-15T15:42:22.796+0000] {standard_task_runner.py:63} INFO - Started process 399 to run task
[2026-04-15T15:42:22.856+0000] {task_command.py:426} INFO - Running <TaskInstance: elt_pipeline_snowflake.extract_load scheduled__2026-04-14T00:00:00+00:00 [running]> on host 93e181e324b5
[2026-04-15T15:42:22.951+0000] {taskinstance.py:2644} INFO - Exporting env vars: AIRFLOW_CTX_DAG_OWNER='juan' AIRFLOW_CTX_DAG_ID='elt_pipeline_snowflake' AIRFLOW_CTX_TASK_ID='extract_load' AIRFLOW_CTX_EXECUTION_DATE='2026-04-14T00:00:00+00:00' AIRFLOW_CTX_TRY_NUMBER='1' AIRFLOW_CTX_DAG_RUN_ID='scheduled__2026-04-14T00:00:00+00:00'
[2026-04-15T15:42:22.952+0000] {taskinstance.py:430} INFO - ::endgroup::
[2026-04-15T15:42:22.992+0000] {subprocess.py:63} INFO - Tmp dir root location: /tmp
[2026-04-15T15:42:22.998+0000] {subprocess.py:75} INFO - Running command: ['/usr/bin/bash', '-c', "echo 'Data already loaded into Snowflake from S3'"]
[2026-04-15T15:42:23.010+0000] {subprocess.py:86} INFO - Output:
[2026-04-15T15:42:23.021+0000] {subprocess.py:93} INFO - Data already loaded into Snowflake from S3
[2026-04-15T15:42:23.027+0000] {subprocess.py:97} INFO - Command exited with return code 0
[2026-04-15T15:42:23.029+0000] {taskinstance.py:441} INFO - ::group::Post task execution logs
[2026-04-15T15:42:23.063+0000] {taskinstance.py:1205} INFO - Marking task as SUCCESS. dag_id=elt_pipeline_snowflake, task_id=extract_load, execution_date=20260414T000000, start_date=20260415T154222, end_date=20260415T154223
[2026-04-15T15:42:23.091+0000] {local_task_job_runner.py:240} INFO - Task exited with return code 0
[2026-04-15T15:42:23.113+0000] {taskinstance.py:3482} INFO - 1 downstream tasks scheduled from follow-on schedule check
[2026-04-15T15:42:23.120+0000] {local_task_job_runner.py:222} INFO - ::endgroup::
[2026-04-15T15:42:38.932+0000] {local_task_job_runner.py:120} INFO - ::group::Pre task execution logs
[2026-04-15T15:42:38.957+0000] {taskinstance.py:2073} INFO - Dependencies all met for dep_context=non-requeueable deps ti=<TaskInstance: elt_pipeline_snowflake.extract_load scheduled__2026-04-14T00:00:00+00:00 [queued]>
[2026-04-15T15:42:38.964+0000] {taskinstance.py:2073} INFO - Dependencies all met for dep_context=requeueable deps ti=<TaskInstance: elt_pipeline_snowflake.extract_load scheduled__2026-04-14T00:00:00+00:00 [queued]>
[2026-04-15T15:42:38.965+0000] {taskinstance.py:2303} INFO - Starting attempt 1 of 2
[2026-04-15T15:42:38.977+0000] {taskinstance.py:2327} INFO - Executing <Task(BashOperator): extract_load> on 2026-04-14 00:00:00+00:00
[2026-04-15T15:42:38.983+0000] {standard_task_runner.py:90} INFO - Running: ['***', 'tasks', 'run', 'elt_pipeline_snowflake', 'extract_load', 'scheduled__2026-04-14T00:00:00+00:00', '--job-id', '6', '--raw', '--subdir', 'DAGS_FOLDER/elt_pipeline.py', '--cfg-path', '/tmp/tmp0oasqd_q']
[2026-04-15T15:42:38.986+0000] {standard_task_runner.py:91} INFO - Job 6: Subtask extract_load
[2026-04-15T15:42:38.988+0000] {logging_mixin.py:188} WARNING - /home/***/.local/lib/python3.12/site-packages/***/task/task_runner/standard_task_runner.py:61 DeprecationWarning: This process (pid=415) is multi-threaded, use of fork() may lead to deadlocks in the child.
[2026-04-15T15:42:38.988+0000] {standard_task_runner.py:63} INFO - Started process 416 to run task
[2026-04-15T15:42:39.031+0000] {task_command.py:426} INFO - Running <TaskInstance: elt_pipeline_snowflake.extract_load scheduled__2026-04-14T00:00:00+00:00 [running]> on host 93e181e324b5
[2026-04-15T15:42:39.101+0000] {taskinstance.py:2644} INFO - Exporting env vars: AIRFLOW_CTX_DAG_OWNER='juan' AIRFLOW_CTX_DAG_ID='elt_pipeline_snowflake' AIRFLOW_CTX_TASK_ID='extract_load' AIRFLOW_CTX_EXECUTION_DATE='2026-04-14T00:00:00+00:00' AIRFLOW_CTX_TRY_NUMBER='1' AIRFLOW_CTX_DAG_RUN_ID='scheduled__2026-04-14T00:00:00+00:00'
[2026-04-15T15:42:39.102+0000] {taskinstance.py:430} INFO - ::endgroup::
[2026-04-15T15:42:39.115+0000] {subprocess.py:63} INFO - Tmp dir root location: /tmp
[2026-04-15T15:42:39.116+0000] {subprocess.py:75} INFO - Running command: ['/usr/bin/bash', '-c', "echo 'Data already loaded into Snowflake from S3'"]
[2026-04-15T15:42:39.122+0000] {subprocess.py:86} INFO - Output:
[2026-04-15T15:42:39.123+0000] {subprocess.py:93} INFO - Data already loaded into Snowflake from S3
[2026-04-15T15:42:39.124+0000] {subprocess.py:97} INFO - Command exited with return code 0
[2026-04-15T15:42:39.125+0000] {taskinstance.py:441} INFO - ::group::Post task execution logs
[2026-04-15T15:42:39.147+0000] {taskinstance.py:1205} INFO - Marking task as SUCCESS. dag_id=elt_pipeline_snowflake, task_id=extract_load, execution_date=20260414T000000, start_date=20260415T154238, end_date=20260415T154239
[2026-04-15T15:42:39.163+0000] {local_task_job_runner.py:240} INFO - Task exited with return code 0
[2026-04-15T15:42:39.183+0000] {taskinstance.py:3482} INFO - 1 downstream tasks scheduled from follow-on schedule check
[2026-04-15T15:42:39.187+0000] {local_task_job_runner.py:222} INFO - ::endgroup::
[2026-04-15T15:55:02.746+0000] {local_task_job_runner.py:120} INFO - ::group::Pre task execution logs
[2026-04-15T15:55:02.778+0000] {taskinstance.py:2073} INFO - Dependencies all met for dep_context=non-requeueable deps ti=<TaskInstance: elt_pipeline_snowflake.extract_load scheduled__2026-04-14T00:00:00+00:00 [queued]>
[2026-04-15T15:55:02.787+0000] {taskinstance.py:2073} INFO - Dependencies all met for dep_context=requeueable deps ti=<TaskInstance: elt_pipeline_snowflake.extract_load scheduled__2026-04-14T00:00:00+00:00 [queued]>
[2026-04-15T15:55:02.788+0000] {taskinstance.py:2303} INFO - Starting attempt 1 of 2
[2026-04-15T15:55:02.809+0000] {taskinstance.py:2327} INFO - Executing <Task(BashOperator): extract_load> on 2026-04-14 00:00:00+00:00
[2026-04-15T15:55:02.815+0000] {standard_task_runner.py:90} INFO - Running: ['***', 'tasks', 'run', 'elt_pipeline_snowflake', 'extract_load', 'scheduled__2026-04-14T00:00:00+00:00', '--job-id', '2', '--raw', '--subdir', 'DAGS_FOLDER/elt_pipeline.py', '--cfg-path', '/tmp/tmpk57tw1qa']
[2026-04-15T15:55:02.818+0000] {standard_task_runner.py:91} INFO - Job 2: Subtask extract_load
[2026-04-15T15:55:02.823+0000] {logging_mixin.py:188} WARNING - /home/***/.local/lib/python3.12/site-packages/***/task/task_runner/standard_task_runner.py:61 DeprecationWarning: This process (pid=244) is multi-threaded, use of fork() may lead to deadlocks in the child.
[2026-04-15T15:55:02.824+0000] {standard_task_runner.py:63} INFO - Started process 245 to run task
[2026-04-15T15:55:02.872+0000] {task_command.py:426} INFO - Running <TaskInstance: elt_pipeline_snowflake.extract_load scheduled__2026-04-14T00:00:00+00:00 [running]> on host 55b69667d8f5
[2026-04-15T15:55:02.950+0000] {taskinstance.py:2644} INFO - Exporting env vars: AIRFLOW_CTX_DAG_OWNER='juan' AIRFLOW_CTX_DAG_ID='elt_pipeline_snowflake' AIRFLOW_CTX_TASK_ID='extract_load' AIRFLOW_CTX_EXECUTION_DATE='2026-04-14T00:00:00+00:00' AIRFLOW_CTX_TRY_NUMBER='1' AIRFLOW_CTX_DAG_RUN_ID='scheduled__2026-04-14T00:00:00+00:00'
[2026-04-15T15:55:02.952+0000] {taskinstance.py:430} INFO - ::endgroup::
[2026-04-15T15:55:02.990+0000] {subprocess.py:63} INFO - Tmp dir root location: /tmp
[2026-04-15T15:55:02.991+0000] {subprocess.py:75} INFO - Running command: ['/usr/bin/bash', '-c', "echo 'Data already loaded into Snowflake from S3'"]
[2026-04-15T15:55:02.998+0000] {subprocess.py:86} INFO - Output:
[2026-04-15T15:55:02.999+0000] {subprocess.py:93} INFO - Data already loaded into Snowflake from S3
[2026-04-15T15:55:02.999+0000] {subprocess.py:97} INFO - Command exited with return code 0
[2026-04-15T15:55:03.000+0000] {taskinstance.py:441} INFO - ::group::Post task execution logs
[2026-04-15T15:55:03.024+0000] {taskinstance.py:1205} INFO - Marking task as SUCCESS. dag_id=elt_pipeline_snowflake, task_id=extract_load, execution_date=20260414T000000, start_date=20260415T155502, end_date=20260415T155503
[2026-04-15T15:55:03.079+0000] {local_task_job_runner.py:240} INFO - Task exited with return code 0
[2026-04-15T15:55:03.102+0000] {taskinstance.py:3482} INFO - 1 downstream tasks scheduled from follow-on schedule check
[2026-04-15T15:55:03.108+0000] {local_task_job_runner.py:222} INFO - ::endgroup::
[2026-04-15T15:55:59.457+0000] {local_task_job_runner.py:120} INFO - ::group::Pre task execution logs
[2026-04-15T15:55:59.483+0000] {taskinstance.py:2073} INFO - Dependencies all met for dep_context=non-requeueable deps ti=<TaskInstance: elt_pipeline_snowflake.extract_load scheduled__2026-04-14T00:00:00+00:00 [queued]>
[2026-04-15T15:55:59.501+0000] {taskinstance.py:2073} INFO - Dependencies all met for dep_context=requeueable deps ti=<TaskInstance: elt_pipeline_snowflake.extract_load scheduled__2026-04-14T00:00:00+00:00 [queued]>
[2026-04-15T15:55:59.502+0000] {taskinstance.py:2303} INFO - Starting attempt 1 of 2
[2026-04-15T15:55:59.524+0000] {taskinstance.py:2327} INFO - Executing <Task(BashOperator): extract_load> on 2026-04-14 00:00:00+00:00
[2026-04-15T15:55:59.532+0000] {standard_task_runner.py:90} INFO - Running: ['***', 'tasks', 'run', 'elt_pipeline_snowflake', 'extract_load', 'scheduled__2026-04-14T00:00:00+00:00', '--job-id', '4', '--raw', '--subdir', 'DAGS_FOLDER/elt_pipeline.py', '--cfg-path', '/tmp/tmp0og_38_a']
[2026-04-15T15:55:59.535+0000] {standard_task_runner.py:91} INFO - Job 4: Subtask extract_load
[2026-04-15T15:55:59.538+0000] {logging_mixin.py:188} WARNING - /home/***/.local/lib/python3.12/site-packages/***/task/task_runner/standard_task_runner.py:61 DeprecationWarning: This process (pid=261) is multi-threaded, use of fork() may lead to deadlocks in the child.
[2026-04-15T15:55:59.539+0000] {standard_task_runner.py:63} INFO - Started process 262 to run task
[2026-04-15T15:55:59.590+0000] {task_command.py:426} INFO - Running <TaskInstance: elt_pipeline_snowflake.extract_load scheduled__2026-04-14T00:00:00+00:00 [running]> on host 55b69667d8f5
[2026-04-15T15:55:59.664+0000] {taskinstance.py:2644} INFO - Exporting env vars: AIRFLOW_CTX_DAG_OWNER='juan' AIRFLOW_CTX_DAG_ID='elt_pipeline_snowflake' AIRFLOW_CTX_TASK_ID='extract_load' AIRFLOW_CTX_EXECUTION_DATE='2026-04-14T00:00:00+00:00' AIRFLOW_CTX_TRY_NUMBER='1' AIRFLOW_CTX_DAG_RUN_ID='scheduled__2026-04-14T00:00:00+00:00'
[2026-04-15T15:55:59.665+0000] {taskinstance.py:430} INFO - ::endgroup::
[2026-04-15T15:55:59.677+0000] {subprocess.py:63} INFO - Tmp dir root location: /tmp
[2026-04-15T15:55:59.678+0000] {subprocess.py:75} INFO - Running command: ['/usr/bin/bash', '-c', "echo 'Data already loaded into Snowflake from S3'"]
[2026-04-15T15:55:59.685+0000] {subprocess.py:86} INFO - Output:
[2026-04-15T15:55:59.686+0000] {subprocess.py:93} INFO - Data already loaded into Snowflake from S3
[2026-04-15T15:55:59.687+0000] {subprocess.py:97} INFO - Command exited with return code 0
[2026-04-15T15:55:59.688+0000] {taskinstance.py:441} INFO - ::group::Post task execution logs
[2026-04-15T15:55:59.716+0000] {taskinstance.py:1205} INFO - Marking task as SUCCESS. dag_id=elt_pipeline_snowflake, task_id=extract_load, execution_date=20260414T000000, start_date=20260415T155559, end_date=20260415T155559
[2026-04-15T15:55:59.756+0000] {local_task_job_runner.py:240} INFO - Task exited with return code 0
[2026-04-15T15:55:59.777+0000] {taskinstance.py:3482} INFO - 1 downstream tasks scheduled from follow-on schedule check
[2026-04-15T15:55:59.781+0000] {local_task_job_runner.py:222} INFO - ::endgroup::
[2026-04-15T16:18:46.769+0000] {local_task_job_runner.py:120} INFO - ::group::Pre task execution logs
[2026-04-15T16:18:46.797+0000] {taskinstance.py:2073} INFO - Dependencies all met for dep_context=non-requeueable deps ti=<TaskInstance: elt_pipeline_snowflake.extract_load scheduled__2026-04-14T00:00:00+00:00 [queued]>
[2026-04-15T16:18:46.806+0000] {taskinstance.py:2073} INFO - Dependencies all met for dep_context=requeueable deps ti=<TaskInstance: elt_pipeline_snowflake.extract_load scheduled__2026-04-14T00:00:00+00:00 [queued]>
[2026-04-15T16:18:46.807+0000] {taskinstance.py:2303} INFO - Starting attempt 1 of 2
[2026-04-15T16:18:46.822+0000] {taskinstance.py:2327} INFO - Executing <Task(BashOperator): extract_load> on 2026-04-14 00:00:00+00:00
[2026-04-15T16:18:46.828+0000] {standard_task_runner.py:90} INFO - Running: ['***', 'tasks', 'run', 'elt_pipeline_snowflake', 'extract_load', 'scheduled__2026-04-14T00:00:00+00:00', '--job-id', '8', '--raw', '--subdir', 'DAGS_FOLDER/elt_pipeline.py', '--cfg-path', '/tmp/tmpg_yc5gpz']
[2026-04-15T16:18:46.831+0000] {standard_task_runner.py:91} INFO - Job 8: Subtask extract_load
[2026-04-15T16:18:46.834+0000] {logging_mixin.py:188} WARNING - /home/***/.local/lib/python3.12/site-packages/***/task/task_runner/standard_task_runner.py:61 DeprecationWarning: This process (pid=237) is multi-threaded, use of fork() may lead to deadlocks in the child.
[2026-04-15T16:18:46.835+0000] {standard_task_runner.py:63} INFO - Started process 238 to run task
[2026-04-15T16:18:46.889+0000] {task_command.py:426} INFO - Running <TaskInstance: elt_pipeline_snowflake.extract_load scheduled__2026-04-14T00:00:00+00:00 [running]> on host 8abcf8b261db
[2026-04-15T16:18:46.966+0000] {taskinstance.py:2644} INFO - Exporting env vars: AIRFLOW_CTX_DAG_OWNER='juan' AIRFLOW_CTX_DAG_ID='elt_pipeline_snowflake' AIRFLOW_CTX_TASK_ID='extract_load' AIRFLOW_CTX_EXECUTION_DATE='2026-04-14T00:00:00+00:00' AIRFLOW_CTX_TRY_NUMBER='1' AIRFLOW_CTX_DAG_RUN_ID='scheduled__2026-04-14T00:00:00+00:00'
[2026-04-15T16:18:46.967+0000] {taskinstance.py:430} INFO - ::endgroup::
[2026-04-15T16:18:47.005+0000] {subprocess.py:63} INFO - Tmp dir root location: /tmp
[2026-04-15T16:18:47.006+0000] {subprocess.py:75} INFO - Running command: ['/usr/bin/bash', '-c', "echo 'Data already loaded into Snowflake from S3'"]
[2026-04-15T16:18:47.013+0000] {subprocess.py:86} INFO - Output:
[2026-04-15T16:18:47.013+0000] {subprocess.py:93} INFO - Data already loaded into Snowflake from S3
[2026-04-15T16:18:47.016+0000] {subprocess.py:97} INFO - Command exited with return code 0
[2026-04-15T16:18:47.017+0000] {taskinstance.py:441} INFO - ::group::Post task execution logs
[2026-04-15T16:18:47.041+0000] {taskinstance.py:1205} INFO - Marking task as SUCCESS. dag_id=elt_pipeline_snowflake, task_id=extract_load, execution_date=20260414T000000, start_date=20260415T161846, end_date=20260415T161847
[2026-04-15T16:18:47.091+0000] {local_task_job_runner.py:240} INFO - Task exited with return code 0
[2026-04-15T16:18:47.112+0000] {taskinstance.py:3482} INFO - 1 downstream tasks scheduled from follow-on schedule check
[2026-04-15T16:18:47.116+0000] {local_task_job_runner.py:222} INFO - ::endgroup::
[2026-04-15T16:19:17.053+0000] {local_task_job_runner.py:120} INFO - ::group::Pre task execution logs
[2026-04-15T16:19:17.078+0000] {taskinstance.py:2073} INFO - Dependencies all met for dep_context=non-requeueable deps ti=<TaskInstance: elt_pipeline_snowflake.extract_load scheduled__2026-04-14T00:00:00+00:00 [queued]>
[2026-04-15T16:19:17.091+0000] {taskinstance.py:2073} INFO - Dependencies all met for dep_context=requeueable deps ti=<TaskInstance: elt_pipeline_snowflake.extract_load scheduled__2026-04-14T00:00:00+00:00 [queued]>
[2026-04-15T16:19:17.091+0000] {taskinstance.py:2303} INFO - Starting attempt 1 of 2
[2026-04-15T16:19:17.106+0000] {taskinstance.py:2327} INFO - Executing <Task(BashOperator): extract_load> on 2026-04-14 00:00:00+00:00
[2026-04-15T16:19:17.113+0000] {standard_task_runner.py:90} INFO - Running: ['***', 'tasks', 'run', 'elt_pipeline_snowflake', 'extract_load', 'scheduled__2026-04-14T00:00:00+00:00', '--job-id', '12', '--raw', '--subdir', 'DAGS_FOLDER/elt_pipeline.py', '--cfg-path', '/tmp/tmpis6g_eqr']
[2026-04-15T16:19:17.116+0000] {standard_task_runner.py:91} INFO - Job 12: Subtask extract_load
[2026-04-15T16:19:17.118+0000] {logging_mixin.py:188} WARNING - /home/***/.local/lib/python3.12/site-packages/***/task/task_runner/standard_task_runner.py:61 DeprecationWarning: This process (pid=258) is multi-threaded, use of fork() may lead to deadlocks in the child.
[2026-04-15T16:19:17.119+0000] {standard_task_runner.py:63} INFO - Started process 259 to run task
[2026-04-15T16:19:17.174+0000] {task_command.py:426} INFO - Running <TaskInstance: elt_pipeline_snowflake.extract_load scheduled__2026-04-14T00:00:00+00:00 [running]> on host 8abcf8b261db
[2026-04-15T16:19:17.259+0000] {taskinstance.py:2644} INFO - Exporting env vars: AIRFLOW_CTX_DAG_OWNER='juan' AIRFLOW_CTX_DAG_ID='elt_pipeline_snowflake' AIRFLOW_CTX_TASK_ID='extract_load' AIRFLOW_CTX_EXECUTION_DATE='2026-04-14T00:00:00+00:00' AIRFLOW_CTX_TRY_NUMBER='1' AIRFLOW_CTX_DAG_RUN_ID='scheduled__2026-04-14T00:00:00+00:00'
[2026-04-15T16:19:17.260+0000] {taskinstance.py:430} INFO - ::endgroup::
[2026-04-15T16:19:17.272+0000] {subprocess.py:63} INFO - Tmp dir root location: /tmp
[2026-04-15T16:19:17.273+0000] {subprocess.py:75} INFO - Running command: ['/usr/bin/bash', '-c', "echo 'Data already loaded into Snowflake from S3'"]
[2026-04-15T16:19:17.280+0000] {subprocess.py:86} INFO - Output:
[2026-04-15T16:19:17.281+0000] {subprocess.py:93} INFO - Data already loaded into Snowflake from S3
[2026-04-15T16:19:17.281+0000] {subprocess.py:97} INFO - Command exited with return code 0
[2026-04-15T16:19:17.282+0000] {taskinstance.py:441} INFO - ::group::Post task execution logs
[2026-04-15T16:19:17.306+0000] {taskinstance.py:1205} INFO - Marking task as SUCCESS. dag_id=elt_pipeline_snowflake, task_id=extract_load, execution_date=20260414T000000, start_date=20260415T161917, end_date=20260415T161917
[2026-04-15T16:19:17.334+0000] {local_task_job_runner.py:240} INFO - Task exited with return code 0
[2026-04-15T16:19:17.361+0000] {taskinstance.py:3482} INFO - 1 downstream tasks scheduled from follow-on schedule check
[2026-04-15T16:19:17.365+0000] {local_task_job_runner.py:222} INFO - ::endgroup::
[2026-04-15T22:07:13.050+0000] {local_task_job_runner.py:120} INFO - ::group::Pre task execution logs
[2026-04-15T22:07:13.094+0000] {taskinstance.py:2073} INFO - Dependencies all met for dep_context=non-requeueable deps ti=<TaskInstance: elt_pipeline_snowflake.extract_load scheduled__2026-04-14T00:00:00+00:00 [queued]>
[2026-04-15T22:07:13.103+0000] {taskinstance.py:2073} INFO - Dependencies all met for dep_context=requeueable deps ti=<TaskInstance: elt_pipeline_snowflake.extract_load scheduled__2026-04-14T00:00:00+00:00 [queued]>
[2026-04-15T22:07:13.104+0000] {taskinstance.py:2303} INFO - Starting attempt 1 of 2
[2026-04-15T22:07:13.120+0000] {taskinstance.py:2327} INFO - Executing <Task(BashOperator): extract_load> on 2026-04-14 00:00:00+00:00
[2026-04-15T22:07:13.128+0000] {standard_task_runner.py:90} INFO - Running: ['***', 'tasks', 'run', 'elt_pipeline_snowflake', 'extract_load', 'scheduled__2026-04-14T00:00:00+00:00', '--job-id', '22', '--raw', '--subdir', 'DAGS_FOLDER/elt_pipeline.py', '--cfg-path', '/tmp/tmp7k4ihr1y']
[2026-04-15T22:07:13.140+0000] {standard_task_runner.py:91} INFO - Job 22: Subtask extract_load
[2026-04-15T22:07:13.158+0000] {logging_mixin.py:188} WARNING - /home/***/.local/lib/python3.12/site-packages/***/task/task_runner/standard_task_runner.py:61 DeprecationWarning: This process (pid=1861) is multi-threaded, use of fork() may lead to deadlocks in the child.
[2026-04-15T22:07:13.159+0000] {standard_task_runner.py:63} INFO - Started process 1863 to run task
[2026-04-15T22:07:13.257+0000] {task_command.py:426} INFO - Running <TaskInstance: elt_pipeline_snowflake.extract_load scheduled__2026-04-14T00:00:00+00:00 [running]> on host 8abcf8b261db
[2026-04-15T22:07:13.385+0000] {taskinstance.py:2644} INFO - Exporting env vars: AIRFLOW_CTX_DAG_OWNER='juan' AIRFLOW_CTX_DAG_ID='elt_pipeline_snowflake' AIRFLOW_CTX_TASK_ID='extract_load' AIRFLOW_CTX_EXECUTION_DATE='2026-04-14T00:00:00+00:00' AIRFLOW_CTX_TRY_NUMBER='1' AIRFLOW_CTX_DAG_RUN_ID='scheduled__2026-04-14T00:00:00+00:00'
[2026-04-15T22:07:13.386+0000] {taskinstance.py:430} INFO - ::endgroup::
[2026-04-15T22:07:13.412+0000] {subprocess.py:63} INFO - Tmp dir root location: /tmp
[2026-04-15T22:07:13.415+0000] {subprocess.py:75} INFO - Running command: ['/usr/bin/bash', '-c', "echo 'Data already loaded into Snowflake from S3'"]
[2026-04-15T22:07:13.424+0000] {subprocess.py:86} INFO - Output:
[2026-04-15T22:07:13.425+0000] {subprocess.py:93} INFO - Data already loaded into Snowflake from S3
[2026-04-15T22:07:13.426+0000] {subprocess.py:97} INFO - Command exited with return code 0
[2026-04-15T22:07:13.427+0000] {taskinstance.py:441} INFO - ::group::Post task execution logs
[2026-04-15T22:07:13.458+0000] {taskinstance.py:1205} INFO - Marking task as SUCCESS. dag_id=elt_pipeline_snowflake, task_id=extract_load, execution_date=20260414T000000, start_date=20260415T220713, end_date=20260415T220713
[2026-04-15T22:07:13.498+0000] {local_task_job_runner.py:240} INFO - Task exited with return code 0
[2026-04-15T22:07:13.519+0000] {taskinstance.py:3482} INFO - 1 downstream tasks scheduled from follow-on schedule check
[2026-04-15T22:07:13.522+0000] {local_task_job_runner.py:222} INFO - ::endgroup::
[2026-04-15T22:07:43.118+0000] {local_task_job_runner.py:120} INFO - ::group::Pre task execution logs
[2026-04-15T22:07:43.144+0000] {taskinstance.py:2073} INFO - Dependencies all met for dep_context=non-requeueable deps ti=<TaskInstance: elt_pipeline_snowflake.extract_load scheduled__2026-04-14T00:00:00+00:00 [queued]>
[2026-04-15T22:07:43.152+0000] {taskinstance.py:2073} INFO - Dependencies all met for dep_context=requeueable deps ti=<TaskInstance: elt_pipeline_snowflake.extract_load scheduled__2026-04-14T00:00:00+00:00 [queued]>
[2026-04-15T22:07:43.153+0000] {taskinstance.py:2303} INFO - Starting attempt 1 of 2
[2026-04-15T22:07:43.168+0000] {taskinstance.py:2327} INFO - Executing <Task(BashOperator): extract_load> on 2026-04-14 00:00:00+00:00
[2026-04-15T22:07:43.174+0000] {standard_task_runner.py:90} INFO - Running: ['***', 'tasks', 'run', 'elt_pipeline_snowflake', 'extract_load', 'scheduled__2026-04-14T00:00:00+00:00', '--job-id', '25', '--raw', '--subdir', 'DAGS_FOLDER/elt_pipeline.py', '--cfg-path', '/tmp/tmpckw1tif4']
[2026-04-15T22:07:43.177+0000] {standard_task_runner.py:91} INFO - Job 25: Subtask extract_load
[2026-04-15T22:07:43.179+0000] {logging_mixin.py:188} WARNING - /home/***/.local/lib/python3.12/site-packages/***/task/task_runner/standard_task_runner.py:61 DeprecationWarning: This process (pid=1943) is multi-threaded, use of fork() may lead to deadlocks in the child.
[2026-04-15T22:07:43.180+0000] {standard_task_runner.py:63} INFO - Started process 1944 to run task
[2026-04-15T22:07:43.224+0000] {task_command.py:426} INFO - Running <TaskInstance: elt_pipeline_snowflake.extract_load scheduled__2026-04-14T00:00:00+00:00 [running]> on host 8abcf8b261db
[2026-04-15T22:07:43.293+0000] {taskinstance.py:2644} INFO - Exporting env vars: AIRFLOW_CTX_DAG_OWNER='juan' AIRFLOW_CTX_DAG_ID='elt_pipeline_snowflake' AIRFLOW_CTX_TASK_ID='extract_load' AIRFLOW_CTX_EXECUTION_DATE='2026-04-14T00:00:00+00:00' AIRFLOW_CTX_TRY_NUMBER='1' AIRFLOW_CTX_DAG_RUN_ID='scheduled__2026-04-14T00:00:00+00:00'
[2026-04-15T22:07:43.294+0000] {taskinstance.py:430} INFO - ::endgroup::
[2026-04-15T22:07:43.305+0000] {subprocess.py:63} INFO - Tmp dir root location: /tmp
[2026-04-15T22:07:43.307+0000] {subprocess.py:75} INFO - Running command: ['/usr/bin/bash', '-c', "echo 'Data already loaded into Snowflake from S3'"]
[2026-04-15T22:07:43.318+0000] {subprocess.py:86} INFO - Output:
[2026-04-15T22:07:43.319+0000] {subprocess.py:93} INFO - Data already loaded into Snowflake from S3
[2026-04-15T22:07:43.320+0000] {subprocess.py:97} INFO - Command exited with return code 0
[2026-04-15T22:07:43.321+0000] {taskinstance.py:441} INFO - ::group::Post task execution logs
[2026-04-15T22:07:43.343+0000] {taskinstance.py:1205} INFO - Marking task as SUCCESS. dag_id=elt_pipeline_snowflake, task_id=extract_load, execution_date=20260414T000000, start_date=20260415T220743, end_date=20260415T220743
[2026-04-15T22:07:43.394+0000] {local_task_job_runner.py:240} INFO - Task exited with return code 0
[2026-04-15T22:07:43.414+0000] {taskinstance.py:3482} INFO - 1 downstream tasks scheduled from follow-on schedule check
[2026-04-15T22:07:43.422+0000] {local_task_job_runner.py:222} INFO - ::endgroup::
[2026-04-15T22:17:19.903+0000] {local_task_job_runner.py:120} INFO - ::group::Pre task execution logs
[2026-04-15T22:17:19.930+0000] {taskinstance.py:2073} INFO - Dependencies all met for dep_context=non-requeueable deps ti=<TaskInstance: elt_pipeline_snowflake.extract_load scheduled__2026-04-14T00:00:00+00:00 [queued]>
[2026-04-15T22:17:19.937+0000] {taskinstance.py:2073} INFO - Dependencies all met for dep_context=requeueable deps ti=<TaskInstance: elt_pipeline_snowflake.extract_load scheduled__2026-04-14T00:00:00+00:00 [queued]>
[2026-04-15T22:17:19.942+0000] {taskinstance.py:2303} INFO - Starting attempt 1 of 2
[2026-04-15T22:17:19.954+0000] {taskinstance.py:2327} INFO - Executing <Task(BashOperator): extract_load> on 2026-04-14 00:00:00+00:00
[2026-04-15T22:17:19.961+0000] {standard_task_runner.py:90} INFO - Running: ['***', 'tasks', 'run', 'elt_pipeline_snowflake', 'extract_load', 'scheduled__2026-04-14T00:00:00+00:00', '--job-id', '30', '--raw', '--subdir', 'DAGS_FOLDER/elt_pipeline.py', '--cfg-path', '/tmp/tmphish7ztc']
[2026-04-15T22:17:19.964+0000] {standard_task_runner.py:91} INFO - Job 30: Subtask extract_load
[2026-04-15T22:17:19.968+0000] {logging_mixin.py:188} WARNING - /home/***/.local/lib/python3.12/site-packages/***/task/task_runner/standard_task_runner.py:61 DeprecationWarning: This process (pid=2129) is multi-threaded, use of fork() may lead to deadlocks in the child.
[2026-04-15T22:17:19.969+0000] {standard_task_runner.py:63} INFO - Started process 2131 to run task
[2026-04-15T22:17:20.021+0000] {task_command.py:426} INFO - Running <TaskInstance: elt_pipeline_snowflake.extract_load scheduled__2026-04-14T00:00:00+00:00 [running]> on host 8abcf8b261db
[2026-04-15T22:17:20.104+0000] {taskinstance.py:2644} INFO - Exporting env vars: AIRFLOW_CTX_DAG_OWNER='juan' AIRFLOW_CTX_DAG_ID='elt_pipeline_snowflake' AIRFLOW_CTX_TASK_ID='extract_load' AIRFLOW_CTX_EXECUTION_DATE='2026-04-14T00:00:00+00:00' AIRFLOW_CTX_TRY_NUMBER='1' AIRFLOW_CTX_DAG_RUN_ID='scheduled__2026-04-14T00:00:00+00:00'
[2026-04-15T22:17:20.105+0000] {taskinstance.py:430} INFO - ::endgroup::
[2026-04-15T22:17:20.119+0000] {subprocess.py:63} INFO - Tmp dir root location: /tmp
[2026-04-15T22:17:20.121+0000] {subprocess.py:75} INFO - Running command: ['/usr/bin/bash', '-c', "echo 'Data already loaded into Snowflake from S3'"]
[2026-04-15T22:17:20.130+0000] {subprocess.py:86} INFO - Output:
[2026-04-15T22:17:20.131+0000] {subprocess.py:93} INFO - Data already loaded into Snowflake from S3
[2026-04-15T22:17:20.132+0000] {subprocess.py:97} INFO - Command exited with return code 0
[2026-04-15T22:17:20.133+0000] {taskinstance.py:441} INFO - ::group::Post task execution logs
[2026-04-15T22:17:20.155+0000] {taskinstance.py:1205} INFO - Marking task as SUCCESS. dag_id=elt_pipeline_snowflake, task_id=extract_load, execution_date=20260414T000000, start_date=20260415T221719, end_date=20260415T221720
[2026-04-15T22:17:20.183+0000] {local_task_job_runner.py:240} INFO - Task exited with return code 0
[2026-04-15T22:17:20.204+0000] {taskinstance.py:3482} INFO - 1 downstream tasks scheduled from follow-on schedule check
[2026-04-15T22:17:20.209+0000] {local_task_job_runner.py:222} INFO - ::endgroup::
