[2026-04-15T04:22:21.974+0000] {local_task_job_runner.py:120} INFO - ::group::Pre task execution logs
[2026-04-15T04:22:22.027+0000] {taskinstance.py:2073} INFO - Dependencies all met for dep_context=non-requeueable deps ti=<TaskInstance: elt_pipeline_snowflake.dbt_run scheduled__2026-04-14T00:00:00+00:00 [queued]>
[2026-04-15T04:22:22.040+0000] {taskinstance.py:2073} INFO - Dependencies all met for dep_context=requeueable deps ti=<TaskInstance: elt_pipeline_snowflake.dbt_run scheduled__2026-04-14T00:00:00+00:00 [queued]>
[2026-04-15T04:22:22.045+0000] {taskinstance.py:2303} INFO - Starting attempt 1 of 2
[2026-04-15T04:22:22.075+0000] {taskinstance.py:2327} INFO - Executing <Task(BashOperator): dbt_run> on 2026-04-14 00:00:00+00:00
[2026-04-15T04:22:22.084+0000] {standard_task_runner.py:90} INFO - Running: ['***', 'tasks', 'run', 'elt_pipeline_snowflake', 'dbt_run', 'scheduled__2026-04-14T00:00:00+00:00', '--job-id', '4', '--raw', '--subdir', 'DAGS_FOLDER/elt_pipeline.py', '--cfg-path', '/tmp/tmpk9orr8lj']
[2026-04-15T04:22:22.088+0000] {standard_task_runner.py:91} INFO - Job 4: Subtask dbt_run
[2026-04-15T04:22:22.089+0000] {logging_mixin.py:188} WARNING - /home/***/.local/lib/python3.12/site-packages/***/task/task_runner/standard_task_runner.py:61 DeprecationWarning: This process (pid=289) is multi-threaded, use of fork() may lead to deadlocks in the child.
[2026-04-15T04:22:22.090+0000] {standard_task_runner.py:63} INFO - Started process 290 to run task
[2026-04-15T04:22:22.158+0000] {task_command.py:426} INFO - Running <TaskInstance: elt_pipeline_snowflake.dbt_run scheduled__2026-04-14T00:00:00+00:00 [running]> on host 69fd46feb370
[2026-04-15T04:22:22.243+0000] {taskinstance.py:2644} INFO - Exporting env vars: AIRFLOW_CTX_DAG_OWNER='juan' AIRFLOW_CTX_DAG_ID='elt_pipeline_snowflake' AIRFLOW_CTX_TASK_ID='dbt_run' AIRFLOW_CTX_EXECUTION_DATE='2026-04-14T00:00:00+00:00' AIRFLOW_CTX_TRY_NUMBER='1' AIRFLOW_CTX_DAG_RUN_ID='scheduled__2026-04-14T00:00:00+00:00'
[2026-04-15T04:22:22.244+0000] {taskinstance.py:430} INFO - ::endgroup::
[2026-04-15T04:22:22.258+0000] {subprocess.py:63} INFO - Tmp dir root location: /tmp
[2026-04-15T04:22:22.260+0000] {subprocess.py:75} INFO - Running command: ['/usr/bin/bash', '-c', '\n        set -a\n        source /opt/***/.env\n        set +a\n\n        cd /opt/***/dbt_project\n        dbt run\n        ']
[2026-04-15T04:22:22.266+0000] {subprocess.py:86} INFO - Output:
[2026-04-15T04:22:22.271+0000] {subprocess.py:93} INFO - /opt/***/.env: line 6: $'\r': command not found
[2026-04-15T04:22:22.272+0000] {subprocess.py:93} INFO - /opt/***/.env: line 7: $'\r': command not found
[2026-04-15T04:22:22.272+0000] {subprocess.py:93} INFO - /opt/***/.env: line 8: $'\r': command not found
[2026-04-15T04:22:22.273+0000] {subprocess.py:93} INFO - /opt/***/.env: line 16: $'\r': command not found
[2026-04-15T04:22:22.274+0000] {subprocess.py:93} INFO - /usr/bin/bash: line 7: dbt: command not found
[2026-04-15T04:22:22.275+0000] {subprocess.py:97} INFO - Command exited with return code 127
[2026-04-15T04:22:22.276+0000] {taskinstance.py:441} INFO - ::group::Post task execution logs
[2026-04-15T04:22:22.284+0000] {taskinstance.py:2890} ERROR - Task failed with exception
Traceback (most recent call last):
  File "/home/airflow/.local/lib/python3.12/site-packages/airflow/models/taskinstance.py", line 465, in _execute_task
    result = _execute_callable(context=context, **execute_callable_kwargs)
             ^^^^^^^^^^^^^^^^^^^^^^^^^^^^^^^^^^^^^^^^^^^^^^^^^^^^^^^^^^^^^
  File "/home/airflow/.local/lib/python3.12/site-packages/airflow/models/taskinstance.py", line 432, in _execute_callable
    return execute_callable(context=context, **execute_callable_kwargs)
           ^^^^^^^^^^^^^^^^^^^^^^^^^^^^^^^^^^^^^^^^^^^^^^^^^^^^^^^^^^^^
  File "/home/airflow/.local/lib/python3.12/site-packages/airflow/models/baseoperator.py", line 400, in wrapper
    return func(self, *args, **kwargs)
           ^^^^^^^^^^^^^^^^^^^^^^^^^^^
  File "/home/airflow/.local/lib/python3.12/site-packages/airflow/operators/bash.py", line 243, in execute
    raise AirflowException(
airflow.exceptions.AirflowException: Bash command failed. The command returned a non-zero exit code 127.
[2026-04-15T04:22:22.288+0000] {taskinstance.py:1205} INFO - Marking task as UP_FOR_RETRY. dag_id=elt_pipeline_snowflake, task_id=dbt_run, execution_date=20260414T000000, start_date=20260415T042222, end_date=20260415T042222
[2026-04-15T04:22:22.298+0000] {standard_task_runner.py:110} ERROR - Failed to execute job 4 for task dbt_run (Bash command failed. The command returned a non-zero exit code 127.; 290)
[2026-04-15T04:22:22.304+0000] {local_task_job_runner.py:240} INFO - Task exited with return code 1
[2026-04-15T04:22:22.322+0000] {taskinstance.py:3482} INFO - 0 downstream tasks scheduled from follow-on schedule check
[2026-04-15T04:22:22.326+0000] {local_task_job_runner.py:222} INFO - ::endgroup::
[2026-04-15T04:22:56.593+0000] {local_task_job_runner.py:120} INFO - ::group::Pre task execution logs
[2026-04-15T04:22:56.619+0000] {taskinstance.py:2073} INFO - Dependencies all met for dep_context=non-requeueable deps ti=<TaskInstance: elt_pipeline_snowflake.dbt_run scheduled__2026-04-14T00:00:00+00:00 [queued]>
[2026-04-15T04:22:56.627+0000] {taskinstance.py:2073} INFO - Dependencies all met for dep_context=requeueable deps ti=<TaskInstance: elt_pipeline_snowflake.dbt_run scheduled__2026-04-14T00:00:00+00:00 [queued]>
[2026-04-15T04:22:56.628+0000] {taskinstance.py:2303} INFO - Starting attempt 1 of 2
[2026-04-15T04:22:56.660+0000] {taskinstance.py:2327} INFO - Executing <Task(BashOperator): dbt_run> on 2026-04-14 00:00:00+00:00
[2026-04-15T04:22:56.677+0000] {standard_task_runner.py:90} INFO - Running: ['***', 'tasks', 'run', 'elt_pipeline_snowflake', 'dbt_run', 'scheduled__2026-04-14T00:00:00+00:00', '--job-id', '9', '--raw', '--subdir', 'DAGS_FOLDER/elt_pipeline.py', '--cfg-path', '/tmp/tmpbcxj74zs']
[2026-04-15T04:22:56.679+0000] {logging_mixin.py:188} WARNING - /home/***/.local/lib/python3.12/site-packages/***/task/task_runner/standard_task_runner.py:61 DeprecationWarning: This process (pid=328) is multi-threaded, use of fork() may lead to deadlocks in the child.
[2026-04-15T04:22:56.680+0000] {standard_task_runner.py:91} INFO - Job 9: Subtask dbt_run
[2026-04-15T04:22:56.680+0000] {standard_task_runner.py:63} INFO - Started process 329 to run task
[2026-04-15T04:22:56.748+0000] {task_command.py:426} INFO - Running <TaskInstance: elt_pipeline_snowflake.dbt_run scheduled__2026-04-14T00:00:00+00:00 [running]> on host 69fd46feb370
[2026-04-15T04:22:56.858+0000] {taskinstance.py:2644} INFO - Exporting env vars: AIRFLOW_CTX_DAG_OWNER='juan' AIRFLOW_CTX_DAG_ID='elt_pipeline_snowflake' AIRFLOW_CTX_TASK_ID='dbt_run' AIRFLOW_CTX_EXECUTION_DATE='2026-04-14T00:00:00+00:00' AIRFLOW_CTX_TRY_NUMBER='1' AIRFLOW_CTX_DAG_RUN_ID='scheduled__2026-04-14T00:00:00+00:00'
[2026-04-15T04:22:56.861+0000] {taskinstance.py:430} INFO - ::endgroup::
[2026-04-15T04:22:56.875+0000] {subprocess.py:63} INFO - Tmp dir root location: /tmp
[2026-04-15T04:22:56.876+0000] {subprocess.py:75} INFO - Running command: ['/usr/bin/bash', '-c', '\n        set -a\n        source /opt/***/.env\n        set +a\n\n        cd /opt/***/dbt_project\n        dbt run\n        ']
[2026-04-15T04:22:56.883+0000] {subprocess.py:86} INFO - Output:
[2026-04-15T04:22:56.887+0000] {subprocess.py:93} INFO - /opt/***/.env: line 6: $'\r': command not found
[2026-04-15T04:22:56.888+0000] {subprocess.py:93} INFO - /opt/***/.env: line 7: $'\r': command not found
[2026-04-15T04:22:56.889+0000] {subprocess.py:93} INFO - /opt/***/.env: line 8: $'\r': command not found
[2026-04-15T04:22:56.889+0000] {subprocess.py:93} INFO - /opt/***/.env: line 16: $'\r': command not found
[2026-04-15T04:22:56.890+0000] {subprocess.py:93} INFO - /usr/bin/bash: line 7: dbt: command not found
[2026-04-15T04:22:56.890+0000] {subprocess.py:97} INFO - Command exited with return code 127
[2026-04-15T04:22:56.891+0000] {taskinstance.py:441} INFO - ::group::Post task execution logs
[2026-04-15T04:22:56.900+0000] {taskinstance.py:2890} ERROR - Task failed with exception
Traceback (most recent call last):
  File "/home/airflow/.local/lib/python3.12/site-packages/airflow/models/taskinstance.py", line 465, in _execute_task
    result = _execute_callable(context=context, **execute_callable_kwargs)
             ^^^^^^^^^^^^^^^^^^^^^^^^^^^^^^^^^^^^^^^^^^^^^^^^^^^^^^^^^^^^^
  File "/home/airflow/.local/lib/python3.12/site-packages/airflow/models/taskinstance.py", line 432, in _execute_callable
    return execute_callable(context=context, **execute_callable_kwargs)
           ^^^^^^^^^^^^^^^^^^^^^^^^^^^^^^^^^^^^^^^^^^^^^^^^^^^^^^^^^^^^
  File "/home/airflow/.local/lib/python3.12/site-packages/airflow/models/baseoperator.py", line 400, in wrapper
    return func(self, *args, **kwargs)
           ^^^^^^^^^^^^^^^^^^^^^^^^^^^
  File "/home/airflow/.local/lib/python3.12/site-packages/airflow/operators/bash.py", line 243, in execute
    raise AirflowException(
airflow.exceptions.AirflowException: Bash command failed. The command returned a non-zero exit code 127.
[2026-04-15T04:22:56.904+0000] {taskinstance.py:1205} INFO - Marking task as UP_FOR_RETRY. dag_id=elt_pipeline_snowflake, task_id=dbt_run, execution_date=20260414T000000, start_date=20260415T042256, end_date=20260415T042256
[2026-04-15T04:22:56.919+0000] {standard_task_runner.py:110} ERROR - Failed to execute job 9 for task dbt_run (Bash command failed. The command returned a non-zero exit code 127.; 329)
[2026-04-15T04:22:56.935+0000] {local_task_job_runner.py:240} INFO - Task exited with return code 1
[2026-04-15T04:22:56.954+0000] {taskinstance.py:3482} INFO - 0 downstream tasks scheduled from follow-on schedule check
[2026-04-15T04:22:56.966+0000] {local_task_job_runner.py:222} INFO - ::endgroup::
[2026-04-15T15:14:31.553+0000] {local_task_job_runner.py:120} INFO - ::group::Pre task execution logs
[2026-04-15T15:14:31.580+0000] {taskinstance.py:2073} INFO - Dependencies all met for dep_context=non-requeueable deps ti=<TaskInstance: elt_pipeline_snowflake.dbt_run scheduled__2026-04-14T00:00:00+00:00 [queued]>
[2026-04-15T15:14:31.588+0000] {taskinstance.py:2073} INFO - Dependencies all met for dep_context=requeueable deps ti=<TaskInstance: elt_pipeline_snowflake.dbt_run scheduled__2026-04-14T00:00:00+00:00 [queued]>
[2026-04-15T15:14:31.589+0000] {taskinstance.py:2303} INFO - Starting attempt 1 of 2
[2026-04-15T15:14:31.605+0000] {taskinstance.py:2327} INFO - Executing <Task(BashOperator): dbt_run> on 2026-04-14 00:00:00+00:00
[2026-04-15T15:14:31.611+0000] {standard_task_runner.py:90} INFO - Running: ['***', 'tasks', 'run', 'elt_pipeline_snowflake', 'dbt_run', 'scheduled__2026-04-14T00:00:00+00:00', '--job-id', '5', '--raw', '--subdir', 'DAGS_FOLDER/elt_pipeline.py', '--cfg-path', '/tmp/tmpml5yzdp3']
[2026-04-15T15:14:31.613+0000] {standard_task_runner.py:91} INFO - Job 5: Subtask dbt_run
[2026-04-15T15:14:31.614+0000] {logging_mixin.py:188} WARNING - /home/***/.local/lib/python3.12/site-packages/***/task/task_runner/standard_task_runner.py:61 DeprecationWarning: This process (pid=261) is multi-threaded, use of fork() may lead to deadlocks in the child.
[2026-04-15T15:14:31.614+0000] {standard_task_runner.py:63} INFO - Started process 263 to run task
[2026-04-15T15:14:31.659+0000] {task_command.py:426} INFO - Running <TaskInstance: elt_pipeline_snowflake.dbt_run scheduled__2026-04-14T00:00:00+00:00 [running]> on host 060e4f29fd1f
[2026-04-15T15:14:31.737+0000] {taskinstance.py:2644} INFO - Exporting env vars: AIRFLOW_CTX_DAG_OWNER='juan' AIRFLOW_CTX_DAG_ID='elt_pipeline_snowflake' AIRFLOW_CTX_TASK_ID='dbt_run' AIRFLOW_CTX_EXECUTION_DATE='2026-04-14T00:00:00+00:00' AIRFLOW_CTX_TRY_NUMBER='1' AIRFLOW_CTX_DAG_RUN_ID='scheduled__2026-04-14T00:00:00+00:00'
[2026-04-15T15:14:31.738+0000] {taskinstance.py:430} INFO - ::endgroup::
[2026-04-15T15:14:31.753+0000] {subprocess.py:63} INFO - Tmp dir root location: /tmp
[2026-04-15T15:14:31.754+0000] {subprocess.py:75} INFO - Running command: ['/usr/bin/bash', '-c', '\n        set -a\n        source /opt/***/.env\n        set +a\n\n        cd /opt/***/dbt_project\n        dbt run\n        ']
[2026-04-15T15:14:31.761+0000] {subprocess.py:86} INFO - Output:
[2026-04-15T15:14:31.765+0000] {subprocess.py:93} INFO - /usr/bin/bash: line 7: dbt: command not found
[2026-04-15T15:14:31.766+0000] {subprocess.py:97} INFO - Command exited with return code 127
[2026-04-15T15:14:31.766+0000] {taskinstance.py:441} INFO - ::group::Post task execution logs
[2026-04-15T15:14:31.775+0000] {taskinstance.py:2890} ERROR - Task failed with exception
Traceback (most recent call last):
  File "/home/airflow/.local/lib/python3.12/site-packages/airflow/models/taskinstance.py", line 465, in _execute_task
    result = _execute_callable(context=context, **execute_callable_kwargs)
             ^^^^^^^^^^^^^^^^^^^^^^^^^^^^^^^^^^^^^^^^^^^^^^^^^^^^^^^^^^^^^
  File "/home/airflow/.local/lib/python3.12/site-packages/airflow/models/taskinstance.py", line 432, in _execute_callable
    return execute_callable(context=context, **execute_callable_kwargs)
           ^^^^^^^^^^^^^^^^^^^^^^^^^^^^^^^^^^^^^^^^^^^^^^^^^^^^^^^^^^^^
  File "/home/airflow/.local/lib/python3.12/site-packages/airflow/models/baseoperator.py", line 400, in wrapper
    return func(self, *args, **kwargs)
           ^^^^^^^^^^^^^^^^^^^^^^^^^^^
  File "/home/airflow/.local/lib/python3.12/site-packages/airflow/operators/bash.py", line 243, in execute
    raise AirflowException(
airflow.exceptions.AirflowException: Bash command failed. The command returned a non-zero exit code 127.
[2026-04-15T15:14:31.780+0000] {taskinstance.py:1205} INFO - Marking task as UP_FOR_RETRY. dag_id=elt_pipeline_snowflake, task_id=dbt_run, execution_date=20260414T000000, start_date=20260415T151431, end_date=20260415T151431
[2026-04-15T15:14:31.795+0000] {standard_task_runner.py:110} ERROR - Failed to execute job 5 for task dbt_run (Bash command failed. The command returned a non-zero exit code 127.; 263)
[2026-04-15T15:14:31.828+0000] {local_task_job_runner.py:240} INFO - Task exited with return code 1
[2026-04-15T15:14:31.860+0000] {taskinstance.py:3482} INFO - 0 downstream tasks scheduled from follow-on schedule check
[2026-04-15T15:14:31.864+0000] {local_task_job_runner.py:222} INFO - ::endgroup::
[2026-04-15T15:42:23.763+0000] {local_task_job_runner.py:120} INFO - ::group::Pre task execution logs
[2026-04-15T15:42:23.793+0000] {taskinstance.py:2073} INFO - Dependencies all met for dep_context=non-requeueable deps ti=<TaskInstance: elt_pipeline_snowflake.dbt_run scheduled__2026-04-14T00:00:00+00:00 [queued]>
[2026-04-15T15:42:23.802+0000] {taskinstance.py:2073} INFO - Dependencies all met for dep_context=requeueable deps ti=<TaskInstance: elt_pipeline_snowflake.dbt_run scheduled__2026-04-14T00:00:00+00:00 [queued]>
[2026-04-15T15:42:23.802+0000] {taskinstance.py:2303} INFO - Starting attempt 1 of 2
[2026-04-15T15:42:23.816+0000] {taskinstance.py:2327} INFO - Executing <Task(BashOperator): dbt_run> on 2026-04-14 00:00:00+00:00
[2026-04-15T15:42:23.823+0000] {standard_task_runner.py:90} INFO - Running: ['***', 'tasks', 'run', 'elt_pipeline_snowflake', 'dbt_run', 'scheduled__2026-04-14T00:00:00+00:00', '--job-id', '4', '--raw', '--subdir', 'DAGS_FOLDER/elt_pipeline.py', '--cfg-path', '/tmp/tmpqjjhnc2u']
[2026-04-15T15:42:23.825+0000] {standard_task_runner.py:91} INFO - Job 4: Subtask dbt_run
[2026-04-15T15:42:23.830+0000] {logging_mixin.py:188} WARNING - /home/***/.local/lib/python3.12/site-packages/***/task/task_runner/standard_task_runner.py:61 DeprecationWarning: This process (pid=402) is multi-threaded, use of fork() may lead to deadlocks in the child.
[2026-04-15T15:42:23.831+0000] {standard_task_runner.py:63} INFO - Started process 404 to run task
[2026-04-15T15:42:23.881+0000] {task_command.py:426} INFO - Running <TaskInstance: elt_pipeline_snowflake.dbt_run scheduled__2026-04-14T00:00:00+00:00 [running]> on host 93e181e324b5
[2026-04-15T15:42:23.959+0000] {taskinstance.py:2644} INFO - Exporting env vars: AIRFLOW_CTX_DAG_OWNER='juan' AIRFLOW_CTX_DAG_ID='elt_pipeline_snowflake' AIRFLOW_CTX_TASK_ID='dbt_run' AIRFLOW_CTX_EXECUTION_DATE='2026-04-14T00:00:00+00:00' AIRFLOW_CTX_TRY_NUMBER='1' AIRFLOW_CTX_DAG_RUN_ID='scheduled__2026-04-14T00:00:00+00:00'
[2026-04-15T15:42:23.961+0000] {taskinstance.py:430} INFO - ::endgroup::
[2026-04-15T15:42:23.976+0000] {subprocess.py:63} INFO - Tmp dir root location: /tmp
[2026-04-15T15:42:23.978+0000] {subprocess.py:75} INFO - Running command: ['/usr/bin/bash', '-c', '\n        set -a\n        source /opt/***/.env\n        set +a\n\n        cd /opt/***/dbt_project\n        dbt run\n        ']
[2026-04-15T15:42:23.984+0000] {subprocess.py:86} INFO - Output:
[2026-04-15T15:42:27.344+0000] {subprocess.py:93} INFO - Usage: dbt run [OPTIONS]
[2026-04-15T15:42:27.345+0000] {subprocess.py:93} INFO - Try 'dbt run -h' for help.
[2026-04-15T15:42:27.346+0000] {subprocess.py:93} INFO - 
[2026-04-15T15:42:27.347+0000] {subprocess.py:93} INFO - Error: Invalid value for '--profiles-dir': Path './dbt' does not exist.
[2026-04-15T15:42:27.596+0000] {subprocess.py:97} INFO - Command exited with return code 2
[2026-04-15T15:42:27.597+0000] {taskinstance.py:441} INFO - ::group::Post task execution logs
[2026-04-15T15:42:27.608+0000] {taskinstance.py:2890} ERROR - Task failed with exception
Traceback (most recent call last):
  File "/home/airflow/.local/lib/python3.12/site-packages/airflow/models/taskinstance.py", line 465, in _execute_task
    result = _execute_callable(context=context, **execute_callable_kwargs)
             ^^^^^^^^^^^^^^^^^^^^^^^^^^^^^^^^^^^^^^^^^^^^^^^^^^^^^^^^^^^^^
  File "/home/airflow/.local/lib/python3.12/site-packages/airflow/models/taskinstance.py", line 432, in _execute_callable
    return execute_callable(context=context, **execute_callable_kwargs)
           ^^^^^^^^^^^^^^^^^^^^^^^^^^^^^^^^^^^^^^^^^^^^^^^^^^^^^^^^^^^^
  File "/home/airflow/.local/lib/python3.12/site-packages/airflow/models/baseoperator.py", line 400, in wrapper
    return func(self, *args, **kwargs)
           ^^^^^^^^^^^^^^^^^^^^^^^^^^^
  File "/home/airflow/.local/lib/python3.12/site-packages/airflow/operators/bash.py", line 243, in execute
    raise AirflowException(
airflow.exceptions.AirflowException: Bash command failed. The command returned a non-zero exit code 2.
[2026-04-15T15:42:27.615+0000] {taskinstance.py:1205} INFO - Marking task as UP_FOR_RETRY. dag_id=elt_pipeline_snowflake, task_id=dbt_run, execution_date=20260414T000000, start_date=20260415T154223, end_date=20260415T154227
[2026-04-15T15:42:27.634+0000] {standard_task_runner.py:110} ERROR - Failed to execute job 4 for task dbt_run (Bash command failed. The command returned a non-zero exit code 2.; 404)
[2026-04-15T15:42:27.657+0000] {local_task_job_runner.py:240} INFO - Task exited with return code 1
[2026-04-15T15:42:27.677+0000] {taskinstance.py:3482} INFO - 0 downstream tasks scheduled from follow-on schedule check
[2026-04-15T15:42:27.684+0000] {local_task_job_runner.py:222} INFO - ::endgroup::
[2026-04-15T15:42:40.031+0000] {local_task_job_runner.py:120} INFO - ::group::Pre task execution logs
[2026-04-15T15:42:40.055+0000] {taskinstance.py:2073} INFO - Dependencies all met for dep_context=non-requeueable deps ti=<TaskInstance: elt_pipeline_snowflake.dbt_run scheduled__2026-04-14T00:00:00+00:00 [queued]>
[2026-04-15T15:42:40.061+0000] {taskinstance.py:2073} INFO - Dependencies all met for dep_context=requeueable deps ti=<TaskInstance: elt_pipeline_snowflake.dbt_run scheduled__2026-04-14T00:00:00+00:00 [queued]>
[2026-04-15T15:42:40.064+0000] {taskinstance.py:2303} INFO - Starting attempt 1 of 2
[2026-04-15T15:42:40.076+0000] {taskinstance.py:2327} INFO - Executing <Task(BashOperator): dbt_run> on 2026-04-14 00:00:00+00:00
[2026-04-15T15:42:40.081+0000] {standard_task_runner.py:90} INFO - Running: ['***', 'tasks', 'run', 'elt_pipeline_snowflake', 'dbt_run', 'scheduled__2026-04-14T00:00:00+00:00', '--job-id', '7', '--raw', '--subdir', 'DAGS_FOLDER/elt_pipeline.py', '--cfg-path', '/tmp/tmpfmbrygdu']
[2026-04-15T15:42:40.083+0000] {standard_task_runner.py:91} INFO - Job 7: Subtask dbt_run
[2026-04-15T15:42:40.087+0000] {logging_mixin.py:188} WARNING - /home/***/.local/lib/python3.12/site-packages/***/task/task_runner/standard_task_runner.py:61 DeprecationWarning: This process (pid=418) is multi-threaded, use of fork() may lead to deadlocks in the child.
[2026-04-15T15:42:40.087+0000] {standard_task_runner.py:63} INFO - Started process 419 to run task
[2026-04-15T15:42:40.128+0000] {task_command.py:426} INFO - Running <TaskInstance: elt_pipeline_snowflake.dbt_run scheduled__2026-04-14T00:00:00+00:00 [running]> on host 93e181e324b5
[2026-04-15T15:42:40.195+0000] {taskinstance.py:2644} INFO - Exporting env vars: AIRFLOW_CTX_DAG_OWNER='juan' AIRFLOW_CTX_DAG_ID='elt_pipeline_snowflake' AIRFLOW_CTX_TASK_ID='dbt_run' AIRFLOW_CTX_EXECUTION_DATE='2026-04-14T00:00:00+00:00' AIRFLOW_CTX_TRY_NUMBER='1' AIRFLOW_CTX_DAG_RUN_ID='scheduled__2026-04-14T00:00:00+00:00'
[2026-04-15T15:42:40.196+0000] {taskinstance.py:430} INFO - ::endgroup::
[2026-04-15T15:42:40.207+0000] {subprocess.py:63} INFO - Tmp dir root location: /tmp
[2026-04-15T15:42:40.209+0000] {subprocess.py:75} INFO - Running command: ['/usr/bin/bash', '-c', '\n        set -a\n        source /opt/***/.env\n        set +a\n\n        cd /opt/***/dbt_project\n        dbt run\n        ']
[2026-04-15T15:42:40.219+0000] {subprocess.py:86} INFO - Output:
[2026-04-15T15:42:42.019+0000] {subprocess.py:93} INFO - Usage: dbt run [OPTIONS]
[2026-04-15T15:42:42.020+0000] {subprocess.py:93} INFO - Try 'dbt run -h' for help.
[2026-04-15T15:42:42.021+0000] {subprocess.py:93} INFO - 
[2026-04-15T15:42:42.021+0000] {subprocess.py:93} INFO - Error: Invalid value for '--profiles-dir': Path './dbt' does not exist.
[2026-04-15T15:42:42.232+0000] {subprocess.py:97} INFO - Command exited with return code 2
[2026-04-15T15:42:42.233+0000] {taskinstance.py:441} INFO - ::group::Post task execution logs
[2026-04-15T15:42:42.244+0000] {taskinstance.py:2890} ERROR - Task failed with exception
Traceback (most recent call last):
  File "/home/airflow/.local/lib/python3.12/site-packages/airflow/models/taskinstance.py", line 465, in _execute_task
    result = _execute_callable(context=context, **execute_callable_kwargs)
             ^^^^^^^^^^^^^^^^^^^^^^^^^^^^^^^^^^^^^^^^^^^^^^^^^^^^^^^^^^^^^
  File "/home/airflow/.local/lib/python3.12/site-packages/airflow/models/taskinstance.py", line 432, in _execute_callable
    return execute_callable(context=context, **execute_callable_kwargs)
           ^^^^^^^^^^^^^^^^^^^^^^^^^^^^^^^^^^^^^^^^^^^^^^^^^^^^^^^^^^^^
  File "/home/airflow/.local/lib/python3.12/site-packages/airflow/models/baseoperator.py", line 400, in wrapper
    return func(self, *args, **kwargs)
           ^^^^^^^^^^^^^^^^^^^^^^^^^^^
  File "/home/airflow/.local/lib/python3.12/site-packages/airflow/operators/bash.py", line 243, in execute
    raise AirflowException(
airflow.exceptions.AirflowException: Bash command failed. The command returned a non-zero exit code 2.
[2026-04-15T15:42:42.249+0000] {taskinstance.py:1205} INFO - Marking task as UP_FOR_RETRY. dag_id=elt_pipeline_snowflake, task_id=dbt_run, execution_date=20260414T000000, start_date=20260415T154240, end_date=20260415T154242
[2026-04-15T15:42:42.263+0000] {standard_task_runner.py:110} ERROR - Failed to execute job 7 for task dbt_run (Bash command failed. The command returned a non-zero exit code 2.; 419)
[2026-04-15T15:42:42.275+0000] {local_task_job_runner.py:240} INFO - Task exited with return code 1
[2026-04-15T15:42:42.296+0000] {taskinstance.py:3482} INFO - 0 downstream tasks scheduled from follow-on schedule check
[2026-04-15T15:42:42.300+0000] {local_task_job_runner.py:222} INFO - ::endgroup::
[2026-04-15T15:55:03.809+0000] {local_task_job_runner.py:120} INFO - ::group::Pre task execution logs
[2026-04-15T15:55:03.837+0000] {taskinstance.py:2073} INFO - Dependencies all met for dep_context=non-requeueable deps ti=<TaskInstance: elt_pipeline_snowflake.dbt_run scheduled__2026-04-14T00:00:00+00:00 [queued]>
[2026-04-15T15:55:03.845+0000] {taskinstance.py:2073} INFO - Dependencies all met for dep_context=requeueable deps ti=<TaskInstance: elt_pipeline_snowflake.dbt_run scheduled__2026-04-14T00:00:00+00:00 [queued]>
[2026-04-15T15:55:03.846+0000] {taskinstance.py:2303} INFO - Starting attempt 1 of 2
[2026-04-15T15:55:03.861+0000] {taskinstance.py:2327} INFO - Executing <Task(BashOperator): dbt_run> on 2026-04-14 00:00:00+00:00
[2026-04-15T15:55:03.866+0000] {standard_task_runner.py:90} INFO - Running: ['***', 'tasks', 'run', 'elt_pipeline_snowflake', 'dbt_run', 'scheduled__2026-04-14T00:00:00+00:00', '--job-id', '3', '--raw', '--subdir', 'DAGS_FOLDER/elt_pipeline.py', '--cfg-path', '/tmp/tmplq_grm0p']
[2026-04-15T15:55:03.870+0000] {standard_task_runner.py:91} INFO - Job 3: Subtask dbt_run
[2026-04-15T15:55:03.873+0000] {logging_mixin.py:188} WARNING - /home/***/.local/lib/python3.12/site-packages/***/task/task_runner/standard_task_runner.py:61 DeprecationWarning: This process (pid=247) is multi-threaded, use of fork() may lead to deadlocks in the child.
[2026-04-15T15:55:03.874+0000] {standard_task_runner.py:63} INFO - Started process 248 to run task
[2026-04-15T15:55:03.927+0000] {task_command.py:426} INFO - Running <TaskInstance: elt_pipeline_snowflake.dbt_run scheduled__2026-04-14T00:00:00+00:00 [running]> on host 55b69667d8f5
[2026-04-15T15:55:04.005+0000] {taskinstance.py:2644} INFO - Exporting env vars: AIRFLOW_CTX_DAG_OWNER='juan' AIRFLOW_CTX_DAG_ID='elt_pipeline_snowflake' AIRFLOW_CTX_TASK_ID='dbt_run' AIRFLOW_CTX_EXECUTION_DATE='2026-04-14T00:00:00+00:00' AIRFLOW_CTX_TRY_NUMBER='1' AIRFLOW_CTX_DAG_RUN_ID='scheduled__2026-04-14T00:00:00+00:00'
[2026-04-15T15:55:04.006+0000] {taskinstance.py:430} INFO - ::endgroup::
[2026-04-15T15:55:04.022+0000] {subprocess.py:63} INFO - Tmp dir root location: /tmp
[2026-04-15T15:55:04.023+0000] {subprocess.py:75} INFO - Running command: ['/usr/bin/bash', '-c', '\n        set -a\n        source /opt/***/.env\n        set +a\n\n        cd /opt/***/dbt_project\n        dbt run\n        ']
[2026-04-15T15:55:04.030+0000] {subprocess.py:86} INFO - Output:
[2026-04-15T15:55:06.313+0000] {subprocess.py:93} INFO - Usage: dbt run [OPTIONS]
[2026-04-15T15:55:06.314+0000] {subprocess.py:93} INFO - Try 'dbt run -h' for help.
[2026-04-15T15:55:06.315+0000] {subprocess.py:93} INFO - 
[2026-04-15T15:55:06.316+0000] {subprocess.py:93} INFO - Error: Invalid value for '--profiles-dir': Path './dbt' does not exist.
[2026-04-15T15:55:06.541+0000] {subprocess.py:97} INFO - Command exited with return code 2
[2026-04-15T15:55:06.542+0000] {taskinstance.py:441} INFO - ::group::Post task execution logs
[2026-04-15T15:55:06.552+0000] {taskinstance.py:2890} ERROR - Task failed with exception
Traceback (most recent call last):
  File "/home/airflow/.local/lib/python3.12/site-packages/airflow/models/taskinstance.py", line 465, in _execute_task
    result = _execute_callable(context=context, **execute_callable_kwargs)
             ^^^^^^^^^^^^^^^^^^^^^^^^^^^^^^^^^^^^^^^^^^^^^^^^^^^^^^^^^^^^^
  File "/home/airflow/.local/lib/python3.12/site-packages/airflow/models/taskinstance.py", line 432, in _execute_callable
    return execute_callable(context=context, **execute_callable_kwargs)
           ^^^^^^^^^^^^^^^^^^^^^^^^^^^^^^^^^^^^^^^^^^^^^^^^^^^^^^^^^^^^
  File "/home/airflow/.local/lib/python3.12/site-packages/airflow/models/baseoperator.py", line 400, in wrapper
    return func(self, *args, **kwargs)
           ^^^^^^^^^^^^^^^^^^^^^^^^^^^
  File "/home/airflow/.local/lib/python3.12/site-packages/airflow/operators/bash.py", line 243, in execute
    raise AirflowException(
airflow.exceptions.AirflowException: Bash command failed. The command returned a non-zero exit code 2.
[2026-04-15T15:55:06.559+0000] {taskinstance.py:1205} INFO - Marking task as UP_FOR_RETRY. dag_id=elt_pipeline_snowflake, task_id=dbt_run, execution_date=20260414T000000, start_date=20260415T155503, end_date=20260415T155506
[2026-04-15T15:55:06.577+0000] {standard_task_runner.py:110} ERROR - Failed to execute job 3 for task dbt_run (Bash command failed. The command returned a non-zero exit code 2.; 248)
[2026-04-15T15:55:06.617+0000] {local_task_job_runner.py:240} INFO - Task exited with return code 1
[2026-04-15T15:55:06.641+0000] {taskinstance.py:3482} INFO - 0 downstream tasks scheduled from follow-on schedule check
[2026-04-15T15:55:06.644+0000] {local_task_job_runner.py:222} INFO - ::endgroup::
[2026-04-15T15:56:00.580+0000] {local_task_job_runner.py:120} INFO - ::group::Pre task execution logs
[2026-04-15T15:56:00.607+0000] {taskinstance.py:2073} INFO - Dependencies all met for dep_context=non-requeueable deps ti=<TaskInstance: elt_pipeline_snowflake.dbt_run scheduled__2026-04-14T00:00:00+00:00 [queued]>
[2026-04-15T15:56:00.614+0000] {taskinstance.py:2073} INFO - Dependencies all met for dep_context=requeueable deps ti=<TaskInstance: elt_pipeline_snowflake.dbt_run scheduled__2026-04-14T00:00:00+00:00 [queued]>
[2026-04-15T15:56:00.615+0000] {taskinstance.py:2303} INFO - Starting attempt 1 of 2
[2026-04-15T15:56:00.630+0000] {taskinstance.py:2327} INFO - Executing <Task(BashOperator): dbt_run> on 2026-04-14 00:00:00+00:00
[2026-04-15T15:56:00.636+0000] {standard_task_runner.py:90} INFO - Running: ['***', 'tasks', 'run', 'elt_pipeline_snowflake', 'dbt_run', 'scheduled__2026-04-14T00:00:00+00:00', '--job-id', '5', '--raw', '--subdir', 'DAGS_FOLDER/elt_pipeline.py', '--cfg-path', '/tmp/tmptvtz78a2']
[2026-04-15T15:56:00.639+0000] {standard_task_runner.py:91} INFO - Job 5: Subtask dbt_run
[2026-04-15T15:56:00.642+0000] {logging_mixin.py:188} WARNING - /home/***/.local/lib/python3.12/site-packages/***/task/task_runner/standard_task_runner.py:61 DeprecationWarning: This process (pid=264) is multi-threaded, use of fork() may lead to deadlocks in the child.
[2026-04-15T15:56:00.643+0000] {standard_task_runner.py:63} INFO - Started process 265 to run task
[2026-04-15T15:56:00.694+0000] {task_command.py:426} INFO - Running <TaskInstance: elt_pipeline_snowflake.dbt_run scheduled__2026-04-14T00:00:00+00:00 [running]> on host 55b69667d8f5
[2026-04-15T15:56:00.780+0000] {taskinstance.py:2644} INFO - Exporting env vars: AIRFLOW_CTX_DAG_OWNER='juan' AIRFLOW_CTX_DAG_ID='elt_pipeline_snowflake' AIRFLOW_CTX_TASK_ID='dbt_run' AIRFLOW_CTX_EXECUTION_DATE='2026-04-14T00:00:00+00:00' AIRFLOW_CTX_TRY_NUMBER='1' AIRFLOW_CTX_DAG_RUN_ID='scheduled__2026-04-14T00:00:00+00:00'
[2026-04-15T15:56:00.781+0000] {taskinstance.py:430} INFO - ::endgroup::
[2026-04-15T15:56:00.792+0000] {subprocess.py:63} INFO - Tmp dir root location: /tmp
[2026-04-15T15:56:00.794+0000] {subprocess.py:75} INFO - Running command: ['/usr/bin/bash', '-c', '\n        set -a\n        source /opt/***/.env\n        set +a\n\n        cd /opt/***/dbt_project\n        dbt run\n        ']
[2026-04-15T15:56:00.802+0000] {subprocess.py:86} INFO - Output:
[2026-04-15T15:56:02.621+0000] {subprocess.py:93} INFO - Usage: dbt run [OPTIONS]
[2026-04-15T15:56:02.622+0000] {subprocess.py:93} INFO - Try 'dbt run -h' for help.
[2026-04-15T15:56:02.623+0000] {subprocess.py:93} INFO - 
[2026-04-15T15:56:02.623+0000] {subprocess.py:93} INFO - Error: Invalid value for '--profiles-dir': Path './dbt' does not exist.
[2026-04-15T15:56:02.863+0000] {subprocess.py:97} INFO - Command exited with return code 2
[2026-04-15T15:56:02.865+0000] {taskinstance.py:441} INFO - ::group::Post task execution logs
[2026-04-15T15:56:02.876+0000] {taskinstance.py:2890} ERROR - Task failed with exception
Traceback (most recent call last):
  File "/home/airflow/.local/lib/python3.12/site-packages/airflow/models/taskinstance.py", line 465, in _execute_task
    result = _execute_callable(context=context, **execute_callable_kwargs)
             ^^^^^^^^^^^^^^^^^^^^^^^^^^^^^^^^^^^^^^^^^^^^^^^^^^^^^^^^^^^^^
  File "/home/airflow/.local/lib/python3.12/site-packages/airflow/models/taskinstance.py", line 432, in _execute_callable
    return execute_callable(context=context, **execute_callable_kwargs)
           ^^^^^^^^^^^^^^^^^^^^^^^^^^^^^^^^^^^^^^^^^^^^^^^^^^^^^^^^^^^^
  File "/home/airflow/.local/lib/python3.12/site-packages/airflow/models/baseoperator.py", line 400, in wrapper
    return func(self, *args, **kwargs)
           ^^^^^^^^^^^^^^^^^^^^^^^^^^^
  File "/home/airflow/.local/lib/python3.12/site-packages/airflow/operators/bash.py", line 243, in execute
    raise AirflowException(
airflow.exceptions.AirflowException: Bash command failed. The command returned a non-zero exit code 2.
[2026-04-15T15:56:02.880+0000] {taskinstance.py:1205} INFO - Marking task as UP_FOR_RETRY. dag_id=elt_pipeline_snowflake, task_id=dbt_run, execution_date=20260414T000000, start_date=20260415T155600, end_date=20260415T155602
[2026-04-15T15:56:02.894+0000] {standard_task_runner.py:110} ERROR - Failed to execute job 5 for task dbt_run (Bash command failed. The command returned a non-zero exit code 2.; 265)
[2026-04-15T15:56:02.905+0000] {local_task_job_runner.py:240} INFO - Task exited with return code 1
[2026-04-15T15:56:02.925+0000] {taskinstance.py:3482} INFO - 0 downstream tasks scheduled from follow-on schedule check
[2026-04-15T15:56:02.930+0000] {local_task_job_runner.py:222} INFO - ::endgroup::
[2026-04-15T16:18:47.845+0000] {local_task_job_runner.py:120} INFO - ::group::Pre task execution logs
[2026-04-15T16:18:47.871+0000] {taskinstance.py:2073} INFO - Dependencies all met for dep_context=non-requeueable deps ti=<TaskInstance: elt_pipeline_snowflake.dbt_run scheduled__2026-04-14T00:00:00+00:00 [queued]>
[2026-04-15T16:18:47.879+0000] {taskinstance.py:2073} INFO - Dependencies all met for dep_context=requeueable deps ti=<TaskInstance: elt_pipeline_snowflake.dbt_run scheduled__2026-04-14T00:00:00+00:00 [queued]>
[2026-04-15T16:18:47.880+0000] {taskinstance.py:2303} INFO - Starting attempt 1 of 2
[2026-04-15T16:18:47.895+0000] {taskinstance.py:2327} INFO - Executing <Task(BashOperator): dbt_run> on 2026-04-14 00:00:00+00:00
[2026-04-15T16:18:47.900+0000] {standard_task_runner.py:90} INFO - Running: ['***', 'tasks', 'run', 'elt_pipeline_snowflake', 'dbt_run', 'scheduled__2026-04-14T00:00:00+00:00', '--job-id', '9', '--raw', '--subdir', 'DAGS_FOLDER/elt_pipeline.py', '--cfg-path', '/tmp/tmpvhz3j4gk']
[2026-04-15T16:18:47.903+0000] {standard_task_runner.py:91} INFO - Job 9: Subtask dbt_run
[2026-04-15T16:18:47.905+0000] {logging_mixin.py:188} WARNING - /home/***/.local/lib/python3.12/site-packages/***/task/task_runner/standard_task_runner.py:61 DeprecationWarning: This process (pid=240) is multi-threaded, use of fork() may lead to deadlocks in the child.
[2026-04-15T16:18:47.906+0000] {standard_task_runner.py:63} INFO - Started process 241 to run task
[2026-04-15T16:18:47.950+0000] {task_command.py:426} INFO - Running <TaskInstance: elt_pipeline_snowflake.dbt_run scheduled__2026-04-14T00:00:00+00:00 [running]> on host 8abcf8b261db
[2026-04-15T16:18:48.051+0000] {taskinstance.py:2644} INFO - Exporting env vars: AIRFLOW_CTX_DAG_OWNER='juan' AIRFLOW_CTX_DAG_ID='elt_pipeline_snowflake' AIRFLOW_CTX_TASK_ID='dbt_run' AIRFLOW_CTX_EXECUTION_DATE='2026-04-14T00:00:00+00:00' AIRFLOW_CTX_TRY_NUMBER='1' AIRFLOW_CTX_DAG_RUN_ID='scheduled__2026-04-14T00:00:00+00:00'
[2026-04-15T16:18:48.055+0000] {taskinstance.py:430} INFO - ::endgroup::
[2026-04-15T16:18:48.085+0000] {subprocess.py:63} INFO - Tmp dir root location: /tmp
[2026-04-15T16:18:48.086+0000] {subprocess.py:75} INFO - Running command: ['/usr/bin/bash', '-c', '\n        set -a\n        source /opt/***/.env\n        set +a\n\n        cd /opt/***/dbt_project\n        /home/***/.local/bin/dbt run --profiles-dir /opt/***/elt_project\n        ']
[2026-04-15T16:18:48.097+0000] {subprocess.py:86} INFO - Output:
[2026-04-15T16:18:50.909+0000] {subprocess.py:93} INFO - [0m16:18:50  Running with dbt=1.11.8
[2026-04-15T16:18:50.915+0000] {subprocess.py:93} INFO - [0m16:18:50  Encountered an error:
[2026-04-15T16:18:50.915+0000] {subprocess.py:93} INFO - Runtime Error
[2026-04-15T16:18:50.916+0000] {subprocess.py:93} INFO -   No dbt_project.yml found at expected path /opt/***/dbt_project/dbt_project.yml
[2026-04-15T16:18:50.917+0000] {subprocess.py:93} INFO -   Verify that each entry within packages.yml (and their transitive dependencies) contains a file named dbt_project.yml
[2026-04-15T16:18:50.917+0000] {subprocess.py:93} INFO - 
[2026-04-15T16:18:51.707+0000] {subprocess.py:97} INFO - Command exited with return code 2
[2026-04-15T16:18:51.708+0000] {taskinstance.py:441} INFO - ::group::Post task execution logs
[2026-04-15T16:18:51.720+0000] {taskinstance.py:2890} ERROR - Task failed with exception
Traceback (most recent call last):
  File "/home/airflow/.local/lib/python3.12/site-packages/airflow/models/taskinstance.py", line 465, in _execute_task
    result = _execute_callable(context=context, **execute_callable_kwargs)
             ^^^^^^^^^^^^^^^^^^^^^^^^^^^^^^^^^^^^^^^^^^^^^^^^^^^^^^^^^^^^^
  File "/home/airflow/.local/lib/python3.12/site-packages/airflow/models/taskinstance.py", line 432, in _execute_callable
    return execute_callable(context=context, **execute_callable_kwargs)
           ^^^^^^^^^^^^^^^^^^^^^^^^^^^^^^^^^^^^^^^^^^^^^^^^^^^^^^^^^^^^
  File "/home/airflow/.local/lib/python3.12/site-packages/airflow/models/baseoperator.py", line 400, in wrapper
    return func(self, *args, **kwargs)
           ^^^^^^^^^^^^^^^^^^^^^^^^^^^
  File "/home/airflow/.local/lib/python3.12/site-packages/airflow/operators/bash.py", line 243, in execute
    raise AirflowException(
airflow.exceptions.AirflowException: Bash command failed. The command returned a non-zero exit code 2.
[2026-04-15T16:18:51.725+0000] {taskinstance.py:1205} INFO - Marking task as UP_FOR_RETRY. dag_id=elt_pipeline_snowflake, task_id=dbt_run, execution_date=20260414T000000, start_date=20260415T161847, end_date=20260415T161851
[2026-04-15T16:18:51.739+0000] {standard_task_runner.py:110} ERROR - Failed to execute job 9 for task dbt_run (Bash command failed. The command returned a non-zero exit code 2.; 241)
[2026-04-15T16:18:51.774+0000] {local_task_job_runner.py:240} INFO - Task exited with return code 1
[2026-04-15T16:18:51.793+0000] {taskinstance.py:3482} INFO - 0 downstream tasks scheduled from follow-on schedule check
[2026-04-15T16:18:51.796+0000] {local_task_job_runner.py:222} INFO - ::endgroup::
[2026-04-15T16:19:18.174+0000] {local_task_job_runner.py:120} INFO - ::group::Pre task execution logs
[2026-04-15T16:19:18.200+0000] {taskinstance.py:2073} INFO - Dependencies all met for dep_context=non-requeueable deps ti=<TaskInstance: elt_pipeline_snowflake.dbt_run scheduled__2026-04-14T00:00:00+00:00 [queued]>
[2026-04-15T16:19:18.208+0000] {taskinstance.py:2073} INFO - Dependencies all met for dep_context=requeueable deps ti=<TaskInstance: elt_pipeline_snowflake.dbt_run scheduled__2026-04-14T00:00:00+00:00 [queued]>
[2026-04-15T16:19:18.209+0000] {taskinstance.py:2303} INFO - Starting attempt 1 of 2
[2026-04-15T16:19:18.225+0000] {taskinstance.py:2327} INFO - Executing <Task(BashOperator): dbt_run> on 2026-04-14 00:00:00+00:00
[2026-04-15T16:19:18.231+0000] {standard_task_runner.py:90} INFO - Running: ['***', 'tasks', 'run', 'elt_pipeline_snowflake', 'dbt_run', 'scheduled__2026-04-14T00:00:00+00:00', '--job-id', '13', '--raw', '--subdir', 'DAGS_FOLDER/elt_pipeline.py', '--cfg-path', '/tmp/tmpys6a3mpl']
[2026-04-15T16:19:18.233+0000] {standard_task_runner.py:91} INFO - Job 13: Subtask dbt_run
[2026-04-15T16:19:18.235+0000] {logging_mixin.py:188} WARNING - /home/***/.local/lib/python3.12/site-packages/***/task/task_runner/standard_task_runner.py:61 DeprecationWarning: This process (pid=261) is multi-threaded, use of fork() may lead to deadlocks in the child.
[2026-04-15T16:19:18.236+0000] {standard_task_runner.py:63} INFO - Started process 262 to run task
[2026-04-15T16:19:18.282+0000] {task_command.py:426} INFO - Running <TaskInstance: elt_pipeline_snowflake.dbt_run scheduled__2026-04-14T00:00:00+00:00 [running]> on host 8abcf8b261db
[2026-04-15T16:19:18.387+0000] {taskinstance.py:2644} INFO - Exporting env vars: AIRFLOW_CTX_DAG_OWNER='juan' AIRFLOW_CTX_DAG_ID='elt_pipeline_snowflake' AIRFLOW_CTX_TASK_ID='dbt_run' AIRFLOW_CTX_EXECUTION_DATE='2026-04-14T00:00:00+00:00' AIRFLOW_CTX_TRY_NUMBER='1' AIRFLOW_CTX_DAG_RUN_ID='scheduled__2026-04-14T00:00:00+00:00'
[2026-04-15T16:19:18.388+0000] {taskinstance.py:430} INFO - ::endgroup::
[2026-04-15T16:19:18.403+0000] {subprocess.py:63} INFO - Tmp dir root location: /tmp
[2026-04-15T16:19:18.405+0000] {subprocess.py:75} INFO - Running command: ['/usr/bin/bash', '-c', '\n        set -a\n        source /opt/***/.env\n        set +a\n\n        cd /opt/***/dbt_project\n        /home/***/.local/bin/dbt run --profiles-dir /opt/***/elt_project\n        ']
[2026-04-15T16:19:18.413+0000] {subprocess.py:86} INFO - Output:
[2026-04-15T16:19:20.256+0000] {subprocess.py:93} INFO - [0m16:19:20  Running with dbt=1.11.8
[2026-04-15T16:19:20.262+0000] {subprocess.py:93} INFO - [0m16:19:20  Encountered an error:
[2026-04-15T16:19:20.262+0000] {subprocess.py:93} INFO - Runtime Error
[2026-04-15T16:19:20.263+0000] {subprocess.py:93} INFO -   No dbt_project.yml found at expected path /opt/***/dbt_project/dbt_project.yml
[2026-04-15T16:19:20.267+0000] {subprocess.py:93} INFO -   Verify that each entry within packages.yml (and their transitive dependencies) contains a file named dbt_project.yml
[2026-04-15T16:19:20.267+0000] {subprocess.py:93} INFO - 
[2026-04-15T16:19:21.024+0000] {subprocess.py:97} INFO - Command exited with return code 2
[2026-04-15T16:19:21.025+0000] {taskinstance.py:441} INFO - ::group::Post task execution logs
[2026-04-15T16:19:21.037+0000] {taskinstance.py:2890} ERROR - Task failed with exception
Traceback (most recent call last):
  File "/home/airflow/.local/lib/python3.12/site-packages/airflow/models/taskinstance.py", line 465, in _execute_task
    result = _execute_callable(context=context, **execute_callable_kwargs)
             ^^^^^^^^^^^^^^^^^^^^^^^^^^^^^^^^^^^^^^^^^^^^^^^^^^^^^^^^^^^^^
  File "/home/airflow/.local/lib/python3.12/site-packages/airflow/models/taskinstance.py", line 432, in _execute_callable
    return execute_callable(context=context, **execute_callable_kwargs)
           ^^^^^^^^^^^^^^^^^^^^^^^^^^^^^^^^^^^^^^^^^^^^^^^^^^^^^^^^^^^^
  File "/home/airflow/.local/lib/python3.12/site-packages/airflow/models/baseoperator.py", line 400, in wrapper
    return func(self, *args, **kwargs)
           ^^^^^^^^^^^^^^^^^^^^^^^^^^^
  File "/home/airflow/.local/lib/python3.12/site-packages/airflow/operators/bash.py", line 243, in execute
    raise AirflowException(
airflow.exceptions.AirflowException: Bash command failed. The command returned a non-zero exit code 2.
[2026-04-15T16:19:21.042+0000] {taskinstance.py:1205} INFO - Marking task as UP_FOR_RETRY. dag_id=elt_pipeline_snowflake, task_id=dbt_run, execution_date=20260414T000000, start_date=20260415T161918, end_date=20260415T161921
[2026-04-15T16:19:21.056+0000] {standard_task_runner.py:110} ERROR - Failed to execute job 13 for task dbt_run (Bash command failed. The command returned a non-zero exit code 2.; 262)
[2026-04-15T16:19:21.067+0000] {local_task_job_runner.py:240} INFO - Task exited with return code 1
[2026-04-15T16:19:21.087+0000] {taskinstance.py:3482} INFO - 0 downstream tasks scheduled from follow-on schedule check
[2026-04-15T16:19:21.094+0000] {local_task_job_runner.py:222} INFO - ::endgroup::
[2026-04-15T22:07:14.613+0000] {local_task_job_runner.py:120} INFO - ::group::Pre task execution logs
[2026-04-15T22:07:14.637+0000] {taskinstance.py:2073} INFO - Dependencies all met for dep_context=non-requeueable deps ti=<TaskInstance: elt_pipeline_snowflake.dbt_run scheduled__2026-04-14T00:00:00+00:00 [queued]>
[2026-04-15T22:07:14.645+0000] {taskinstance.py:2073} INFO - Dependencies all met for dep_context=requeueable deps ti=<TaskInstance: elt_pipeline_snowflake.dbt_run scheduled__2026-04-14T00:00:00+00:00 [queued]>
[2026-04-15T22:07:14.646+0000] {taskinstance.py:2303} INFO - Starting attempt 1 of 2
[2026-04-15T22:07:14.659+0000] {taskinstance.py:2327} INFO - Executing <Task(BashOperator): dbt_run> on 2026-04-14 00:00:00+00:00
[2026-04-15T22:07:14.666+0000] {standard_task_runner.py:90} INFO - Running: ['***', 'tasks', 'run', 'elt_pipeline_snowflake', 'dbt_run', 'scheduled__2026-04-14T00:00:00+00:00', '--job-id', '23', '--raw', '--subdir', 'DAGS_FOLDER/elt_pipeline.py', '--cfg-path', '/tmp/tmp34kqicit']
[2026-04-15T22:07:14.671+0000] {logging_mixin.py:188} WARNING - /home/***/.local/lib/python3.12/site-packages/***/task/task_runner/standard_task_runner.py:61 DeprecationWarning: This process (pid=1867) is multi-threaded, use of fork() may lead to deadlocks in the child.
[2026-04-15T22:07:14.672+0000] {standard_task_runner.py:91} INFO - Job 23: Subtask dbt_run
[2026-04-15T22:07:14.672+0000] {standard_task_runner.py:63} INFO - Started process 1868 to run task
[2026-04-15T22:07:14.717+0000] {task_command.py:426} INFO - Running <TaskInstance: elt_pipeline_snowflake.dbt_run scheduled__2026-04-14T00:00:00+00:00 [running]> on host 8abcf8b261db
[2026-04-15T22:07:14.788+0000] {taskinstance.py:2644} INFO - Exporting env vars: AIRFLOW_CTX_DAG_OWNER='juan' AIRFLOW_CTX_DAG_ID='elt_pipeline_snowflake' AIRFLOW_CTX_TASK_ID='dbt_run' AIRFLOW_CTX_EXECUTION_DATE='2026-04-14T00:00:00+00:00' AIRFLOW_CTX_TRY_NUMBER='1' AIRFLOW_CTX_DAG_RUN_ID='scheduled__2026-04-14T00:00:00+00:00'
[2026-04-15T22:07:14.789+0000] {taskinstance.py:430} INFO - ::endgroup::
[2026-04-15T22:07:14.803+0000] {subprocess.py:63} INFO - Tmp dir root location: /tmp
[2026-04-15T22:07:14.805+0000] {subprocess.py:75} INFO - Running command: ['/usr/bin/bash', '-c', '\n        set -a\n        source /opt/***/.env\n        set +a\n\n        cd /opt/***/elt_project\n        /home/***/.local/bin/dbt run --profiles-dir /opt/***/elt_project\n        ']
[2026-04-15T22:07:14.813+0000] {subprocess.py:86} INFO - Output:
[2026-04-15T22:07:16.888+0000] {subprocess.py:93} INFO - [0m22:07:16  Running with dbt=1.11.8
[2026-04-15T22:07:17.848+0000] {subprocess.py:93} INFO - [0m22:07:17  Registered adapter: snowflake=1.11.4
[2026-04-15T22:07:18.392+0000] {subprocess.py:93} INFO - [0m22:07:18  [[33mWARNING[0m]: Configuration paths exist in your dbt_project.yml file which do not apply to any resources.
[2026-04-15T22:07:18.393+0000] {subprocess.py:93} INFO - There are 2 unused configuration paths:
[2026-04-15T22:07:18.394+0000] {subprocess.py:93} INFO - - models.elt_project.intermediate
[2026-04-15T22:07:18.394+0000] {subprocess.py:93} INFO - - models.elt_project.marts
[2026-04-15T22:07:18.619+0000] {subprocess.py:93} INFO - [0m22:07:18  Found 4 models, 12 data tests, 1 source, 523 macros
[2026-04-15T22:07:18.625+0000] {subprocess.py:93} INFO - [0m22:07:18
[2026-04-15T22:07:18.628+0000] {subprocess.py:93} INFO - [0m22:07:18  Concurrency: 4 threads (target='dev')
[2026-04-15T22:07:18.631+0000] {subprocess.py:93} INFO - [0m22:07:18
[2026-04-15T22:07:19.674+0000] {subprocess.py:93} INFO - [0m22:07:19  1 of 4 START sql incremental model staging.stg_orders .......................... [RUN]
[2026-04-15T22:07:22.258+0000] {subprocess.py:93} INFO - [0m22:07:22  1 of 4 OK created sql incremental model staging.stg_orders ..................... [[32mSUCCESS 0[0m in 2.58s]
[2026-04-15T22:07:22.266+0000] {subprocess.py:93} INFO - [0m22:07:22  2 of 4 START sql view model staging.dim_customers .............................. [RUN]
[2026-04-15T22:07:22.268+0000] {subprocess.py:93} INFO - [0m22:07:22  3 of 4 START sql view model staging.fact_orders ................................ [RUN]
[2026-04-15T22:07:22.270+0000] {subprocess.py:93} INFO - [0m22:07:22  4 of 4 START sql view model staging.orders_summary ............................. [RUN]
[2026-04-15T22:07:23.189+0000] {subprocess.py:93} INFO - [0m22:07:23  3 of 4 OK created sql view model staging.fact_orders ........................... [[32mSUCCESS 1[0m in 0.91s]
[2026-04-15T22:07:23.226+0000] {subprocess.py:93} INFO - [0m22:07:23  2 of 4 OK created sql view model staging.dim_customers ......................... [[32mSUCCESS 1[0m in 0.95s]
[2026-04-15T22:07:25.017+0000] {subprocess.py:93} INFO - [0m22:07:25  4 of 4 OK created sql view model staging.orders_summary ........................ [[32mSUCCESS 1[0m in 2.74s]
[2026-04-15T22:07:26.601+0000] {subprocess.py:93} INFO - [0m22:07:26
[2026-04-15T22:07:26.602+0000] {subprocess.py:93} INFO - [0m22:07:26  Finished running 1 incremental model, 3 view models in 0 hours 0 minutes and 7.97 seconds (7.97s).
[2026-04-15T22:07:26.708+0000] {subprocess.py:93} INFO - [0m22:07:26
[2026-04-15T22:07:26.710+0000] {subprocess.py:93} INFO - [0m22:07:26  [32mCompleted successfully[0m
[2026-04-15T22:07:26.711+0000] {subprocess.py:93} INFO - [0m22:07:26
[2026-04-15T22:07:26.713+0000] {subprocess.py:93} INFO - [0m22:07:26  Done. PASS=4 WARN=0 ERROR=0 SKIP=0 NO-OP=0 TOTAL=4
[2026-04-15T22:07:27.572+0000] {subprocess.py:97} INFO - Command exited with return code 0
[2026-04-15T22:07:27.574+0000] {taskinstance.py:441} INFO - ::group::Post task execution logs
[2026-04-15T22:07:27.586+0000] {taskinstance.py:2890} ERROR - Task failed with exception
Traceback (most recent call last):
  File "/home/airflow/.local/lib/python3.12/site-packages/airflow/models/taskinstance.py", line 486, in _execute_task
    task_instance.xcom_push(key=XCOM_RETURN_KEY, value=xcom_value, session=session)
  File "/home/airflow/.local/lib/python3.12/site-packages/airflow/utils/session.py", line 76, in wrapper
    return func(*args, **kwargs)
           ^^^^^^^^^^^^^^^^^^^^^
  File "/home/airflow/.local/lib/python3.12/site-packages/airflow/models/taskinstance.py", line 3182, in xcom_push
    XCom.set(
  File "/home/airflow/.local/lib/python3.12/site-packages/airflow/utils/session.py", line 76, in wrapper
    return func(*args, **kwargs)
           ^^^^^^^^^^^^^^^^^^^^^
  File "/home/airflow/.local/lib/python3.12/site-packages/airflow/models/xcom.py", line 224, in set
    raise ValueError(f"DAG run not found on DAG {dag_id!r} with ID {run_id!r}")
ValueError: DAG run not found on DAG 'elt_pipeline_snowflake' with ID 'scheduled__2026-04-14T00:00:00+00:00'
[2026-04-15T22:07:27.605+0000] {taskinstance.py:1205} INFO - Marking task as FAILED. dag_id=elt_pipeline_snowflake, task_id=dbt_run, execution_date=20260414T000000, start_date=20260415T220714, end_date=20260415T220727
[2026-04-15T22:07:27.648+0000] {standard_task_runner.py:110} ERROR - Failed to execute job 23 for task dbt_run ((psycopg2.errors.ForeignKeyViolation) insert or update on table "task_fail" violates foreign key constraint "task_fail_ti_fkey"
DETAIL:  Key (dag_id, task_id, run_id, map_index)=(elt_pipeline_snowflake, dbt_run, scheduled__2026-04-14T00:00:00+00:00, -1) is not present in table "task_instance".

[SQL: INSERT INTO task_fail (task_id, dag_id, run_id, map_index, start_date, end_date, duration) VALUES (%(task_id)s, %(dag_id)s, %(run_id)s, %(map_index)s, %(start_date)s, %(end_date)s, %(duration)s) RETURNING task_fail.id]
[parameters: {'task_id': 'dbt_run', 'dag_id': 'elt_pipeline_snowflake', 'run_id': 'scheduled__2026-04-14T00:00:00+00:00', 'map_index': -1, 'start_date': datetime.datetime(2026, 4, 15, 22, 7, 14, 638693, tzinfo=Timezone('UTC')), 'end_date': datetime.datetime(2026, 4, 15, 22, 7, 27, 604341, tzinfo=Timezone('UTC')), 'duration': 12}]
(Background on this error at: https://sqlalche.me/e/14/gkpj); 1868)
[2026-04-15T22:07:27.666+0000] {local_task_job_runner.py:240} INFO - Task exited with return code 1
[2026-04-15T22:07:27.678+0000] {local_task_job_runner.py:222} INFO - ::endgroup::
[2026-04-15T22:07:43.786+0000] {local_task_job_runner.py:120} INFO - ::group::Pre task execution logs
[2026-04-15T22:07:43.810+0000] {taskinstance.py:2073} INFO - Dependencies all met for dep_context=non-requeueable deps ti=<TaskInstance: elt_pipeline_snowflake.dbt_run scheduled__2026-04-14T00:00:00+00:00 [queued]>
[2026-04-15T22:07:43.818+0000] {taskinstance.py:2073} INFO - Dependencies all met for dep_context=requeueable deps ti=<TaskInstance: elt_pipeline_snowflake.dbt_run scheduled__2026-04-14T00:00:00+00:00 [queued]>
[2026-04-15T22:07:43.819+0000] {taskinstance.py:2303} INFO - Starting attempt 1 of 2
[2026-04-15T22:07:43.832+0000] {taskinstance.py:2327} INFO - Executing <Task(BashOperator): dbt_run> on 2026-04-14 00:00:00+00:00
[2026-04-15T22:07:43.839+0000] {standard_task_runner.py:90} INFO - Running: ['***', 'tasks', 'run', 'elt_pipeline_snowflake', 'dbt_run', 'scheduled__2026-04-14T00:00:00+00:00', '--job-id', '26', '--raw', '--subdir', 'DAGS_FOLDER/elt_pipeline.py', '--cfg-path', '/tmp/tmp9alotzd0']
[2026-04-15T22:07:43.841+0000] {standard_task_runner.py:91} INFO - Job 26: Subtask dbt_run
[2026-04-15T22:07:43.843+0000] {logging_mixin.py:188} WARNING - /home/***/.local/lib/python3.12/site-packages/***/task/task_runner/standard_task_runner.py:61 DeprecationWarning: This process (pid=1946) is multi-threaded, use of fork() may lead to deadlocks in the child.
[2026-04-15T22:07:43.844+0000] {standard_task_runner.py:63} INFO - Started process 1947 to run task
[2026-04-15T22:07:43.887+0000] {task_command.py:426} INFO - Running <TaskInstance: elt_pipeline_snowflake.dbt_run scheduled__2026-04-14T00:00:00+00:00 [running]> on host 8abcf8b261db
[2026-04-15T22:07:43.957+0000] {taskinstance.py:2644} INFO - Exporting env vars: AIRFLOW_CTX_DAG_OWNER='juan' AIRFLOW_CTX_DAG_ID='elt_pipeline_snowflake' AIRFLOW_CTX_TASK_ID='dbt_run' AIRFLOW_CTX_EXECUTION_DATE='2026-04-14T00:00:00+00:00' AIRFLOW_CTX_TRY_NUMBER='1' AIRFLOW_CTX_DAG_RUN_ID='scheduled__2026-04-14T00:00:00+00:00'
[2026-04-15T22:07:43.958+0000] {taskinstance.py:430} INFO - ::endgroup::
[2026-04-15T22:07:43.969+0000] {subprocess.py:63} INFO - Tmp dir root location: /tmp
[2026-04-15T22:07:43.971+0000] {subprocess.py:75} INFO - Running command: ['/usr/bin/bash', '-c', '\n        set -a\n        source /opt/***/.env\n        set +a\n\n        cd /opt/***/elt_project\n        /home/***/.local/bin/dbt run --profiles-dir /opt/***/elt_project\n        ']
[2026-04-15T22:07:43.978+0000] {subprocess.py:86} INFO - Output:
[2026-04-15T22:07:46.072+0000] {subprocess.py:93} INFO - [0m22:07:46  Running with dbt=1.11.8
[2026-04-15T22:07:46.941+0000] {subprocess.py:93} INFO - [0m22:07:46  Registered adapter: snowflake=1.11.4
[2026-04-15T22:07:47.414+0000] {subprocess.py:93} INFO - [0m22:07:47  [[33mWARNING[0m]: Configuration paths exist in your dbt_project.yml file which do not apply to any resources.
[2026-04-15T22:07:47.415+0000] {subprocess.py:93} INFO - There are 2 unused configuration paths:
[2026-04-15T22:07:47.415+0000] {subprocess.py:93} INFO - - models.elt_project.marts
[2026-04-15T22:07:47.416+0000] {subprocess.py:93} INFO - - models.elt_project.intermediate
[2026-04-15T22:07:47.652+0000] {subprocess.py:93} INFO - [0m22:07:47  Found 4 models, 12 data tests, 1 source, 523 macros
[2026-04-15T22:07:47.660+0000] {subprocess.py:93} INFO - [0m22:07:47
[2026-04-15T22:07:47.663+0000] {subprocess.py:93} INFO - [0m22:07:47  Concurrency: 4 threads (target='dev')
[2026-04-15T22:07:47.666+0000] {subprocess.py:93} INFO - [0m22:07:47
[2026-04-15T22:07:49.805+0000] {subprocess.py:93} INFO - [0m22:07:49  1 of 4 START sql incremental model staging.stg_orders .......................... [RUN]
[2026-04-15T22:07:51.786+0000] {subprocess.py:93} INFO - [0m22:07:51  1 of 4 OK created sql incremental model staging.stg_orders ..................... [[32mSUCCESS 0[0m in 1.98s]
[2026-04-15T22:07:51.793+0000] {subprocess.py:93} INFO - [0m22:07:51  2 of 4 START sql view model staging.dim_customers .............................. [RUN]
[2026-04-15T22:07:51.795+0000] {subprocess.py:93} INFO - [0m22:07:51  3 of 4 START sql view model staging.fact_orders ................................ [RUN]
[2026-04-15T22:07:51.797+0000] {subprocess.py:93} INFO - [0m22:07:51  4 of 4 START sql view model staging.orders_summary ............................. [RUN]
[2026-04-15T22:07:52.740+0000] {subprocess.py:93} INFO - [0m22:07:52  4 of 4 OK created sql view model staging.orders_summary ........................ [[32mSUCCESS 1[0m in 0.93s]
[2026-04-15T22:07:52.748+0000] {subprocess.py:93} INFO - [0m22:07:52  2 of 4 OK created sql view model staging.dim_customers ......................... [[32mSUCCESS 1[0m in 0.94s]
[2026-04-15T22:07:53.610+0000] {subprocess.py:93} INFO - [0m22:07:53  3 of 4 OK created sql view model staging.fact_orders ........................... [[32mSUCCESS 1[0m in 1.81s]
[2026-04-15T22:07:54.659+0000] {subprocess.py:93} INFO - [0m22:07:54
[2026-04-15T22:07:54.660+0000] {subprocess.py:93} INFO - [0m22:07:54  Finished running 1 incremental model, 3 view models in 0 hours 0 minutes and 6.99 seconds (6.99s).
[2026-04-15T22:07:54.766+0000] {subprocess.py:93} INFO - [0m22:07:54
[2026-04-15T22:07:54.767+0000] {subprocess.py:93} INFO - [0m22:07:54  [32mCompleted successfully[0m
[2026-04-15T22:07:54.769+0000] {subprocess.py:93} INFO - [0m22:07:54
[2026-04-15T22:07:54.771+0000] {subprocess.py:93} INFO - [0m22:07:54  Done. PASS=4 WARN=0 ERROR=0 SKIP=0 NO-OP=0 TOTAL=4
[2026-04-15T22:07:55.740+0000] {subprocess.py:97} INFO - Command exited with return code 0
[2026-04-15T22:07:55.742+0000] {taskinstance.py:441} INFO - ::group::Post task execution logs
[2026-04-15T22:07:55.769+0000] {taskinstance.py:1205} INFO - Marking task as SUCCESS. dag_id=elt_pipeline_snowflake, task_id=dbt_run, execution_date=20260414T000000, start_date=20260415T220743, end_date=20260415T220755
[2026-04-15T22:07:55.813+0000] {local_task_job_runner.py:240} INFO - Task exited with return code 0
[2026-04-15T22:07:55.830+0000] {taskinstance.py:3482} INFO - 1 downstream tasks scheduled from follow-on schedule check
[2026-04-15T22:07:55.834+0000] {local_task_job_runner.py:222} INFO - ::endgroup::
[2026-04-15T22:17:21.020+0000] {local_task_job_runner.py:120} INFO - ::group::Pre task execution logs
[2026-04-15T22:17:21.045+0000] {taskinstance.py:2073} INFO - Dependencies all met for dep_context=non-requeueable deps ti=<TaskInstance: elt_pipeline_snowflake.dbt_run scheduled__2026-04-14T00:00:00+00:00 [queued]>
[2026-04-15T22:17:21.052+0000] {taskinstance.py:2073} INFO - Dependencies all met for dep_context=requeueable deps ti=<TaskInstance: elt_pipeline_snowflake.dbt_run scheduled__2026-04-14T00:00:00+00:00 [queued]>
[2026-04-15T22:17:21.053+0000] {taskinstance.py:2303} INFO - Starting attempt 1 of 2
[2026-04-15T22:17:21.066+0000] {taskinstance.py:2327} INFO - Executing <Task(BashOperator): dbt_run> on 2026-04-14 00:00:00+00:00
[2026-04-15T22:17:21.071+0000] {standard_task_runner.py:90} INFO - Running: ['***', 'tasks', 'run', 'elt_pipeline_snowflake', 'dbt_run', 'scheduled__2026-04-14T00:00:00+00:00', '--job-id', '31', '--raw', '--subdir', 'DAGS_FOLDER/elt_pipeline.py', '--cfg-path', '/tmp/tmpkz4rkzoz']
[2026-04-15T22:17:21.073+0000] {standard_task_runner.py:91} INFO - Job 31: Subtask dbt_run
[2026-04-15T22:17:21.075+0000] {logging_mixin.py:188} WARNING - /home/***/.local/lib/python3.12/site-packages/***/task/task_runner/standard_task_runner.py:61 DeprecationWarning: This process (pid=2134) is multi-threaded, use of fork() may lead to deadlocks in the child.
[2026-04-15T22:17:21.076+0000] {standard_task_runner.py:63} INFO - Started process 2135 to run task
[2026-04-15T22:17:21.125+0000] {task_command.py:426} INFO - Running <TaskInstance: elt_pipeline_snowflake.dbt_run scheduled__2026-04-14T00:00:00+00:00 [running]> on host 8abcf8b261db
[2026-04-15T22:17:21.205+0000] {taskinstance.py:2644} INFO - Exporting env vars: AIRFLOW_CTX_DAG_OWNER='juan' AIRFLOW_CTX_DAG_ID='elt_pipeline_snowflake' AIRFLOW_CTX_TASK_ID='dbt_run' AIRFLOW_CTX_EXECUTION_DATE='2026-04-14T00:00:00+00:00' AIRFLOW_CTX_TRY_NUMBER='1' AIRFLOW_CTX_DAG_RUN_ID='scheduled__2026-04-14T00:00:00+00:00'
[2026-04-15T22:17:21.206+0000] {taskinstance.py:430} INFO - ::endgroup::
[2026-04-15T22:17:21.218+0000] {subprocess.py:63} INFO - Tmp dir root location: /tmp
[2026-04-15T22:17:21.221+0000] {subprocess.py:75} INFO - Running command: ['/usr/bin/bash', '-c', '\n        set -a\n        source /opt/***/.env\n        set +a\n\n        cd /opt/***/elt_project\n        /home/***/.local/bin/dbt run --profiles-dir /opt/***/elt_project\n        ']
[2026-04-15T22:17:21.227+0000] {subprocess.py:86} INFO - Output:
[2026-04-15T22:17:23.247+0000] {subprocess.py:93} INFO - [0m22:17:23  Running with dbt=1.11.8
[2026-04-15T22:17:24.158+0000] {subprocess.py:93} INFO - [0m22:17:24  Registered adapter: snowflake=1.11.4
[2026-04-15T22:17:24.644+0000] {subprocess.py:93} INFO - [0m22:17:24  [[33mWARNING[0m]: Configuration paths exist in your dbt_project.yml file which do not apply to any resources.
[2026-04-15T22:17:24.644+0000] {subprocess.py:93} INFO - There are 2 unused configuration paths:
[2026-04-15T22:17:24.645+0000] {subprocess.py:93} INFO - - models.elt_project.marts
[2026-04-15T22:17:24.645+0000] {subprocess.py:93} INFO - - models.elt_project.intermediate
[2026-04-15T22:17:24.852+0000] {subprocess.py:93} INFO - [0m22:17:24  Found 4 models, 12 data tests, 1 source, 523 macros
[2026-04-15T22:17:24.856+0000] {subprocess.py:93} INFO - [0m22:17:24
[2026-04-15T22:17:24.857+0000] {subprocess.py:93} INFO - [0m22:17:24  Concurrency: 4 threads (target='dev')
[2026-04-15T22:17:24.858+0000] {subprocess.py:93} INFO - [0m22:17:24
[2026-04-15T22:17:26.741+0000] {subprocess.py:93} INFO - [0m22:17:26  1 of 4 START sql incremental model staging.stg_orders .......................... [RUN]
[2026-04-15T22:17:29.151+0000] {subprocess.py:93} INFO - [0m22:17:29  1 of 4 OK created sql incremental model staging.stg_orders ..................... [[32mSUCCESS 0[0m in 2.40s]
[2026-04-15T22:17:29.160+0000] {subprocess.py:93} INFO - [0m22:17:29  2 of 4 START sql view model staging.dim_customers .............................. [RUN]
[2026-04-15T22:17:29.162+0000] {subprocess.py:93} INFO - [0m22:17:29  3 of 4 START sql view model staging.fact_orders ................................ [RUN]
[2026-04-15T22:17:29.164+0000] {subprocess.py:93} INFO - [0m22:17:29  4 of 4 START sql view model staging.orders_summary ............................. [RUN]
[2026-04-15T22:17:30.217+0000] {subprocess.py:93} INFO - [0m22:17:30  2 of 4 OK created sql view model staging.dim_customers ......................... [[32mSUCCESS 1[0m in 1.05s]
[2026-04-15T22:17:30.915+0000] {subprocess.py:93} INFO - [0m22:17:30  4 of 4 OK created sql view model staging.orders_summary ........................ [[32mSUCCESS 1[0m in 1.74s]
[2026-04-15T22:17:31.290+0000] {subprocess.py:93} INFO - [0m22:17:31  3 of 4 OK created sql view model staging.fact_orders ........................... [[32mSUCCESS 1[0m in 2.12s]
[2026-04-15T22:17:32.350+0000] {subprocess.py:93} INFO - [0m22:17:32
[2026-04-15T22:17:32.353+0000] {subprocess.py:93} INFO - [0m22:17:32  Finished running 1 incremental model, 3 view models in 0 hours 0 minutes and 7.49 seconds (7.49s).
[2026-04-15T22:17:32.469+0000] {subprocess.py:93} INFO - [0m22:17:32
[2026-04-15T22:17:32.471+0000] {subprocess.py:93} INFO - [0m22:17:32  [32mCompleted successfully[0m
[2026-04-15T22:17:32.472+0000] {subprocess.py:93} INFO - [0m22:17:32
[2026-04-15T22:17:32.475+0000] {subprocess.py:93} INFO - [0m22:17:32  Done. PASS=4 WARN=0 ERROR=0 SKIP=0 NO-OP=0 TOTAL=4
[2026-04-15T22:17:33.364+0000] {subprocess.py:97} INFO - Command exited with return code 0
[2026-04-15T22:17:33.365+0000] {taskinstance.py:441} INFO - ::group::Post task execution logs
[2026-04-15T22:17:33.391+0000] {taskinstance.py:1205} INFO - Marking task as SUCCESS. dag_id=elt_pipeline_snowflake, task_id=dbt_run, execution_date=20260414T000000, start_date=20260415T221721, end_date=20260415T221733
[2026-04-15T22:17:33.423+0000] {local_task_job_runner.py:240} INFO - Task exited with return code 0
[2026-04-15T22:17:33.439+0000] {taskinstance.py:3482} INFO - 1 downstream tasks scheduled from follow-on schedule check
[2026-04-15T22:17:33.443+0000] {local_task_job_runner.py:222} INFO - ::endgroup::
