[2026-04-16T03:39:47.937+0000] {local_task_job_runner.py:120} INFO - ::group::Pre task execution logs
[2026-04-16T03:39:47.960+0000] {taskinstance.py:2073} INFO - Dependencies all met for dep_context=non-requeueable deps ti=<TaskInstance: elt_pipeline_snowflake.dbt_run scheduled__2026-04-15T00:00:00+00:00 [queued]>
[2026-04-16T03:39:47.968+0000] {taskinstance.py:2073} INFO - Dependencies all met for dep_context=requeueable deps ti=<TaskInstance: elt_pipeline_snowflake.dbt_run scheduled__2026-04-15T00:00:00+00:00 [queued]>
[2026-04-16T03:39:47.969+0000] {taskinstance.py:2303} INFO - Starting attempt 3 of 4
[2026-04-16T03:39:47.982+0000] {taskinstance.py:2327} INFO - Executing <Task(BashOperator): dbt_run> on 2026-04-15 00:00:00+00:00
[2026-04-16T03:39:47.990+0000] {logging_mixin.py:188} WARNING - /home/***/.local/lib/python3.12/site-packages/***/task/task_runner/standard_task_runner.py:61 DeprecationWarning: This process (pid=2920) is multi-threaded, use of fork() may lead to deadlocks in the child.
[2026-04-16T03:39:47.991+0000] {standard_task_runner.py:63} INFO - Started process 2924 to run task
[2026-04-16T03:39:47.990+0000] {standard_task_runner.py:90} INFO - Running: ['***', 'tasks', 'run', 'elt_pipeline_snowflake', 'dbt_run', 'scheduled__2026-04-15T00:00:00+00:00', '--job-id', '42', '--raw', '--subdir', 'DAGS_FOLDER/elt_pipeline.py', '--cfg-path', '/tmp/tmpnc9c4iws']
[2026-04-16T03:39:47.992+0000] {standard_task_runner.py:91} INFO - Job 42: Subtask dbt_run
[2026-04-16T03:39:48.038+0000] {task_command.py:426} INFO - Running <TaskInstance: elt_pipeline_snowflake.dbt_run scheduled__2026-04-15T00:00:00+00:00 [running]> on host 8abcf8b261db
[2026-04-16T03:39:48.107+0000] {taskinstance.py:2644} INFO - Exporting env vars: AIRFLOW_CTX_DAG_OWNER='juan' AIRFLOW_CTX_DAG_ID='elt_pipeline_snowflake' AIRFLOW_CTX_TASK_ID='dbt_run' AIRFLOW_CTX_EXECUTION_DATE='2026-04-15T00:00:00+00:00' AIRFLOW_CTX_TRY_NUMBER='3' AIRFLOW_CTX_DAG_RUN_ID='scheduled__2026-04-15T00:00:00+00:00'
[2026-04-16T03:39:48.110+0000] {taskinstance.py:430} INFO - ::endgroup::
[2026-04-16T03:39:48.120+0000] {subprocess.py:63} INFO - Tmp dir root location: /tmp
[2026-04-16T03:39:48.122+0000] {subprocess.py:75} INFO - Running command: ['/usr/bin/bash', '-c', '\n        set -a\n        source /opt/***/.env\n        set +a\n\n        cd /opt/***/elt_project\n        /home/***/.local/bin/dbt run --profiles-dir /opt/***/elt_project\n        ']
[2026-04-16T03:39:48.132+0000] {subprocess.py:86} INFO - Output:
[2026-04-16T03:39:50.902+0000] {subprocess.py:93} INFO - [0m03:39:50  Running with dbt=1.11.8
[2026-04-16T03:39:52.103+0000] {subprocess.py:93} INFO - [0m03:39:52  Registered adapter: snowflake=1.11.4
[2026-04-16T03:39:52.551+0000] {subprocess.py:93} INFO - [0m03:39:52  [[33mWARNING[0m]: Configuration paths exist in your dbt_project.yml file which do not apply to any resources.
[2026-04-16T03:39:52.551+0000] {subprocess.py:93} INFO - There are 2 unused configuration paths:
[2026-04-16T03:39:52.552+0000] {subprocess.py:93} INFO - - models.elt_project.marts
[2026-04-16T03:39:52.552+0000] {subprocess.py:93} INFO - - models.elt_project.intermediate
[2026-04-16T03:39:52.772+0000] {subprocess.py:93} INFO - [0m03:39:52  Found 4 models, 12 data tests, 1 source, 523 macros
[2026-04-16T03:39:52.785+0000] {subprocess.py:93} INFO - [0m03:39:52
[2026-04-16T03:39:52.795+0000] {subprocess.py:93} INFO - [0m03:39:52  Concurrency: 4 threads (target='dev')
[2026-04-16T03:39:52.798+0000] {subprocess.py:93} INFO - [0m03:39:52
[2026-04-16T03:39:56.306+0000] {subprocess.py:93} INFO - [0m03:39:56  1 of 4 START sql incremental model staging.stg_orders .......................... [RUN]
[2026-04-16T03:39:59.175+0000] {subprocess.py:93} INFO - [0m03:39:59  1 of 4 OK created sql incremental model staging.stg_orders ..................... [[32mSUCCESS 0[0m in 2.86s]
[2026-04-16T03:39:59.184+0000] {subprocess.py:93} INFO - [0m03:39:59  2 of 4 START sql view model staging.dim_customers .............................. [RUN]
[2026-04-16T03:39:59.185+0000] {subprocess.py:93} INFO - [0m03:39:59  3 of 4 START sql view model staging.fact_orders ................................ [RUN]
[2026-04-16T03:39:59.187+0000] {subprocess.py:93} INFO - [0m03:39:59  4 of 4 START sql view model staging.orders_summary ............................. [RUN]
[2026-04-16T03:40:01.241+0000] {subprocess.py:93} INFO - [0m03:40:01  4 of 4 OK created sql view model staging.orders_summary ........................ [[32mSUCCESS 1[0m in 2.04s]
[2026-04-16T03:40:01.592+0000] {subprocess.py:93} INFO - [0m03:40:01  2 of 4 OK created sql view model staging.dim_customers ......................... [[32mSUCCESS 1[0m in 2.39s]
[2026-04-16T03:40:01.962+0000] {subprocess.py:93} INFO - [0m03:40:01  3 of 4 OK created sql view model staging.fact_orders ........................... [[32mSUCCESS 1[0m in 2.77s]
[2026-04-16T03:40:03.103+0000] {subprocess.py:93} INFO - [0m03:40:03
[2026-04-16T03:40:03.106+0000] {subprocess.py:93} INFO - [0m03:40:03  Finished running 1 incremental model, 3 view models in 0 hours 0 minutes and 10.30 seconds (10.30s).
[2026-04-16T03:40:03.241+0000] {subprocess.py:93} INFO - [0m03:40:03
[2026-04-16T03:40:03.243+0000] {subprocess.py:93} INFO - [0m03:40:03  [32mCompleted successfully[0m
[2026-04-16T03:40:03.245+0000] {subprocess.py:93} INFO - [0m03:40:03
[2026-04-16T03:40:03.246+0000] {subprocess.py:93} INFO - [0m03:40:03  Done. PASS=4 WARN=0 ERROR=0 SKIP=0 NO-OP=0 TOTAL=4
[2026-04-16T03:40:05.337+0000] {subprocess.py:97} INFO - Command exited with return code 0
[2026-04-16T03:40:05.338+0000] {taskinstance.py:441} INFO - ::group::Post task execution logs
[2026-04-16T03:40:05.362+0000] {taskinstance.py:1205} INFO - Marking task as SUCCESS. dag_id=elt_pipeline_snowflake, task_id=dbt_run, execution_date=20260415T000000, start_date=20260416T033947, end_date=20260416T034005
[2026-04-16T03:40:05.418+0000] {local_task_job_runner.py:240} INFO - Task exited with return code 0
[2026-04-16T03:40:05.444+0000] {taskinstance.py:3482} INFO - 1 downstream tasks scheduled from follow-on schedule check
[2026-04-16T03:40:05.450+0000] {local_task_job_runner.py:222} INFO - ::endgroup::
